[ 2017-01-13T11:07:46+08:00 ] 127.0.0.1 /dsd/tp3/discuz.php/More/Index/full.html?title=dd
INFO: [ app_init ] --START--
INFO: Run Behavior\BuildLiteBehavior [ RunTime:0.000000s ]
INFO: [ app_init ] --END-- [ RunTime:0.000000s ]
INFO: [ app_begin ] --START--
INFO: Run Behavior\ReadHtmlCacheBehavior [ RunTime:0.000000s ]
INFO: [ app_begin ] --END-- [ RunTime:0.000000s ]
SQL: SHOW COLUMNS FROM `bk_discuz_post` [ RunTime:0.0030s ]
SQL: SELECT COUNT(*) AS tp_count FROM bk_discuz_post p WHERE p.is_show = 1 AND p.title LIKE '%dd%' LIMIT 1   [ RunTime:0.0000s ]
SQL: SELECT p.*,g.name,u.name as user_name FROM bk_discuz_post p left join bk_discuz_group g on p.topic_id=g.group_id left join bk_user u on p.user_id=u.user_id  WHERE p.is_show = 1 AND p.title LIKE '%dd%' ORDER BY p.addtime desc LIMIT 0,10   [ RunTime:0.0010s ]
INFO: [ view_parse ] --START--
INFO: [ template_filter ] --START--
INFO: Run Behavior\ContentReplaceBehavior [ RunTime:0.001000s ]
INFO: [ template_filter ] --END-- [ RunTime:0.001000s ]
INFO: Run Behavior\ParseTemplateBehavior [ RunTime:0.004000s ]
INFO: [ view_parse ] --END-- [ RunTime:0.004000s ]
INFO: [ view_filter ] --START--
INFO: Run Behavior\WriteHtmlCacheBehavior [ RunTime:0.001000s ]
INFO: [ view_filter ] --END-- [ RunTime:0.001000s ]
INFO: [ app_end ] --START--
INFO: Run Behavior\ShowPageTraceBehavior [ RunTime:0.000000s ]
INFO: [ app_end ] --END-- [ RunTime:0.000000s ]

[ 2017-01-13T11:08:33+08:00 ] 127.0.0.1 /dsd/tp3/discuz.php/More/Index/full.html?title=dds
INFO: [ app_init ] --START--
INFO: Run Behavior\BuildLiteBehavior [ RunTime:0.000000s ]
INFO: [ app_init ] --END-- [ RunTime:0.000000s ]
INFO: [ app_begin ] --START--
INFO: Run Behavior\ReadHtmlCacheBehavior [ RunTime:0.000000s ]
INFO: [ app_begin ] --END-- [ RunTime:0.000000s ]
SQL: SHOW COLUMNS FROM `bk_discuz_post` [ RunTime:0.0020s ]
SQL: SELECT COUNT(*) AS tp_count FROM bk_discuz_post p WHERE p.is_show = 1 AND p.title LIKE '%dds%' LIMIT 1   [ RunTime:0.0000s ]
SQL: SELECT p.*,g.name,u.name as user_name FROM bk_discuz_post p left join bk_discuz_group g on p.topic_id=g.group_id left join bk_user u on p.user_id=u.user_id  WHERE p.is_show = 1 AND p.title LIKE '%dds%' ORDER BY p.addtime desc LIMIT 0,10   [ RunTime:0.0000s ]
INFO: [ view_parse ] --START--
INFO: [ template_filter ] --START--
INFO: Run Behavior\ContentReplaceBehavior [ RunTime:0.000000s ]
INFO: [ template_filter ] --END-- [ RunTime:0.000000s ]
INFO: Run Behavior\ParseTemplateBehavior [ RunTime:0.004000s ]
INFO: [ view_parse ] --END-- [ RunTime:0.004000s ]
INFO: [ view_filter ] --START--
INFO: Run Behavior\WriteHtmlCacheBehavior [ RunTime:0.000000s ]
INFO: [ view_filter ] --END-- [ RunTime:0.000000s ]
INFO: [ app_end ] --START--
INFO: Run Behavior\ShowPageTraceBehavior [ RunTime:0.000000s ]
INFO: [ app_end ] --END-- [ RunTime:0.000000s ]

