[ 2017-06-13T00:14:20+08:00 ] 101.37.16.253 /
INFO: [ app_init ] --START--
INFO: Run Behavior\BuildLiteBehavior [ RunTime:0.000014s ]
INFO: [ app_init ] --END-- [ RunTime:0.000291s ]
INFO: [ app_begin ] --START--
INFO: Run Behavior\ReadHtmlCacheBehavior [ RunTime:0.000441s ]
INFO: [ app_begin ] --END-- [ RunTime:0.000492s ]
SQL: SHOW COLUMNS FROM `bk_category` [ RunTime:0.0247s ]
SQL: SELECT * FROM `bk_category` WHERE `parent_id` = 0 AND `is_show` = 1 ORDER BY `addtime` desc  [ RunTime:0.0245s ]
SQL: SHOW COLUMNS FROM `bk_banner` [ RunTime:0.0246s ]
SQL: SELECT * FROM `bk_banner` WHERE `show_addr` = 'index' AND `is_show` = 1 ORDER BY `addtime` desc  [ RunTime:0.0246s ]
SQL: SHOW COLUMNS FROM `bk_article_recommend` [ RunTime:0.0250s ]
SQL: SELECT b.art_id,a.title,a.cate_id,a.introduction,a.discuss_total,a.approve_total,i.image_url,FROM_UNIXTIME(b.addtime,'%Y-%m-%d') as addtime FROM bk_article_recommend b left join bk_article a on b.art_id= a.art_id left join bk_article_images i on b.art_id= i.art_id  WHERE a.is_show = 1 AND b.is_rec = 1 ORDER BY b.sort desc LIMIT 0,10   [ RunTime:0.0253s ]
SQL: SELECT b.art_id,b.title FROM bk_article_recommend b WHERE b.is_rec = 1 ORDER BY b.sort desc LIMIT 0,10   [ RunTime:0.0246s ]
SQL: SHOW COLUMNS FROM `bk_article_hot` [ RunTime:0.0248s ]
SQL: SELECT b.cate_id,b.art_id,b.cate_name,b.title FROM bk_article_hot b ORDER BY b.hot desc LIMIT 0,10   [ RunTime:0.0246s ]
NOTIC: [2] file_get_contents(jsapi_ticket.php): failed to open stream: No such file or directory /web/www/blog/tp3/Application/Home/Util/jssdk/jssdk.php 第 105 行.
NOTIC: [8] Trying to get property of non-object /web/www/blog/tp3/Application/Home/Util/jssdk/jssdk.php 第 49 行.
NOTIC: [2] file_get_contents(access_token.php): failed to open stream: No such file or directory /web/www/blog/tp3/Application/Home/Util/jssdk/jssdk.php 第 105 行.
NOTIC: [8] Trying to get property of non-object /web/www/blog/tp3/Application/Home/Util/jssdk/jssdk.php 第 71 行.
NOTIC: [8] curl_setopt(): CURLOPT_SSL_VERIFYHOST with value 1 is deprecated and will be removed as of libcurl 7.28.1. It is recommended to use value 2 instead /web/www/blog/tp3/Application/Home/Util/jssdk/jssdk.php 第 95 行.
NOTIC: [2] Creating default object from empty value /web/www/blog/tp3/Application/Home/Util/jssdk/jssdk.php 第 78 行.
NOTIC: [2] fopen(access_token.php): failed to open stream: Permission denied /web/www/blog/tp3/Application/Home/Util/jssdk/jssdk.php 第 108 行.
NOTIC: [2] fwrite() expects parameter 1 to be resource, boolean given /web/www/blog/tp3/Application/Home/Util/jssdk/jssdk.php 第 109 行.
NOTIC: [2] fclose() expects parameter 1 to be resource, boolean given /web/www/blog/tp3/Application/Home/Util/jssdk/jssdk.php 第 110 行.
NOTIC: [8] curl_setopt(): CURLOPT_SSL_VERIFYHOST with value 1 is deprecated and will be removed as of libcurl 7.28.1. It is recommended to use value 2 instead /web/www/blog/tp3/Application/Home/Util/jssdk/jssdk.php 第 95 行.
NOTIC: [2] Creating default object from empty value /web/www/blog/tp3/Application/Home/Util/jssdk/jssdk.php 第 57 行.
NOTIC: [2] fopen(jsapi_ticket.php): failed to open stream: Permission denied /web/www/blog/tp3/Application/Home/Util/jssdk/jssdk.php 第 108 行.
NOTIC: [2] fwrite() expects parameter 1 to be resource, boolean given /web/www/blog/tp3/Application/Home/Util/jssdk/jssdk.php 第 109 行.
NOTIC: [2] fclose() expects parameter 1 to be resource, boolean given /web/www/blog/tp3/Application/Home/Util/jssdk/jssdk.php 第 110 行.
NOTIC: [8] Undefined index: HTTP_HOST /web/www/blog/tp3/Application/Home/Util/jssdk/jssdk.php 第 16 行.
SQL: SHOW COLUMNS FROM `bk_discuss` [ RunTime:0.0248s ]
SQL: SELECT b.id,b.art_id,b.art_title,b.parent_id,b.grade,b.content,b.user_id,b.addtime,u.name,u.avatar FROM bk_discuss b left join bk_user u on b.user_id=u.user_id  WHERE b.is_show = 1 AND `parent_id` = 0 ORDER BY b.addtime desc LIMIT 0,5   [ RunTime:0.0245s ]
INFO: [ view_parse ] --START--
INFO: [ template_filter ] --START--
INFO: Run Behavior\ContentReplaceBehavior [ RunTime:0.020176s ]
INFO: [ template_filter ] --END-- [ RunTime:0.020274s ]
NOTIC: [8] Undefined index: userInfo /web/www/blog/tp3/Application/Runtime/Cache/Home/b096bd20c19239b82739cab90f0b6b59.php 第 34 行.
NOTIC: [8] Undefined index: userInfo /web/www/blog/tp3/Application/Runtime/Cache/Home/b096bd20c19239b82739cab90f0b6b59.php 第 198 行.
INFO: Run Behavior\ParseTemplateBehavior [ RunTime:0.192616s ]
INFO: [ view_parse ] --END-- [ RunTime:0.192656s ]
INFO: [ view_filter ] --START--
INFO: Run Behavior\WriteHtmlCacheBehavior [ RunTime:0.020331s ]
INFO: [ view_filter ] --END-- [ RunTime:0.020389s ]
INFO: [ app_end ] --START--
INFO: Run Behavior\ShowPageTraceBehavior [ RunTime:0.000533s ]
INFO: [ app_end ] --END-- [ RunTime:0.000585s ]

[ 2017-06-13T00:15:11+08:00 ] 202.108.211.56 /
INFO: [ app_init ] --START--
INFO: Run Behavior\BuildLiteBehavior [ RunTime:0.000014s ]
INFO: [ app_init ] --END-- [ RunTime:0.023386s ]
INFO: [ app_begin ] --START--
INFO: Run Behavior\ReadHtmlCacheBehavior [ RunTime:0.020496s ]
INFO: [ app_begin ] --END-- [ RunTime:0.020559s ]
SQL: SHOW COLUMNS FROM `bk_category` [ RunTime:0.0266s ]
SQL: SELECT * FROM `bk_category` WHERE `parent_id` = 0 AND `is_show` = 1 ORDER BY `addtime` desc  [ RunTime:0.0259s ]
SQL: SHOW COLUMNS FROM `bk_banner` [ RunTime:0.0261s ]
SQL: SELECT * FROM `bk_banner` WHERE `show_addr` = 'index' AND `is_show` = 1 ORDER BY `addtime` desc  [ RunTime:0.0259s ]
SQL: SHOW COLUMNS FROM `bk_article_recommend` [ RunTime:0.0261s ]
SQL: SELECT b.art_id,a.title,a.cate_id,a.introduction,a.discuss_total,a.approve_total,i.image_url,FROM_UNIXTIME(b.addtime,'%Y-%m-%d') as addtime FROM bk_article_recommend b left join bk_article a on b.art_id= a.art_id left join bk_article_images i on b.art_id= i.art_id  WHERE a.is_show = 1 AND b.is_rec = 1 ORDER BY b.sort desc LIMIT 0,10   [ RunTime:0.0262s ]
SQL: SELECT b.art_id,b.title FROM bk_article_recommend b WHERE b.is_rec = 1 ORDER BY b.sort desc LIMIT 0,10   [ RunTime:0.0259s ]
SQL: SHOW COLUMNS FROM `bk_article_hot` [ RunTime:0.0263s ]
SQL: SELECT b.cate_id,b.art_id,b.cate_name,b.title FROM bk_article_hot b ORDER BY b.hot desc LIMIT 0,10   [ RunTime:0.0260s ]
NOTIC: [2] file_get_contents(jsapi_ticket.php): failed to open stream: No such file or directory /web/www/blog/tp3/Application/Home/Util/jssdk/jssdk.php 第 105 行.
NOTIC: [8] Trying to get property of non-object /web/www/blog/tp3/Application/Home/Util/jssdk/jssdk.php 第 49 行.
NOTIC: [2] file_get_contents(access_token.php): failed to open stream: No such file or directory /web/www/blog/tp3/Application/Home/Util/jssdk/jssdk.php 第 105 行.
NOTIC: [8] Trying to get property of non-object /web/www/blog/tp3/Application/Home/Util/jssdk/jssdk.php 第 71 行.
NOTIC: [8] curl_setopt(): CURLOPT_SSL_VERIFYHOST with value 1 is deprecated and will be removed as of libcurl 7.28.1. It is recommended to use value 2 instead /web/www/blog/tp3/Application/Home/Util/jssdk/jssdk.php 第 95 行.
NOTIC: [2] Creating default object from empty value /web/www/blog/tp3/Application/Home/Util/jssdk/jssdk.php 第 78 行.
NOTIC: [2] fopen(access_token.php): failed to open stream: Permission denied /web/www/blog/tp3/Application/Home/Util/jssdk/jssdk.php 第 108 行.
NOTIC: [2] fwrite() expects parameter 1 to be resource, boolean given /web/www/blog/tp3/Application/Home/Util/jssdk/jssdk.php 第 109 行.
NOTIC: [2] fclose() expects parameter 1 to be resource, boolean given /web/www/blog/tp3/Application/Home/Util/jssdk/jssdk.php 第 110 行.
NOTIC: [8] curl_setopt(): CURLOPT_SSL_VERIFYHOST with value 1 is deprecated and will be removed as of libcurl 7.28.1. It is recommended to use value 2 instead /web/www/blog/tp3/Application/Home/Util/jssdk/jssdk.php 第 95 行.
NOTIC: [2] Creating default object from empty value /web/www/blog/tp3/Application/Home/Util/jssdk/jssdk.php 第 57 行.
NOTIC: [2] fopen(jsapi_ticket.php): failed to open stream: Permission denied /web/www/blog/tp3/Application/Home/Util/jssdk/jssdk.php 第 108 行.
NOTIC: [2] fwrite() expects parameter 1 to be resource, boolean given /web/www/blog/tp3/Application/Home/Util/jssdk/jssdk.php 第 109 行.
NOTIC: [2] fclose() expects parameter 1 to be resource, boolean given /web/www/blog/tp3/Application/Home/Util/jssdk/jssdk.php 第 110 行.
SQL: SHOW COLUMNS FROM `bk_discuss` [ RunTime:0.0263s ]
SQL: SELECT b.id,b.art_id,b.art_title,b.parent_id,b.grade,b.content,b.user_id,b.addtime,u.name,u.avatar FROM bk_discuss b left join bk_user u on b.user_id=u.user_id  WHERE b.is_show = 1 AND `parent_id` = 0 ORDER BY b.addtime desc LIMIT 0,5   [ RunTime:0.0261s ]
INFO: [ view_parse ] --START--
INFO: [ template_filter ] --START--
INFO: Run Behavior\ContentReplaceBehavior [ RunTime:0.000111s ]
INFO: [ template_filter ] --END-- [ RunTime:0.000165s ]
NOTIC: [8] Undefined index: userInfo /web/www/blog/tp3/Application/Runtime/Cache/Home/b096bd20c19239b82739cab90f0b6b59.php 第 34 行.
NOTIC: [8] Undefined index: userInfo /web/www/blog/tp3/Application/Runtime/Cache/Home/b096bd20c19239b82739cab90f0b6b59.php 第 198 行.
INFO: Run Behavior\ParseTemplateBehavior [ RunTime:0.235824s ]
INFO: [ view_parse ] --END-- [ RunTime:0.235901s ]
INFO: [ view_filter ] --START--
INFO: Run Behavior\WriteHtmlCacheBehavior [ RunTime:0.000238s ]
INFO: [ view_filter ] --END-- [ RunTime:0.000262s ]
INFO: [ app_end ] --START--
INFO: Run Behavior\ShowPageTraceBehavior [ RunTime:0.000507s ]
INFO: [ app_end ] --END-- [ RunTime:0.000572s ]

[ 2017-06-13T15:55:07+08:00 ] 202.108.211.56 /
INFO: [ app_init ] --START--
INFO: Run Behavior\BuildLiteBehavior [ RunTime:0.000014s ]
INFO: [ app_init ] --END-- [ RunTime:0.000367s ]
INFO: [ app_begin ] --START--
INFO: Run Behavior\ReadHtmlCacheBehavior [ RunTime:0.023532s ]
INFO: [ app_begin ] --END-- [ RunTime:0.023588s ]
SQL: SHOW COLUMNS FROM `bk_category` [ RunTime:0.0279s ]
SQL: SELECT * FROM `bk_category` WHERE `parent_id` = 0 AND `is_show` = 1 ORDER BY `addtime` desc  [ RunTime:0.0260s ]
SQL: SHOW COLUMNS FROM `bk_banner` [ RunTime:0.0273s ]
SQL: SELECT * FROM `bk_banner` WHERE `show_addr` = 'index' AND `is_show` = 1 ORDER BY `addtime` desc  [ RunTime:0.0259s ]
SQL: SHOW COLUMNS FROM `bk_article_recommend` [ RunTime:0.0275s ]
SQL: SELECT b.art_id,a.title,a.cate_id,a.introduction,a.discuss_total,a.approve_total,i.image_url,FROM_UNIXTIME(b.addtime,'%Y-%m-%d') as addtime FROM bk_article_recommend b left join bk_article a on b.art_id= a.art_id left join bk_article_images i on b.art_id= i.art_id  WHERE a.is_show = 1 AND b.is_rec = 1 ORDER BY b.sort desc LIMIT 0,10   [ RunTime:0.0278s ]
SQL: SELECT b.art_id,b.title FROM bk_article_recommend b WHERE b.is_rec = 1 ORDER BY b.sort desc LIMIT 0,10   [ RunTime:0.0257s ]
SQL: SHOW COLUMNS FROM `bk_article_hot` [ RunTime:0.0273s ]
SQL: SELECT b.cate_id,b.art_id,b.cate_name,b.title FROM bk_article_hot b ORDER BY b.hot desc LIMIT 0,10   [ RunTime:0.0257s ]
NOTIC: [2] file_get_contents(jsapi_ticket.php): failed to open stream: No such file or directory /web/www/blog/tp3/Application/Home/Util/jssdk/jssdk.php 第 105 行.
NOTIC: [8] Trying to get property of non-object /web/www/blog/tp3/Application/Home/Util/jssdk/jssdk.php 第 49 行.
NOTIC: [2] file_get_contents(access_token.php): failed to open stream: No such file or directory /web/www/blog/tp3/Application/Home/Util/jssdk/jssdk.php 第 105 行.
NOTIC: [8] Trying to get property of non-object /web/www/blog/tp3/Application/Home/Util/jssdk/jssdk.php 第 71 行.
NOTIC: [8] curl_setopt(): CURLOPT_SSL_VERIFYHOST with value 1 is deprecated and will be removed as of libcurl 7.28.1. It is recommended to use value 2 instead /web/www/blog/tp3/Application/Home/Util/jssdk/jssdk.php 第 95 行.
NOTIC: [2] Creating default object from empty value /web/www/blog/tp3/Application/Home/Util/jssdk/jssdk.php 第 78 行.
NOTIC: [2] fopen(access_token.php): failed to open stream: Permission denied /web/www/blog/tp3/Application/Home/Util/jssdk/jssdk.php 第 108 行.
NOTIC: [2] fwrite() expects parameter 1 to be resource, boolean given /web/www/blog/tp3/Application/Home/Util/jssdk/jssdk.php 第 109 行.
NOTIC: [2] fclose() expects parameter 1 to be resource, boolean given /web/www/blog/tp3/Application/Home/Util/jssdk/jssdk.php 第 110 行.
NOTIC: [8] curl_setopt(): CURLOPT_SSL_VERIFYHOST with value 1 is deprecated and will be removed as of libcurl 7.28.1. It is recommended to use value 2 instead /web/www/blog/tp3/Application/Home/Util/jssdk/jssdk.php 第 95 行.
NOTIC: [2] Creating default object from empty value /web/www/blog/tp3/Application/Home/Util/jssdk/jssdk.php 第 57 行.
NOTIC: [2] fopen(jsapi_ticket.php): failed to open stream: Permission denied /web/www/blog/tp3/Application/Home/Util/jssdk/jssdk.php 第 108 行.
NOTIC: [2] fwrite() expects parameter 1 to be resource, boolean given /web/www/blog/tp3/Application/Home/Util/jssdk/jssdk.php 第 109 行.
NOTIC: [2] fclose() expects parameter 1 to be resource, boolean given /web/www/blog/tp3/Application/Home/Util/jssdk/jssdk.php 第 110 行.
SQL: SHOW COLUMNS FROM `bk_discuss` [ RunTime:0.0271s ]
SQL: SELECT b.id,b.art_id,b.art_title,b.parent_id,b.grade,b.content,b.user_id,b.addtime,u.name,u.avatar FROM bk_discuss b left join bk_user u on b.user_id=u.user_id  WHERE b.is_show = 1 AND `parent_id` = 0 ORDER BY b.addtime desc LIMIT 0,5   [ RunTime:0.0279s ]
INFO: [ view_parse ] --START--
INFO: [ template_filter ] --START--
INFO: Run Behavior\ContentReplaceBehavior [ RunTime:0.000111s ]
INFO: [ template_filter ] --END-- [ RunTime:0.000164s ]
NOTIC: [8] Undefined index: userInfo /web/www/blog/tp3/Application/Runtime/Cache/Home/b096bd20c19239b82739cab90f0b6b59.php 第 34 行.
NOTIC: [8] Undefined index: userInfo /web/www/blog/tp3/Application/Runtime/Cache/Home/b096bd20c19239b82739cab90f0b6b59.php 第 198 行.
INFO: Run Behavior\ParseTemplateBehavior [ RunTime:0.221769s ]
INFO: [ view_parse ] --END-- [ RunTime:0.221809s ]
INFO: [ view_filter ] --START--
INFO: Run Behavior\WriteHtmlCacheBehavior [ RunTime:0.023324s ]
INFO: [ view_filter ] --END-- [ RunTime:0.023385s ]
INFO: [ app_end ] --START--
INFO: Run Behavior\ShowPageTraceBehavior [ RunTime:0.000594s ]
INFO: [ app_end ] --END-- [ RunTime:0.000648s ]

[ 2017-06-13T19:59:57+08:00 ] 42.199.36.179 /
INFO: [ app_init ] --START--
INFO: Run Behavior\BuildLiteBehavior [ RunTime:0.000018s ]
INFO: [ app_init ] --END-- [ RunTime:0.000401s ]
INFO: [ app_begin ] --START--
INFO: Run Behavior\ReadHtmlCacheBehavior [ RunTime:0.023509s ]
INFO: [ app_begin ] --END-- [ RunTime:0.023566s ]
SQL: SHOW COLUMNS FROM `bk_category` [ RunTime:0.0252s ]
SQL: SELECT * FROM `bk_category` WHERE `parent_id` = 0 AND `is_show` = 1 ORDER BY `addtime` desc  [ RunTime:0.0252s ]
SQL: SHOW COLUMNS FROM `bk_banner` [ RunTime:0.0252s ]
SQL: SELECT * FROM `bk_banner` WHERE `show_addr` = 'index' AND `is_show` = 1 ORDER BY `addtime` desc  [ RunTime:0.0250s ]
SQL: SHOW COLUMNS FROM `bk_article_recommend` [ RunTime:0.0255s ]
SQL: SELECT b.art_id,a.title,a.cate_id,a.introduction,a.discuss_total,a.approve_total,i.image_url,FROM_UNIXTIME(b.addtime,'%Y-%m-%d') as addtime FROM bk_article_recommend b left join bk_article a on b.art_id= a.art_id left join bk_article_images i on b.art_id= i.art_id  WHERE a.is_show = 1 AND b.is_rec = 1 ORDER BY b.sort desc LIMIT 0,10   [ RunTime:0.0255s ]
SQL: SELECT b.art_id,b.title FROM bk_article_recommend b WHERE b.is_rec = 1 ORDER BY b.sort desc LIMIT 0,10   [ RunTime:0.0250s ]
SQL: SHOW COLUMNS FROM `bk_article_hot` [ RunTime:0.0252s ]
SQL: SELECT b.cate_id,b.art_id,b.cate_name,b.title FROM bk_article_hot b ORDER BY b.hot desc LIMIT 0,10   [ RunTime:0.0249s ]
NOTIC: [2] file_get_contents(jsapi_ticket.php): failed to open stream: No such file or directory /web/www/blog/tp3/Application/Home/Util/jssdk/jssdk.php 第 105 行.
NOTIC: [8] Trying to get property of non-object /web/www/blog/tp3/Application/Home/Util/jssdk/jssdk.php 第 49 行.
NOTIC: [2] file_get_contents(access_token.php): failed to open stream: No such file or directory /web/www/blog/tp3/Application/Home/Util/jssdk/jssdk.php 第 105 行.
NOTIC: [8] Trying to get property of non-object /web/www/blog/tp3/Application/Home/Util/jssdk/jssdk.php 第 71 行.
NOTIC: [8] curl_setopt(): CURLOPT_SSL_VERIFYHOST with value 1 is deprecated and will be removed as of libcurl 7.28.1. It is recommended to use value 2 instead /web/www/blog/tp3/Application/Home/Util/jssdk/jssdk.php 第 95 行.
NOTIC: [2] Creating default object from empty value /web/www/blog/tp3/Application/Home/Util/jssdk/jssdk.php 第 78 行.
NOTIC: [2] fopen(access_token.php): failed to open stream: Permission denied /web/www/blog/tp3/Application/Home/Util/jssdk/jssdk.php 第 108 行.
NOTIC: [2] fwrite() expects parameter 1 to be resource, boolean given /web/www/blog/tp3/Application/Home/Util/jssdk/jssdk.php 第 109 行.
NOTIC: [2] fclose() expects parameter 1 to be resource, boolean given /web/www/blog/tp3/Application/Home/Util/jssdk/jssdk.php 第 110 行.
NOTIC: [8] curl_setopt(): CURLOPT_SSL_VERIFYHOST with value 1 is deprecated and will be removed as of libcurl 7.28.1. It is recommended to use value 2 instead /web/www/blog/tp3/Application/Home/Util/jssdk/jssdk.php 第 95 行.
NOTIC: [2] Creating default object from empty value /web/www/blog/tp3/Application/Home/Util/jssdk/jssdk.php 第 57 行.
NOTIC: [2] fopen(jsapi_ticket.php): failed to open stream: Permission denied /web/www/blog/tp3/Application/Home/Util/jssdk/jssdk.php 第 108 行.
NOTIC: [2] fwrite() expects parameter 1 to be resource, boolean given /web/www/blog/tp3/Application/Home/Util/jssdk/jssdk.php 第 109 行.
NOTIC: [2] fclose() expects parameter 1 to be resource, boolean given /web/www/blog/tp3/Application/Home/Util/jssdk/jssdk.php 第 110 行.
SQL: SHOW COLUMNS FROM `bk_discuss` [ RunTime:0.0255s ]
SQL: SELECT b.id,b.art_id,b.art_title,b.parent_id,b.grade,b.content,b.user_id,b.addtime,u.name,u.avatar FROM bk_discuss b left join bk_user u on b.user_id=u.user_id  WHERE b.is_show = 1 AND `parent_id` = 0 ORDER BY b.addtime desc LIMIT 0,5   [ RunTime:0.0253s ]
INFO: [ view_parse ] --START--
INFO: [ template_filter ] --START--
INFO: Run Behavior\ContentReplaceBehavior [ RunTime:0.000135s ]
INFO: [ template_filter ] --END-- [ RunTime:0.000221s ]
NOTIC: [8] Undefined index: userInfo /web/www/blog/tp3/Application/Runtime/Cache/Home/b096bd20c19239b82739cab90f0b6b59.php 第 34 行.
NOTIC: [8] Undefined index: userInfo /web/www/blog/tp3/Application/Runtime/Cache/Home/b096bd20c19239b82739cab90f0b6b59.php 第 198 行.
INFO: Run Behavior\ParseTemplateBehavior [ RunTime:0.252107s ]
INFO: [ view_parse ] --END-- [ RunTime:0.252156s ]
INFO: [ view_filter ] --START--
INFO: Run Behavior\WriteHtmlCacheBehavior [ RunTime:0.027347s ]
INFO: [ view_filter ] --END-- [ RunTime:0.027410s ]

[ 2017-06-13T20:26:44+08:00 ] 93.158.152.12 /robots.txt
INFO: [ app_init ] --START--
INFO: Run Behavior\BuildLiteBehavior [ RunTime:0.000016s ]
INFO: [ app_init ] --END-- [ RunTime:0.000361s ]
INFO: [ app_begin ] --START--
INFO: Run Behavior\ReadHtmlCacheBehavior [ RunTime:0.000507s ]
INFO: [ app_begin ] --END-- [ RunTime:0.000570s ]
ERR: 无法加载控制器:Robots.txt

[ 2017-06-13T20:26:47+08:00 ] 93.158.152.12 /favicon.ico
INFO: [ app_init ] --START--
INFO: Run Behavior\BuildLiteBehavior [ RunTime:0.000022s ]
INFO: [ app_init ] --END-- [ RunTime:0.021476s ]

