[ 2017-04-10T16:58:12+08:00 ] 223.255.145.158 /login/login.action
INFO: [ app_init ] --START--
INFO: Run Behavior\BuildLiteBehavior [ RunTime:0.000035s ]
INFO: [ app_init ] --END-- [ RunTime:0.049585s ]
INFO: [ app_begin ] --START--
INFO: Run Behavior\ReadHtmlCacheBehavior [ RunTime:0.000556s ]
INFO: [ app_begin ] --END-- [ RunTime:0.042669s ]
SQL: SHOW COLUMNS FROM `bk_category` [ RunTime:0.0263s ]
SQL: SELECT * FROM `bk_category` WHERE `parent_id` = 0 AND `is_show` = 1 ORDER BY `addtime` desc  [ RunTime:0.0260s ]
SQL: SHOW COLUMNS FROM `bk_banner` [ RunTime:0.0262s ]
SQL: SELECT * FROM `bk_banner` WHERE `show_addr` = 'index' AND `is_show` = 1 ORDER BY `addtime` desc  [ RunTime:0.0259s ]
ERR: 非法操作:login.action

[ 2017-04-10T16:58:12+08:00 ] 223.255.145.158 /login/login.action
INFO: [ app_init ] --START--
INFO: Run Behavior\BuildLiteBehavior [ RunTime:0.000016s ]
INFO: [ app_init ] --END-- [ RunTime:0.000408s ]
INFO: [ app_begin ] --START--
INFO: Run Behavior\ReadHtmlCacheBehavior [ RunTime:0.050452s ]
INFO: [ app_begin ] --END-- [ RunTime:0.050496s ]
SQL: SHOW COLUMNS FROM `bk_category` [ RunTime:0.0249s ]
SQL: SELECT * FROM `bk_category` WHERE `parent_id` = 0 AND `is_show` = 1 ORDER BY `addtime` desc  [ RunTime:0.0247s ]
SQL: SHOW COLUMNS FROM `bk_banner` [ RunTime:0.0248s ]
SQL: SELECT * FROM `bk_banner` WHERE `show_addr` = 'index' AND `is_show` = 1 ORDER BY `addtime` desc  [ RunTime:0.0246s ]
ERR: 非法操作:login.action

[ 2017-04-10T16:58:14+08:00 ] 223.255.145.158 /
INFO: [ app_init ] --START--
INFO: Run Behavior\BuildLiteBehavior [ RunTime:0.000025s ]
INFO: [ app_init ] --END-- [ RunTime:0.058388s ]
INFO: [ app_begin ] --START--
INFO: Run Behavior\ReadHtmlCacheBehavior [ RunTime:0.000481s ]
INFO: [ app_begin ] --END-- [ RunTime:0.000510s ]
SQL: SHOW COLUMNS FROM `bk_category` [ RunTime:0.0244s ]
SQL: SELECT * FROM `bk_category` WHERE `parent_id` = 0 AND `is_show` = 1 ORDER BY `addtime` desc  [ RunTime:0.0241s ]
SQL: SHOW COLUMNS FROM `bk_banner` [ RunTime:0.0243s ]
SQL: SELECT * FROM `bk_banner` WHERE `show_addr` = 'index' AND `is_show` = 1 ORDER BY `addtime` desc  [ RunTime:0.0241s ]
SQL: SHOW COLUMNS FROM `bk_article_recommend` [ RunTime:0.0242s ]
SQL: SELECT b.art_id,a.title,a.cate_id,a.introduction,a.discuss_total,a.approve_total,i.image_url,FROM_UNIXTIME(b.addtime,'%Y-%m-%d') as addtime FROM bk_article_recommend b left join bk_article a on b.art_id= a.art_id left join bk_article_images i on b.art_id= i.art_id  WHERE a.is_show = 1 AND b.is_rec = 1 ORDER BY b.sort desc LIMIT 0,10   [ RunTime:0.0242s ]
SQL: SELECT b.art_id,b.title FROM bk_article_recommend b WHERE b.is_rec = 1 ORDER BY b.sort desc LIMIT 0,10   [ RunTime:0.0240s ]
SQL: SHOW COLUMNS FROM `bk_article_hot` [ RunTime:0.0240s ]
SQL: SELECT b.cate_id,b.art_id,b.cate_name,b.title FROM bk_article_hot b ORDER BY b.hot desc LIMIT 0,10   [ RunTime:0.0239s ]
NOTIC: [2] file_get_contents(jsapi_ticket.php): failed to open stream: No such file or directory /web/www/blog/tp3/Application/Home/Util/jssdk/jssdk.php 第 105 行.
NOTIC: [8] Trying to get property of non-object /web/www/blog/tp3/Application/Home/Util/jssdk/jssdk.php 第 49 行.
NOTIC: [2] file_get_contents(access_token.php): failed to open stream: No such file or directory /web/www/blog/tp3/Application/Home/Util/jssdk/jssdk.php 第 105 行.
NOTIC: [8] Trying to get property of non-object /web/www/blog/tp3/Application/Home/Util/jssdk/jssdk.php 第 71 行.
NOTIC: [8] curl_setopt(): CURLOPT_SSL_VERIFYHOST with value 1 is deprecated and will be removed as of libcurl 7.28.1. It is recommended to use value 2 instead /web/www/blog/tp3/Application/Home/Util/jssdk/jssdk.php 第 95 行.
NOTIC: [2] Creating default object from empty value /web/www/blog/tp3/Application/Home/Util/jssdk/jssdk.php 第 78 行.
NOTIC: [2] fopen(access_token.php): failed to open stream: Permission denied /web/www/blog/tp3/Application/Home/Util/jssdk/jssdk.php 第 108 行.
NOTIC: [2] fwrite() expects parameter 1 to be resource, boolean given /web/www/blog/tp3/Application/Home/Util/jssdk/jssdk.php 第 109 行.
NOTIC: [2] fclose() expects parameter 1 to be resource, boolean given /web/www/blog/tp3/Application/Home/Util/jssdk/jssdk.php 第 110 行.
NOTIC: [8] curl_setopt(): CURLOPT_SSL_VERIFYHOST with value 1 is deprecated and will be removed as of libcurl 7.28.1. It is recommended to use value 2 instead /web/www/blog/tp3/Application/Home/Util/jssdk/jssdk.php 第 95 行.
NOTIC: [2] Creating default object from empty value /web/www/blog/tp3/Application/Home/Util/jssdk/jssdk.php 第 57 行.
NOTIC: [2] fopen(jsapi_ticket.php): failed to open stream: Permission denied /web/www/blog/tp3/Application/Home/Util/jssdk/jssdk.php 第 108 行.
NOTIC: [2] fwrite() expects parameter 1 to be resource, boolean given /web/www/blog/tp3/Application/Home/Util/jssdk/jssdk.php 第 109 行.
NOTIC: [2] fclose() expects parameter 1 to be resource, boolean given /web/www/blog/tp3/Application/Home/Util/jssdk/jssdk.php 第 110 行.
SQL: SHOW COLUMNS FROM `bk_discuss` [ RunTime:0.0244s ]
SQL: SELECT b.id,b.art_id,b.art_title,b.parent_id,b.grade,b.content,b.user_id,b.addtime,u.name,u.avatar FROM bk_discuss b left join bk_user u on b.user_id=u.user_id  WHERE b.is_show = 1 AND `parent_id` = 0 ORDER BY b.addtime desc LIMIT 0,5   [ RunTime:0.0243s ]
INFO: [ view_parse ] --START--
INFO: [ template_filter ] --START--
INFO: Run Behavior\ContentReplaceBehavior [ RunTime:0.000111s ]
INFO: [ template_filter ] --END-- [ RunTime:0.000172s ]
NOTIC: [8] Undefined index: userInfo /web/www/blog/tp3/Application/Runtime/Cache/Home/b096bd20c19239b82739cab90f0b6b59.php 第 32 行.
NOTIC: [8] Undefined index: userInfo /web/www/blog/tp3/Application/Runtime/Cache/Home/b096bd20c19239b82739cab90f0b6b59.php 第 125 行.
INFO: Run Behavior\ParseTemplateBehavior [ RunTime:0.531963s ]
INFO: [ view_parse ] --END-- [ RunTime:0.532033s ]
INFO: [ view_filter ] --START--
INFO: Run Behavior\WriteHtmlCacheBehavior [ RunTime:0.000325s ]
INFO: [ view_filter ] --END-- [ RunTime:0.045431s ]

[ 2017-04-10T16:58:16+08:00 ] 223.255.145.158 /
INFO: [ app_init ] --START--
INFO: Run Behavior\BuildLiteBehavior [ RunTime:0.000018s ]
INFO: [ app_init ] --END-- [ RunTime:0.000309s ]
INFO: [ app_begin ] --START--
INFO: Run Behavior\ReadHtmlCacheBehavior [ RunTime:0.013616s ]
INFO: [ app_begin ] --END-- [ RunTime:0.013689s ]
SQL: SHOW COLUMNS FROM `bk_category` [ RunTime:0.0262s ]
SQL: SELECT * FROM `bk_category` WHERE `parent_id` = 0 AND `is_show` = 1 ORDER BY `addtime` desc  [ RunTime:0.0259s ]
SQL: SHOW COLUMNS FROM `bk_banner` [ RunTime:0.0269s ]
SQL: SELECT * FROM `bk_banner` WHERE `show_addr` = 'index' AND `is_show` = 1 ORDER BY `addtime` desc  [ RunTime:0.0261s ]
SQL: SHOW COLUMNS FROM `bk_article_recommend` [ RunTime:0.0263s ]
SQL: SELECT b.art_id,a.title,a.cate_id,a.introduction,a.discuss_total,a.approve_total,i.image_url,FROM_UNIXTIME(b.addtime,'%Y-%m-%d') as addtime FROM bk_article_recommend b left join bk_article a on b.art_id= a.art_id left join bk_article_images i on b.art_id= i.art_id  WHERE a.is_show = 1 AND b.is_rec = 1 ORDER BY b.sort desc LIMIT 0,10   [ RunTime:0.0262s ]
SQL: SELECT b.art_id,b.title FROM bk_article_recommend b WHERE b.is_rec = 1 ORDER BY b.sort desc LIMIT 0,10   [ RunTime:0.0258s ]
SQL: SHOW COLUMNS FROM `bk_article_hot` [ RunTime:0.0264s ]
SQL: SELECT b.cate_id,b.art_id,b.cate_name,b.title FROM bk_article_hot b ORDER BY b.hot desc LIMIT 0,10   [ RunTime:0.0259s ]
NOTIC: [2] file_get_contents(jsapi_ticket.php): failed to open stream: No such file or directory /web/www/blog/tp3/Application/Home/Util/jssdk/jssdk.php 第 105 行.
NOTIC: [8] Trying to get property of non-object /web/www/blog/tp3/Application/Home/Util/jssdk/jssdk.php 第 49 行.
NOTIC: [2] file_get_contents(access_token.php): failed to open stream: No such file or directory /web/www/blog/tp3/Application/Home/Util/jssdk/jssdk.php 第 105 行.
NOTIC: [8] Trying to get property of non-object /web/www/blog/tp3/Application/Home/Util/jssdk/jssdk.php 第 71 行.
NOTIC: [8] curl_setopt(): CURLOPT_SSL_VERIFYHOST with value 1 is deprecated and will be removed as of libcurl 7.28.1. It is recommended to use value 2 instead /web/www/blog/tp3/Application/Home/Util/jssdk/jssdk.php 第 95 行.
NOTIC: [2] Creating default object from empty value /web/www/blog/tp3/Application/Home/Util/jssdk/jssdk.php 第 78 行.
NOTIC: [2] fopen(access_token.php): failed to open stream: Permission denied /web/www/blog/tp3/Application/Home/Util/jssdk/jssdk.php 第 108 行.
NOTIC: [2] fwrite() expects parameter 1 to be resource, boolean given /web/www/blog/tp3/Application/Home/Util/jssdk/jssdk.php 第 109 行.
NOTIC: [2] fclose() expects parameter 1 to be resource, boolean given /web/www/blog/tp3/Application/Home/Util/jssdk/jssdk.php 第 110 行.
NOTIC: [8] curl_setopt(): CURLOPT_SSL_VERIFYHOST with value 1 is deprecated and will be removed as of libcurl 7.28.1. It is recommended to use value 2 instead /web/www/blog/tp3/Application/Home/Util/jssdk/jssdk.php 第 95 行.
NOTIC: [2] Creating default object from empty value /web/www/blog/tp3/Application/Home/Util/jssdk/jssdk.php 第 57 行.
NOTIC: [2] fopen(jsapi_ticket.php): failed to open stream: Permission denied /web/www/blog/tp3/Application/Home/Util/jssdk/jssdk.php 第 108 行.
NOTIC: [2] fwrite() expects parameter 1 to be resource, boolean given /web/www/blog/tp3/Application/Home/Util/jssdk/jssdk.php 第 109 行.
NOTIC: [2] fclose() expects parameter 1 to be resource, boolean given /web/www/blog/tp3/Application/Home/Util/jssdk/jssdk.php 第 110 行.
SQL: SHOW COLUMNS FROM `bk_discuss` [ RunTime:0.0265s ]
SQL: SELECT b.id,b.art_id,b.art_title,b.parent_id,b.grade,b.content,b.user_id,b.addtime,u.name,u.avatar FROM bk_discuss b left join bk_user u on b.user_id=u.user_id  WHERE b.is_show = 1 AND `parent_id` = 0 ORDER BY b.addtime desc LIMIT 0,5   [ RunTime:0.0263s ]
INFO: [ view_parse ] --START--
INFO: [ template_filter ] --START--
INFO: Run Behavior\ContentReplaceBehavior [ RunTime:0.000103s ]
INFO: [ template_filter ] --END-- [ RunTime:0.000168s ]
NOTIC: [8] Undefined index: userInfo /web/www/blog/tp3/Application/Runtime/Cache/Home/b096bd20c19239b82739cab90f0b6b59.php 第 32 行.
NOTIC: [8] Undefined index: userInfo /web/www/blog/tp3/Application/Runtime/Cache/Home/b096bd20c19239b82739cab90f0b6b59.php 第 125 行.
INFO: Run Behavior\ParseTemplateBehavior [ RunTime:0.473586s ]
INFO: [ view_parse ] --END-- [ RunTime:0.473627s ]
INFO: [ view_filter ] --START--
INFO: Run Behavior\WriteHtmlCacheBehavior [ RunTime:0.000230s ]
INFO: [ view_filter ] --END-- [ RunTime:0.000262s ]

[ 2017-04-10T17:12:37+08:00 ] 104.238.46.37 /
INFO: [ app_init ] --START--
INFO: Run Behavior\BuildLiteBehavior [ RunTime:0.000029s ]
INFO: [ app_init ] --END-- [ RunTime:0.026677s ]
INFO: [ app_begin ] --START--
INFO: Run Behavior\ReadHtmlCacheBehavior [ RunTime:0.000509s ]
INFO: [ app_begin ] --END-- [ RunTime:0.000566s ]
SQL: SHOW COLUMNS FROM `bk_category` [ RunTime:0.0262s ]
SQL: SELECT * FROM `bk_category` WHERE `parent_id` = 0 AND `is_show` = 1 ORDER BY `addtime` desc  [ RunTime:0.0260s ]
SQL: SHOW COLUMNS FROM `bk_banner` [ RunTime:0.0262s ]
SQL: SELECT * FROM `bk_banner` WHERE `show_addr` = 'index' AND `is_show` = 1 ORDER BY `addtime` desc  [ RunTime:0.0259s ]
SQL: SHOW COLUMNS FROM `bk_article_recommend` [ RunTime:0.0260s ]
SQL: SELECT b.art_id,a.title,a.cate_id,a.introduction,a.discuss_total,a.approve_total,i.image_url,FROM_UNIXTIME(b.addtime,'%Y-%m-%d') as addtime FROM bk_article_recommend b left join bk_article a on b.art_id= a.art_id left join bk_article_images i on b.art_id= i.art_id  WHERE a.is_show = 1 AND b.is_rec = 1 ORDER BY b.sort desc LIMIT 0,10   [ RunTime:0.0262s ]
SQL: SELECT b.art_id,b.title FROM bk_article_recommend b WHERE b.is_rec = 1 ORDER BY b.sort desc LIMIT 0,10   [ RunTime:0.0260s ]
SQL: SHOW COLUMNS FROM `bk_article_hot` [ RunTime:0.0263s ]
SQL: SELECT b.cate_id,b.art_id,b.cate_name,b.title FROM bk_article_hot b ORDER BY b.hot desc LIMIT 0,10   [ RunTime:0.0259s ]
NOTIC: [2] file_get_contents(jsapi_ticket.php): failed to open stream: No such file or directory /web/www/blog/tp3/Application/Home/Util/jssdk/jssdk.php 第 105 行.
NOTIC: [8] Trying to get property of non-object /web/www/blog/tp3/Application/Home/Util/jssdk/jssdk.php 第 49 行.
NOTIC: [2] file_get_contents(access_token.php): failed to open stream: No such file or directory /web/www/blog/tp3/Application/Home/Util/jssdk/jssdk.php 第 105 行.
NOTIC: [8] Trying to get property of non-object /web/www/blog/tp3/Application/Home/Util/jssdk/jssdk.php 第 71 行.
NOTIC: [8] curl_setopt(): CURLOPT_SSL_VERIFYHOST with value 1 is deprecated and will be removed as of libcurl 7.28.1. It is recommended to use value 2 instead /web/www/blog/tp3/Application/Home/Util/jssdk/jssdk.php 第 95 行.
NOTIC: [2] Creating default object from empty value /web/www/blog/tp3/Application/Home/Util/jssdk/jssdk.php 第 78 行.
NOTIC: [2] fopen(access_token.php): failed to open stream: Permission denied /web/www/blog/tp3/Application/Home/Util/jssdk/jssdk.php 第 108 行.
NOTIC: [2] fwrite() expects parameter 1 to be resource, boolean given /web/www/blog/tp3/Application/Home/Util/jssdk/jssdk.php 第 109 行.
NOTIC: [2] fclose() expects parameter 1 to be resource, boolean given /web/www/blog/tp3/Application/Home/Util/jssdk/jssdk.php 第 110 行.
NOTIC: [8] curl_setopt(): CURLOPT_SSL_VERIFYHOST with value 1 is deprecated and will be removed as of libcurl 7.28.1. It is recommended to use value 2 instead /web/www/blog/tp3/Application/Home/Util/jssdk/jssdk.php 第 95 行.
NOTIC: [2] Creating default object from empty value /web/www/blog/tp3/Application/Home/Util/jssdk/jssdk.php 第 57 行.
NOTIC: [2] fopen(jsapi_ticket.php): failed to open stream: Permission denied /web/www/blog/tp3/Application/Home/Util/jssdk/jssdk.php 第 108 行.
NOTIC: [2] fwrite() expects parameter 1 to be resource, boolean given /web/www/blog/tp3/Application/Home/Util/jssdk/jssdk.php 第 109 行.
NOTIC: [2] fclose() expects parameter 1 to be resource, boolean given /web/www/blog/tp3/Application/Home/Util/jssdk/jssdk.php 第 110 行.
SQL: SHOW COLUMNS FROM `bk_discuss` [ RunTime:0.0263s ]
SQL: SELECT b.id,b.art_id,b.art_title,b.parent_id,b.grade,b.content,b.user_id,b.addtime,u.name,u.avatar FROM bk_discuss b left join bk_user u on b.user_id=u.user_id  WHERE b.is_show = 1 AND `parent_id` = 0 ORDER BY b.addtime desc LIMIT 0,5   [ RunTime:0.0260s ]
INFO: [ view_parse ] --START--
INFO: [ template_filter ] --START--
INFO: Run Behavior\ContentReplaceBehavior [ RunTime:0.000119s ]
INFO: [ template_filter ] --END-- [ RunTime:0.000185s ]
NOTIC: [8] Undefined index: userInfo /web/www/blog/tp3/Application/Runtime/Cache/Home/b096bd20c19239b82739cab90f0b6b59.php 第 32 行.
NOTIC: [8] Undefined index: userInfo /web/www/blog/tp3/Application/Runtime/Cache/Home/b096bd20c19239b82739cab90f0b6b59.php 第 125 行.
INFO: Run Behavior\ParseTemplateBehavior [ RunTime:0.716826s ]
INFO: [ view_parse ] --END-- [ RunTime:0.716880s ]
INFO: [ view_filter ] --START--
INFO: Run Behavior\WriteHtmlCacheBehavior [ RunTime:0.000248s ]
INFO: [ view_filter ] --END-- [ RunTime:0.000271s ]

[ 2017-04-10T17:12:59+08:00 ] 104.238.46.37 /favicon.ico
INFO: [ app_init ] --START--
INFO: Run Behavior\BuildLiteBehavior [ RunTime:0.000023s ]
INFO: [ app_init ] --END-- [ RunTime:0.047952s ]

[ 2017-04-10T17:13:32+08:00 ] 104.238.46.37 /Public/admin/images/image1.gif
INFO: [ app_init ] --START--
INFO: Run Behavior\BuildLiteBehavior [ RunTime:0.000028s ]
INFO: [ app_init ] --END-- [ RunTime:0.046415s ]

[ 2017-04-10T17:13:32+08:00 ] 104.238.46.37 /Public/admin/images/image2.gif
INFO: [ app_init ] --START--
INFO: Run Behavior\BuildLiteBehavior [ RunTime:0.000021s ]
INFO: [ app_init ] --END-- [ RunTime:0.043461s ]

[ 2017-04-10T17:14:18+08:00 ] 104.238.46.37 /Public/admin/images/image2.gif
INFO: [ app_init ] --START--
INFO: Run Behavior\BuildLiteBehavior [ RunTime:0.000018s ]
INFO: [ app_init ] --END-- [ RunTime:0.000407s ]

[ 2017-04-10T17:14:18+08:00 ] 104.238.46.37 /Public/admin/images/image1.gif
INFO: [ app_init ] --START--
INFO: Run Behavior\BuildLiteBehavior [ RunTime:0.000015s ]
INFO: [ app_init ] --END-- [ RunTime:0.000313s ]

[ 2017-04-10T17:14:57+08:00 ] 104.236.91.224 /Public/admin/images/image2.gif
INFO: [ app_init ] --START--
INFO: Run Behavior\BuildLiteBehavior [ RunTime:0.000014s ]
INFO: [ app_init ] --END-- [ RunTime:0.000307s ]

[ 2017-04-10T17:14:57+08:00 ] 104.236.91.224 /Public/admin/images/image1.gif
INFO: [ app_init ] --START--
INFO: Run Behavior\BuildLiteBehavior [ RunTime:0.000016s ]
INFO: [ app_init ] --END-- [ RunTime:0.000497s ]

[ 2017-04-10T20:43:22+08:00 ] 93.158.152.12 /robots.txt
INFO: [ app_init ] --START--
INFO: Run Behavior\BuildLiteBehavior [ RunTime:0.000015s ]
INFO: [ app_init ] --END-- [ RunTime:0.000451s ]
INFO: [ app_begin ] --START--
INFO: Run Behavior\ReadHtmlCacheBehavior [ RunTime:0.045619s ]
INFO: [ app_begin ] --END-- [ RunTime:0.045693s ]
ERR: 无法加载控制器:Robots.txt

[ 2017-04-10T20:43:23+08:00 ] 93.158.152.12 /favicon.ico
INFO: [ app_init ] --START--
INFO: Run Behavior\BuildLiteBehavior [ RunTime:0.000013s ]
INFO: [ app_init ] --END-- [ RunTime:0.000337s ]

[ 2017-04-10T20:51:41+08:00 ] 183.232.227.249 /
INFO: [ app_init ] --START--
INFO: Run Behavior\BuildLiteBehavior [ RunTime:0.000030s ]
INFO: [ app_init ] --END-- [ RunTime:0.037609s ]
INFO: [ app_begin ] --START--
INFO: Run Behavior\ReadHtmlCacheBehavior [ RunTime:0.000382s ]
INFO: [ app_begin ] --END-- [ RunTime:0.000409s ]
SQL: SHOW COLUMNS FROM `bk_category` [ RunTime:0.0250s ]
SQL: SELECT * FROM `bk_category` WHERE `parent_id` = 0 AND `is_show` = 1 ORDER BY `addtime` desc  [ RunTime:0.0246s ]
SQL: SHOW COLUMNS FROM `bk_banner` [ RunTime:0.0248s ]
SQL: SELECT * FROM `bk_banner` WHERE `show_addr` = 'index' AND `is_show` = 1 ORDER BY `addtime` desc  [ RunTime:0.0245s ]
SQL: SHOW COLUMNS FROM `bk_article_recommend` [ RunTime:0.0245s ]
SQL: SELECT b.art_id,a.title,a.cate_id,a.introduction,a.discuss_total,a.approve_total,i.image_url,FROM_UNIXTIME(b.addtime,'%Y-%m-%d') as addtime FROM bk_article_recommend b left join bk_article a on b.art_id= a.art_id left join bk_article_images i on b.art_id= i.art_id  WHERE a.is_show = 1 AND b.is_rec = 1 ORDER BY b.sort desc LIMIT 0,10   [ RunTime:0.0247s ]
SQL: SELECT b.art_id,b.title FROM bk_article_recommend b WHERE b.is_rec = 1 ORDER BY b.sort desc LIMIT 0,10   [ RunTime:0.0243s ]
SQL: SHOW COLUMNS FROM `bk_article_hot` [ RunTime:0.0246s ]
SQL: SELECT b.cate_id,b.art_id,b.cate_name,b.title FROM bk_article_hot b ORDER BY b.hot desc LIMIT 0,10   [ RunTime:0.0242s ]
NOTIC: [2] file_get_contents(jsapi_ticket.php): failed to open stream: No such file or directory /web/www/blog/tp3/Application/Home/Util/jssdk/jssdk.php 第 105 行.
NOTIC: [8] Trying to get property of non-object /web/www/blog/tp3/Application/Home/Util/jssdk/jssdk.php 第 49 行.
NOTIC: [2] file_get_contents(access_token.php): failed to open stream: No such file or directory /web/www/blog/tp3/Application/Home/Util/jssdk/jssdk.php 第 105 行.
NOTIC: [8] Trying to get property of non-object /web/www/blog/tp3/Application/Home/Util/jssdk/jssdk.php 第 71 行.
NOTIC: [8] curl_setopt(): CURLOPT_SSL_VERIFYHOST with value 1 is deprecated and will be removed as of libcurl 7.28.1. It is recommended to use value 2 instead /web/www/blog/tp3/Application/Home/Util/jssdk/jssdk.php 第 95 行.
NOTIC: [2] Creating default object from empty value /web/www/blog/tp3/Application/Home/Util/jssdk/jssdk.php 第 78 行.
NOTIC: [2] fopen(access_token.php): failed to open stream: Permission denied /web/www/blog/tp3/Application/Home/Util/jssdk/jssdk.php 第 108 行.
NOTIC: [2] fwrite() expects parameter 1 to be resource, boolean given /web/www/blog/tp3/Application/Home/Util/jssdk/jssdk.php 第 109 行.
NOTIC: [2] fclose() expects parameter 1 to be resource, boolean given /web/www/blog/tp3/Application/Home/Util/jssdk/jssdk.php 第 110 行.
NOTIC: [8] curl_setopt(): CURLOPT_SSL_VERIFYHOST with value 1 is deprecated and will be removed as of libcurl 7.28.1. It is recommended to use value 2 instead /web/www/blog/tp3/Application/Home/Util/jssdk/jssdk.php 第 95 行.
NOTIC: [2] Creating default object from empty value /web/www/blog/tp3/Application/Home/Util/jssdk/jssdk.php 第 57 行.
NOTIC: [2] fopen(jsapi_ticket.php): failed to open stream: Permission denied /web/www/blog/tp3/Application/Home/Util/jssdk/jssdk.php 第 108 行.
NOTIC: [2] fwrite() expects parameter 1 to be resource, boolean given /web/www/blog/tp3/Application/Home/Util/jssdk/jssdk.php 第 109 行.
NOTIC: [2] fclose() expects parameter 1 to be resource, boolean given /web/www/blog/tp3/Application/Home/Util/jssdk/jssdk.php 第 110 行.
SQL: SHOW COLUMNS FROM `bk_discuss` [ RunTime:0.0246s ]
SQL: SELECT b.id,b.art_id,b.art_title,b.parent_id,b.grade,b.content,b.user_id,b.addtime,u.name,u.avatar FROM bk_discuss b left join bk_user u on b.user_id=u.user_id  WHERE b.is_show = 1 AND `parent_id` = 0 ORDER BY b.addtime desc LIMIT 0,5   [ RunTime:0.0244s ]
INFO: [ view_parse ] --START--
INFO: [ template_filter ] --START--
INFO: Run Behavior\ContentReplaceBehavior [ RunTime:0.000119s ]
INFO: [ template_filter ] --END-- [ RunTime:0.000199s ]
NOTIC: [8] Undefined index: userInfo /web/www/blog/tp3/Application/Runtime/Cache/Home/b096bd20c19239b82739cab90f0b6b59.php 第 32 行.
NOTIC: [8] Undefined index: userInfo /web/www/blog/tp3/Application/Runtime/Cache/Home/b096bd20c19239b82739cab90f0b6b59.php 第 125 行.
INFO: Run Behavior\ParseTemplateBehavior [ RunTime:0.673160s ]
INFO: [ view_parse ] --END-- [ RunTime:0.673210s ]
INFO: [ view_filter ] --START--
INFO: Run Behavior\WriteHtmlCacheBehavior [ RunTime:0.000247s ]
INFO: [ view_filter ] --END-- [ RunTime:0.000275s ]

