[ 2017-05-11T03:28:06+08:00 ] 94.177.226.137 /a2billing/common/javascript/misc.js
INFO: [ app_init ] --START--
INFO: Run Behavior\BuildLiteBehavior [ RunTime:0.000023s ]
INFO: [ app_init ] --END-- [ RunTime:0.025574s ]
INFO: [ app_begin ] --START--
INFO: Run Behavior\ReadHtmlCacheBehavior [ RunTime:0.019673s ]
INFO: [ app_begin ] --END-- [ RunTime:0.019736s ]
ERR: 无法加载控制器:A2billing

[ 2017-05-11T04:33:35+08:00 ] 185.40.4.109 /recordings/
INFO: [ app_init ] --START--
INFO: Run Behavior\BuildLiteBehavior [ RunTime:0.000021s ]
INFO: [ app_init ] --END-- [ RunTime:0.024514s ]
INFO: [ app_begin ] --START--
INFO: Run Behavior\ReadHtmlCacheBehavior [ RunTime:0.019648s ]
INFO: [ app_begin ] --END-- [ RunTime:0.019705s ]
ERR: 无法加载控制器:Recordings

[ 2017-05-11T08:48:12+08:00 ] 163.172.68.183 /a2billing/common/javascript/misc.js
INFO: [ app_init ] --START--
INFO: Run Behavior\BuildLiteBehavior [ RunTime:0.000014s ]
INFO: [ app_init ] --END-- [ RunTime:0.000321s ]
INFO: [ app_begin ] --START--
INFO: Run Behavior\ReadHtmlCacheBehavior [ RunTime:0.000398s ]
INFO: [ app_begin ] --END-- [ RunTime:0.000466s ]
ERR: 无法加载控制器:A2billing

[ 2017-05-11T15:20:06+08:00 ] 202.108.211.56 /
INFO: [ app_init ] --START--
INFO: Run Behavior\BuildLiteBehavior [ RunTime:0.000021s ]
INFO: [ app_init ] --END-- [ RunTime:0.024412s ]
INFO: [ app_begin ] --START--
INFO: Run Behavior\ReadHtmlCacheBehavior [ RunTime:0.019743s ]
INFO: [ app_begin ] --END-- [ RunTime:0.019816s ]
SQL: SHOW COLUMNS FROM `bk_category` [ RunTime:0.0442s ]
SQL: SELECT * FROM `bk_category` WHERE `parent_id` = 0 AND `is_show` = 1 ORDER BY `addtime` desc  [ RunTime:0.0282s ]
SQL: SHOW COLUMNS FROM `bk_banner` [ RunTime:0.0284s ]
SQL: SELECT * FROM `bk_banner` WHERE `show_addr` = 'index' AND `is_show` = 1 ORDER BY `addtime` desc  [ RunTime:0.0267s ]
SQL: SHOW COLUMNS FROM `bk_article_recommend` [ RunTime:0.0288s ]
SQL: SELECT b.art_id,a.title,a.cate_id,a.introduction,a.discuss_total,a.approve_total,i.image_url,FROM_UNIXTIME(b.addtime,'%Y-%m-%d') as addtime FROM bk_article_recommend b left join bk_article a on b.art_id= a.art_id left join bk_article_images i on b.art_id= i.art_id  WHERE a.is_show = 1 AND b.is_rec = 1 ORDER BY b.sort desc LIMIT 0,10   [ RunTime:0.0286s ]
SQL: SELECT b.art_id,b.title FROM bk_article_recommend b WHERE b.is_rec = 1 ORDER BY b.sort desc LIMIT 0,10   [ RunTime:0.0264s ]
SQL: SHOW COLUMNS FROM `bk_article_hot` [ RunTime:0.0277s ]
SQL: SELECT b.cate_id,b.art_id,b.cate_name,b.title FROM bk_article_hot b ORDER BY b.hot desc LIMIT 0,10   [ RunTime:0.0265s ]
NOTIC: [2] file_get_contents(jsapi_ticket.php): failed to open stream: No such file or directory /web/www/blog/tp3/Application/Home/Util/jssdk/jssdk.php 第 105 行.
NOTIC: [8] Trying to get property of non-object /web/www/blog/tp3/Application/Home/Util/jssdk/jssdk.php 第 49 行.
NOTIC: [2] file_get_contents(access_token.php): failed to open stream: No such file or directory /web/www/blog/tp3/Application/Home/Util/jssdk/jssdk.php 第 105 行.
NOTIC: [8] Trying to get property of non-object /web/www/blog/tp3/Application/Home/Util/jssdk/jssdk.php 第 71 行.
NOTIC: [8] curl_setopt(): CURLOPT_SSL_VERIFYHOST with value 1 is deprecated and will be removed as of libcurl 7.28.1. It is recommended to use value 2 instead /web/www/blog/tp3/Application/Home/Util/jssdk/jssdk.php 第 95 行.
NOTIC: [2] Creating default object from empty value /web/www/blog/tp3/Application/Home/Util/jssdk/jssdk.php 第 78 行.
NOTIC: [2] fopen(access_token.php): failed to open stream: Permission denied /web/www/blog/tp3/Application/Home/Util/jssdk/jssdk.php 第 108 行.
NOTIC: [2] fwrite() expects parameter 1 to be resource, boolean given /web/www/blog/tp3/Application/Home/Util/jssdk/jssdk.php 第 109 行.
NOTIC: [2] fclose() expects parameter 1 to be resource, boolean given /web/www/blog/tp3/Application/Home/Util/jssdk/jssdk.php 第 110 行.
NOTIC: [8] curl_setopt(): CURLOPT_SSL_VERIFYHOST with value 1 is deprecated and will be removed as of libcurl 7.28.1. It is recommended to use value 2 instead /web/www/blog/tp3/Application/Home/Util/jssdk/jssdk.php 第 95 行.
NOTIC: [2] Creating default object from empty value /web/www/blog/tp3/Application/Home/Util/jssdk/jssdk.php 第 57 行.
NOTIC: [2] fopen(jsapi_ticket.php): failed to open stream: Permission denied /web/www/blog/tp3/Application/Home/Util/jssdk/jssdk.php 第 108 行.
NOTIC: [2] fwrite() expects parameter 1 to be resource, boolean given /web/www/blog/tp3/Application/Home/Util/jssdk/jssdk.php 第 109 行.
NOTIC: [2] fclose() expects parameter 1 to be resource, boolean given /web/www/blog/tp3/Application/Home/Util/jssdk/jssdk.php 第 110 行.
SQL: SHOW COLUMNS FROM `bk_discuss` [ RunTime:0.0278s ]
SQL: SELECT b.id,b.art_id,b.art_title,b.parent_id,b.grade,b.content,b.user_id,b.addtime,u.name,u.avatar FROM bk_discuss b left join bk_user u on b.user_id=u.user_id  WHERE b.is_show = 1 AND `parent_id` = 0 ORDER BY b.addtime desc LIMIT 0,5   [ RunTime:0.0279s ]
INFO: [ view_parse ] --START--
INFO: [ template_filter ] --START--
INFO: Run Behavior\ContentReplaceBehavior [ RunTime:0.021166s ]
INFO: [ template_filter ] --END-- [ RunTime:0.021266s ]
NOTIC: [8] Undefined index: userInfo /web/www/blog/tp3/Application/Runtime/Cache/Home/b096bd20c19239b82739cab90f0b6b59.php 第 34 行.
NOTIC: [8] Undefined index: userInfo /web/www/blog/tp3/Application/Runtime/Cache/Home/b096bd20c19239b82739cab90f0b6b59.php 第 198 行.
INFO: Run Behavior\ParseTemplateBehavior [ RunTime:0.312703s ]
INFO: [ view_parse ] --END-- [ RunTime:0.312777s ]
INFO: [ view_filter ] --START--
INFO: Run Behavior\WriteHtmlCacheBehavior [ RunTime:0.016905s ]
INFO: [ view_filter ] --END-- [ RunTime:0.016967s ]
INFO: [ app_end ] --START--
INFO: Run Behavior\ShowPageTraceBehavior [ RunTime:0.024835s ]
INFO: [ app_end ] --END-- [ RunTime:0.024947s ]

[ 2017-05-11T19:53:26+08:00 ] 42.199.36.55 /
INFO: [ app_init ] --START--
INFO: Run Behavior\BuildLiteBehavior [ RunTime:0.000017s ]
INFO: [ app_init ] --END-- [ RunTime:0.000399s ]
INFO: [ app_begin ] --START--
INFO: Run Behavior\ReadHtmlCacheBehavior [ RunTime:0.000384s ]
INFO: [ app_begin ] --END-- [ RunTime:0.000449s ]
SQL: SHOW COLUMNS FROM `bk_category` [ RunTime:0.0266s ]
SQL: SELECT * FROM `bk_category` WHERE `parent_id` = 0 AND `is_show` = 1 ORDER BY `addtime` desc  [ RunTime:0.0263s ]
SQL: SHOW COLUMNS FROM `bk_banner` [ RunTime:0.0265s ]
SQL: SELECT * FROM `bk_banner` WHERE `show_addr` = 'index' AND `is_show` = 1 ORDER BY `addtime` desc  [ RunTime:0.0265s ]
SQL: SHOW COLUMNS FROM `bk_article_recommend` [ RunTime:0.0270s ]
SQL: SELECT b.art_id,a.title,a.cate_id,a.introduction,a.discuss_total,a.approve_total,i.image_url,FROM_UNIXTIME(b.addtime,'%Y-%m-%d') as addtime FROM bk_article_recommend b left join bk_article a on b.art_id= a.art_id left join bk_article_images i on b.art_id= i.art_id  WHERE a.is_show = 1 AND b.is_rec = 1 ORDER BY b.sort desc LIMIT 0,10   [ RunTime:0.0268s ]
SQL: SELECT b.art_id,b.title FROM bk_article_recommend b WHERE b.is_rec = 1 ORDER BY b.sort desc LIMIT 0,10   [ RunTime:0.0267s ]
SQL: SHOW COLUMNS FROM `bk_article_hot` [ RunTime:0.0266s ]
SQL: SELECT b.cate_id,b.art_id,b.cate_name,b.title FROM bk_article_hot b ORDER BY b.hot desc LIMIT 0,10   [ RunTime:0.0263s ]
NOTIC: [2] file_get_contents(jsapi_ticket.php): failed to open stream: No such file or directory /web/www/blog/tp3/Application/Home/Util/jssdk/jssdk.php 第 105 行.
NOTIC: [8] Trying to get property of non-object /web/www/blog/tp3/Application/Home/Util/jssdk/jssdk.php 第 49 行.
NOTIC: [2] file_get_contents(access_token.php): failed to open stream: No such file or directory /web/www/blog/tp3/Application/Home/Util/jssdk/jssdk.php 第 105 行.
NOTIC: [8] Trying to get property of non-object /web/www/blog/tp3/Application/Home/Util/jssdk/jssdk.php 第 71 行.
NOTIC: [8] curl_setopt(): CURLOPT_SSL_VERIFYHOST with value 1 is deprecated and will be removed as of libcurl 7.28.1. It is recommended to use value 2 instead /web/www/blog/tp3/Application/Home/Util/jssdk/jssdk.php 第 95 行.
NOTIC: [2] Creating default object from empty value /web/www/blog/tp3/Application/Home/Util/jssdk/jssdk.php 第 78 行.
NOTIC: [2] fopen(access_token.php): failed to open stream: Permission denied /web/www/blog/tp3/Application/Home/Util/jssdk/jssdk.php 第 108 行.
NOTIC: [2] fwrite() expects parameter 1 to be resource, boolean given /web/www/blog/tp3/Application/Home/Util/jssdk/jssdk.php 第 109 行.
NOTIC: [2] fclose() expects parameter 1 to be resource, boolean given /web/www/blog/tp3/Application/Home/Util/jssdk/jssdk.php 第 110 行.
NOTIC: [8] curl_setopt(): CURLOPT_SSL_VERIFYHOST with value 1 is deprecated and will be removed as of libcurl 7.28.1. It is recommended to use value 2 instead /web/www/blog/tp3/Application/Home/Util/jssdk/jssdk.php 第 95 行.
NOTIC: [2] Creating default object from empty value /web/www/blog/tp3/Application/Home/Util/jssdk/jssdk.php 第 57 行.
NOTIC: [2] fopen(jsapi_ticket.php): failed to open stream: Permission denied /web/www/blog/tp3/Application/Home/Util/jssdk/jssdk.php 第 108 行.
NOTIC: [2] fwrite() expects parameter 1 to be resource, boolean given /web/www/blog/tp3/Application/Home/Util/jssdk/jssdk.php 第 109 行.
NOTIC: [2] fclose() expects parameter 1 to be resource, boolean given /web/www/blog/tp3/Application/Home/Util/jssdk/jssdk.php 第 110 行.
SQL: SHOW COLUMNS FROM `bk_discuss` [ RunTime:0.0266s ]
SQL: SELECT b.id,b.art_id,b.art_title,b.parent_id,b.grade,b.content,b.user_id,b.addtime,u.name,u.avatar FROM bk_discuss b left join bk_user u on b.user_id=u.user_id  WHERE b.is_show = 1 AND `parent_id` = 0 ORDER BY b.addtime desc LIMIT 0,5   [ RunTime:0.0266s ]
INFO: [ view_parse ] --START--
INFO: [ template_filter ] --START--
INFO: Run Behavior\ContentReplaceBehavior [ RunTime:0.000112s ]
INFO: [ template_filter ] --END-- [ RunTime:0.000175s ]
NOTIC: [8] Undefined index: userInfo /web/www/blog/tp3/Application/Runtime/Cache/Home/b096bd20c19239b82739cab90f0b6b59.php 第 34 行.
NOTIC: [8] Undefined index: userInfo /web/www/blog/tp3/Application/Runtime/Cache/Home/b096bd20c19239b82739cab90f0b6b59.php 第 198 行.
INFO: Run Behavior\ParseTemplateBehavior [ RunTime:0.295290s ]
INFO: [ view_parse ] --END-- [ RunTime:0.295362s ]
INFO: [ view_filter ] --START--
INFO: Run Behavior\WriteHtmlCacheBehavior [ RunTime:0.023786s ]
INFO: [ view_filter ] --END-- [ RunTime:0.023865s ]
INFO: [ app_end ] --START--
INFO: Run Behavior\ShowPageTraceBehavior [ RunTime:0.019938s ]
INFO: [ app_end ] --END-- [ RunTime:0.020052s ]

[ 2017-05-11T19:53:27+08:00 ] 42.199.36.55 /bolg/tp3/Public/picture/s1.jpg
INFO: [ app_init ] --START--
INFO: Run Behavior\BuildLiteBehavior [ RunTime:0.000022s ]
INFO: [ app_init ] --END-- [ RunTime:0.021539s ]

[ 2017-05-11T20:45:04+08:00 ] 183.129.160.229 /
INFO: [ app_init ] --START--
INFO: Run Behavior\BuildLiteBehavior [ RunTime:0.000018s ]
INFO: [ app_init ] --END-- [ RunTime:0.026418s ]
INFO: [ app_begin ] --START--
INFO: Run Behavior\ReadHtmlCacheBehavior [ RunTime:0.030532s ]
INFO: [ app_begin ] --END-- [ RunTime:0.030612s ]
SQL: SHOW COLUMNS FROM `bk_category` [ RunTime:0.0265s ]
SQL: SELECT * FROM `bk_category` WHERE `parent_id` = 0 AND `is_show` = 1 ORDER BY `addtime` desc  [ RunTime:0.0264s ]
SQL: SHOW COLUMNS FROM `bk_banner` [ RunTime:0.0265s ]
SQL: SELECT * FROM `bk_banner` WHERE `show_addr` = 'index' AND `is_show` = 1 ORDER BY `addtime` desc  [ RunTime:0.0265s ]
SQL: SHOW COLUMNS FROM `bk_article_recommend` [ RunTime:0.0265s ]
SQL: SELECT b.art_id,a.title,a.cate_id,a.introduction,a.discuss_total,a.approve_total,i.image_url,FROM_UNIXTIME(b.addtime,'%Y-%m-%d') as addtime FROM bk_article_recommend b left join bk_article a on b.art_id= a.art_id left join bk_article_images i on b.art_id= i.art_id  WHERE a.is_show = 1 AND b.is_rec = 1 ORDER BY b.sort desc LIMIT 0,10   [ RunTime:0.0269s ]
SQL: SELECT b.art_id,b.title FROM bk_article_recommend b WHERE b.is_rec = 1 ORDER BY b.sort desc LIMIT 0,10   [ RunTime:0.0262s ]
SQL: SHOW COLUMNS FROM `bk_article_hot` [ RunTime:0.0264s ]
SQL: SELECT b.cate_id,b.art_id,b.cate_name,b.title FROM bk_article_hot b ORDER BY b.hot desc LIMIT 0,10   [ RunTime:0.0263s ]
NOTIC: [2] file_get_contents(jsapi_ticket.php): failed to open stream: No such file or directory /web/www/blog/tp3/Application/Home/Util/jssdk/jssdk.php 第 105 行.
NOTIC: [8] Trying to get property of non-object /web/www/blog/tp3/Application/Home/Util/jssdk/jssdk.php 第 49 行.
NOTIC: [2] file_get_contents(access_token.php): failed to open stream: No such file or directory /web/www/blog/tp3/Application/Home/Util/jssdk/jssdk.php 第 105 行.
NOTIC: [8] Trying to get property of non-object /web/www/blog/tp3/Application/Home/Util/jssdk/jssdk.php 第 71 行.
NOTIC: [8] curl_setopt(): CURLOPT_SSL_VERIFYHOST with value 1 is deprecated and will be removed as of libcurl 7.28.1. It is recommended to use value 2 instead /web/www/blog/tp3/Application/Home/Util/jssdk/jssdk.php 第 95 行.
NOTIC: [2] Creating default object from empty value /web/www/blog/tp3/Application/Home/Util/jssdk/jssdk.php 第 78 行.
NOTIC: [2] fopen(access_token.php): failed to open stream: Permission denied /web/www/blog/tp3/Application/Home/Util/jssdk/jssdk.php 第 108 行.
NOTIC: [2] fwrite() expects parameter 1 to be resource, boolean given /web/www/blog/tp3/Application/Home/Util/jssdk/jssdk.php 第 109 行.
NOTIC: [2] fclose() expects parameter 1 to be resource, boolean given /web/www/blog/tp3/Application/Home/Util/jssdk/jssdk.php 第 110 行.
NOTIC: [8] curl_setopt(): CURLOPT_SSL_VERIFYHOST with value 1 is deprecated and will be removed as of libcurl 7.28.1. It is recommended to use value 2 instead /web/www/blog/tp3/Application/Home/Util/jssdk/jssdk.php 第 95 行.
NOTIC: [2] Creating default object from empty value /web/www/blog/tp3/Application/Home/Util/jssdk/jssdk.php 第 57 行.
NOTIC: [2] fopen(jsapi_ticket.php): failed to open stream: Permission denied /web/www/blog/tp3/Application/Home/Util/jssdk/jssdk.php 第 108 行.
NOTIC: [2] fwrite() expects parameter 1 to be resource, boolean given /web/www/blog/tp3/Application/Home/Util/jssdk/jssdk.php 第 109 行.
NOTIC: [2] fclose() expects parameter 1 to be resource, boolean given /web/www/blog/tp3/Application/Home/Util/jssdk/jssdk.php 第 110 行.
SQL: SHOW COLUMNS FROM `bk_discuss` [ RunTime:0.0267s ]
SQL: SELECT b.id,b.art_id,b.art_title,b.parent_id,b.grade,b.content,b.user_id,b.addtime,u.name,u.avatar FROM bk_discuss b left join bk_user u on b.user_id=u.user_id  WHERE b.is_show = 1 AND `parent_id` = 0 ORDER BY b.addtime desc LIMIT 0,5   [ RunTime:0.0265s ]
INFO: [ view_parse ] --START--
INFO: [ template_filter ] --START--
INFO: Run Behavior\ContentReplaceBehavior [ RunTime:0.024188s ]
INFO: [ template_filter ] --END-- [ RunTime:0.024281s ]
NOTIC: [8] Undefined index: userInfo /web/www/blog/tp3/Application/Runtime/Cache/Home/b096bd20c19239b82739cab90f0b6b59.php 第 34 行.
NOTIC: [8] Undefined index: userInfo /web/www/blog/tp3/Application/Runtime/Cache/Home/b096bd20c19239b82739cab90f0b6b59.php 第 198 行.
INFO: Run Behavior\ParseTemplateBehavior [ RunTime:0.275000s ]
INFO: [ view_parse ] --END-- [ RunTime:0.275046s ]
INFO: [ view_filter ] --START--
INFO: Run Behavior\WriteHtmlCacheBehavior [ RunTime:0.029346s ]
INFO: [ view_filter ] --END-- [ RunTime:0.029415s ]
INFO: [ app_end ] --START--
INFO: Run Behavior\ShowPageTraceBehavior [ RunTime:0.014099s ]
INFO: [ app_end ] --END-- [ RunTime:0.014187s ]

