[ 2017-03-17T00:19:56+08:00 ] 183.232.228.28 /
INFO: [ app_init ] --START--
INFO: Run Behavior\BuildLiteBehavior [ RunTime:0.000015s ]
INFO: [ app_init ] --END-- [ RunTime:0.000427s ]
INFO: [ app_begin ] --START--
INFO: Run Behavior\ReadHtmlCacheBehavior [ RunTime:0.046524s ]
INFO: [ app_begin ] --END-- [ RunTime:0.046582s ]
SQL: SHOW COLUMNS FROM `bk_category` [ RunTime:0.0260s ]
SQL: SELECT * FROM `bk_category` WHERE `parent_id` = 0 AND `is_show` = 1 ORDER BY `addtime` desc  [ RunTime:0.0258s ]
SQL: SHOW COLUMNS FROM `bk_banner` [ RunTime:0.0260s ]
SQL: SELECT * FROM `bk_banner` WHERE `show_addr` = 'index' AND `is_show` = 1 ORDER BY `addtime` desc  [ RunTime:0.0258s ]
SQL: SHOW COLUMNS FROM `bk_article_recommend` [ RunTime:0.0260s ]
SQL: SELECT b.art_id,a.title,a.cate_id,a.introduction,a.discuss_total,a.approve_total,i.image_url,FROM_UNIXTIME(b.addtime,'%Y-%m-%d') as addtime FROM bk_article_recommend b left join bk_article a on b.art_id= a.art_id left join bk_article_images i on b.art_id= i.art_id  WHERE a.is_show = 1 AND b.is_rec = 1 ORDER BY b.sort desc LIMIT 0,10   [ RunTime:0.0261s ]
SQL: SELECT b.art_id,b.title FROM bk_article_recommend b WHERE b.is_rec = 1 ORDER BY b.sort desc LIMIT 0,10   [ RunTime:0.0258s ]
SQL: SHOW COLUMNS FROM `bk_article_hot` [ RunTime:0.0260s ]
SQL: SELECT b.cate_id,b.art_id,b.cate_name,b.title FROM bk_article_hot b ORDER BY b.hot desc LIMIT 0,10   [ RunTime:0.0258s ]
NOTIC: [2] file_get_contents(jsapi_ticket.php): failed to open stream: No such file or directory /web/www/blog/tp3/Application/Home/Util/jssdk/jssdk.php 第 105 行.
NOTIC: [8] Trying to get property of non-object /web/www/blog/tp3/Application/Home/Util/jssdk/jssdk.php 第 49 行.
NOTIC: [2] file_get_contents(access_token.php): failed to open stream: No such file or directory /web/www/blog/tp3/Application/Home/Util/jssdk/jssdk.php 第 105 行.
NOTIC: [8] Trying to get property of non-object /web/www/blog/tp3/Application/Home/Util/jssdk/jssdk.php 第 71 行.
NOTIC: [8] curl_setopt(): CURLOPT_SSL_VERIFYHOST with value 1 is deprecated and will be removed as of libcurl 7.28.1. It is recommended to use value 2 instead /web/www/blog/tp3/Application/Home/Util/jssdk/jssdk.php 第 95 行.
NOTIC: [2] Creating default object from empty value /web/www/blog/tp3/Application/Home/Util/jssdk/jssdk.php 第 78 行.
NOTIC: [2] fopen(access_token.php): failed to open stream: Permission denied /web/www/blog/tp3/Application/Home/Util/jssdk/jssdk.php 第 108 行.
NOTIC: [2] fwrite() expects parameter 1 to be resource, boolean given /web/www/blog/tp3/Application/Home/Util/jssdk/jssdk.php 第 109 行.
NOTIC: [2] fclose() expects parameter 1 to be resource, boolean given /web/www/blog/tp3/Application/Home/Util/jssdk/jssdk.php 第 110 行.
NOTIC: [8] curl_setopt(): CURLOPT_SSL_VERIFYHOST with value 1 is deprecated and will be removed as of libcurl 7.28.1. It is recommended to use value 2 instead /web/www/blog/tp3/Application/Home/Util/jssdk/jssdk.php 第 95 行.
NOTIC: [2] Creating default object from empty value /web/www/blog/tp3/Application/Home/Util/jssdk/jssdk.php 第 57 行.
NOTIC: [2] fopen(jsapi_ticket.php): failed to open stream: Permission denied /web/www/blog/tp3/Application/Home/Util/jssdk/jssdk.php 第 108 行.
NOTIC: [2] fwrite() expects parameter 1 to be resource, boolean given /web/www/blog/tp3/Application/Home/Util/jssdk/jssdk.php 第 109 行.
NOTIC: [2] fclose() expects parameter 1 to be resource, boolean given /web/www/blog/tp3/Application/Home/Util/jssdk/jssdk.php 第 110 行.
SQL: SHOW COLUMNS FROM `bk_discuss` [ RunTime:0.0262s ]
SQL: SELECT b.id,b.art_id,b.art_title,b.parent_id,b.grade,b.content,b.user_id,b.addtime,u.name,u.avatar FROM bk_discuss b left join bk_user u on b.user_id=u.user_id  WHERE b.is_show = 1 AND `parent_id` = 0 ORDER BY b.addtime desc LIMIT 0,5   [ RunTime:0.0259s ]
INFO: [ view_parse ] --START--
INFO: [ template_filter ] --START--
INFO: Run Behavior\ContentReplaceBehavior [ RunTime:0.000102s ]
INFO: [ template_filter ] --END-- [ RunTime:0.000166s ]
NOTIC: [8] Undefined index: userInfo /web/www/blog/tp3/Application/Runtime/Cache/Home/b096bd20c19239b82739cab90f0b6b59.php 第 32 行.
NOTIC: [8] Undefined index: userInfo /web/www/blog/tp3/Application/Runtime/Cache/Home/b096bd20c19239b82739cab90f0b6b59.php 第 109 行.
INFO: Run Behavior\ParseTemplateBehavior [ RunTime:0.547054s ]
INFO: [ view_parse ] --END-- [ RunTime:0.547099s ]
INFO: [ view_filter ] --START--
INFO: Run Behavior\WriteHtmlCacheBehavior [ RunTime:0.000257s ]
INFO: [ view_filter ] --END-- [ RunTime:0.044397s ]
INFO: [ app_end ] --START--
INFO: Run Behavior\ShowPageTraceBehavior [ RunTime:0.000611s ]
INFO: [ app_end ] --END-- [ RunTime:0.000692s ]

[ 2017-03-17T00:19:57+08:00 ] 183.232.228.28 /bolg/tp3/Public/picture/s1.jpg
INFO: [ app_init ] --START--
INFO: Run Behavior\BuildLiteBehavior [ RunTime:0.000015s ]
INFO: [ app_init ] --END-- [ RunTime:0.000429s ]

[ 2017-03-17T00:29:31+08:00 ] 183.232.228.28 /
INFO: [ app_init ] --START--
INFO: Run Behavior\BuildLiteBehavior [ RunTime:0.000022s ]
INFO: [ app_init ] --END-- [ RunTime:0.048494s ]
INFO: [ app_begin ] --START--
INFO: Run Behavior\ReadHtmlCacheBehavior [ RunTime:0.000396s ]
INFO: [ app_begin ] --END-- [ RunTime:0.000424s ]
SQL: SHOW COLUMNS FROM `bk_category` [ RunTime:0.0258s ]
SQL: SELECT * FROM `bk_category` WHERE `parent_id` = 0 AND `is_show` = 1 ORDER BY `addtime` desc  [ RunTime:0.0258s ]
SQL: SHOW COLUMNS FROM `bk_banner` [ RunTime:0.0261s ]
SQL: SELECT * FROM `bk_banner` WHERE `show_addr` = 'index' AND `is_show` = 1 ORDER BY `addtime` desc  [ RunTime:0.0258s ]
SQL: SHOW COLUMNS FROM `bk_article_recommend` [ RunTime:0.0258s ]
SQL: SELECT b.art_id,a.title,a.cate_id,a.introduction,a.discuss_total,a.approve_total,i.image_url,FROM_UNIXTIME(b.addtime,'%Y-%m-%d') as addtime FROM bk_article_recommend b left join bk_article a on b.art_id= a.art_id left join bk_article_images i on b.art_id= i.art_id  WHERE a.is_show = 1 AND b.is_rec = 1 ORDER BY b.sort desc LIMIT 0,10   [ RunTime:0.0262s ]
SQL: SELECT b.art_id,b.title FROM bk_article_recommend b WHERE b.is_rec = 1 ORDER BY b.sort desc LIMIT 0,10   [ RunTime:0.0256s ]
SQL: SHOW COLUMNS FROM `bk_article_hot` [ RunTime:0.0257s ]
SQL: SELECT b.cate_id,b.art_id,b.cate_name,b.title FROM bk_article_hot b ORDER BY b.hot desc LIMIT 0,10   [ RunTime:0.0254s ]
NOTIC: [2] file_get_contents(jsapi_ticket.php): failed to open stream: No such file or directory /web/www/blog/tp3/Application/Home/Util/jssdk/jssdk.php 第 105 行.
NOTIC: [8] Trying to get property of non-object /web/www/blog/tp3/Application/Home/Util/jssdk/jssdk.php 第 49 行.
NOTIC: [2] file_get_contents(access_token.php): failed to open stream: No such file or directory /web/www/blog/tp3/Application/Home/Util/jssdk/jssdk.php 第 105 行.
NOTIC: [8] Trying to get property of non-object /web/www/blog/tp3/Application/Home/Util/jssdk/jssdk.php 第 71 行.
NOTIC: [8] curl_setopt(): CURLOPT_SSL_VERIFYHOST with value 1 is deprecated and will be removed as of libcurl 7.28.1. It is recommended to use value 2 instead /web/www/blog/tp3/Application/Home/Util/jssdk/jssdk.php 第 95 行.
NOTIC: [2] Creating default object from empty value /web/www/blog/tp3/Application/Home/Util/jssdk/jssdk.php 第 78 行.
NOTIC: [2] fopen(access_token.php): failed to open stream: Permission denied /web/www/blog/tp3/Application/Home/Util/jssdk/jssdk.php 第 108 行.
NOTIC: [2] fwrite() expects parameter 1 to be resource, boolean given /web/www/blog/tp3/Application/Home/Util/jssdk/jssdk.php 第 109 行.
NOTIC: [2] fclose() expects parameter 1 to be resource, boolean given /web/www/blog/tp3/Application/Home/Util/jssdk/jssdk.php 第 110 行.
NOTIC: [8] curl_setopt(): CURLOPT_SSL_VERIFYHOST with value 1 is deprecated and will be removed as of libcurl 7.28.1. It is recommended to use value 2 instead /web/www/blog/tp3/Application/Home/Util/jssdk/jssdk.php 第 95 行.
NOTIC: [2] Creating default object from empty value /web/www/blog/tp3/Application/Home/Util/jssdk/jssdk.php 第 57 行.
NOTIC: [2] fopen(jsapi_ticket.php): failed to open stream: Permission denied /web/www/blog/tp3/Application/Home/Util/jssdk/jssdk.php 第 108 行.
NOTIC: [2] fwrite() expects parameter 1 to be resource, boolean given /web/www/blog/tp3/Application/Home/Util/jssdk/jssdk.php 第 109 行.
NOTIC: [2] fclose() expects parameter 1 to be resource, boolean given /web/www/blog/tp3/Application/Home/Util/jssdk/jssdk.php 第 110 行.
SQL: SHOW COLUMNS FROM `bk_discuss` [ RunTime:0.0259s ]
SQL: SELECT b.id,b.art_id,b.art_title,b.parent_id,b.grade,b.content,b.user_id,b.addtime,u.name,u.avatar FROM bk_discuss b left join bk_user u on b.user_id=u.user_id  WHERE b.is_show = 1 AND `parent_id` = 0 ORDER BY b.addtime desc LIMIT 0,5   [ RunTime:0.0258s ]
INFO: [ view_parse ] --START--
INFO: [ template_filter ] --START--
INFO: Run Behavior\ContentReplaceBehavior [ RunTime:0.000111s ]
INFO: [ template_filter ] --END-- [ RunTime:0.000178s ]
NOTIC: [8] Undefined index: userInfo /web/www/blog/tp3/Application/Runtime/Cache/Home/b096bd20c19239b82739cab90f0b6b59.php 第 32 行.
NOTIC: [8] Undefined index: userInfo /web/www/blog/tp3/Application/Runtime/Cache/Home/b096bd20c19239b82739cab90f0b6b59.php 第 109 行.
INFO: Run Behavior\ParseTemplateBehavior [ RunTime:0.528026s ]
INFO: [ view_parse ] --END-- [ RunTime:0.528068s ]
INFO: [ view_filter ] --START--
INFO: Run Behavior\WriteHtmlCacheBehavior [ RunTime:0.000262s ]
INFO: [ view_filter ] --END-- [ RunTime:0.000293s ]
INFO: [ app_end ] --START--
INFO: Run Behavior\ShowPageTraceBehavior [ RunTime:0.028838s ]
INFO: [ app_end ] --END-- [ RunTime:0.028943s ]

[ 2017-03-17T00:29:32+08:00 ] 183.232.228.28 /bolg/tp3/Public/picture/s1.jpg
INFO: [ app_init ] --START--
INFO: Run Behavior\BuildLiteBehavior [ RunTime:0.000013s ]
INFO: [ app_init ] --END-- [ RunTime:0.000295s ]

[ 2017-03-17T01:04:23+08:00 ] 183.232.228.28 /
INFO: [ app_init ] --START--
INFO: Run Behavior\BuildLiteBehavior [ RunTime:0.000015s ]
INFO: [ app_init ] --END-- [ RunTime:0.000340s ]
INFO: [ app_begin ] --START--
INFO: Run Behavior\ReadHtmlCacheBehavior [ RunTime:0.000495s ]
INFO: [ app_begin ] --END-- [ RunTime:0.047633s ]
SQL: SHOW COLUMNS FROM `bk_category` [ RunTime:0.0265s ]
SQL: SELECT * FROM `bk_category` WHERE `parent_id` = 0 AND `is_show` = 1 ORDER BY `addtime` desc  [ RunTime:0.0262s ]
SQL: SHOW COLUMNS FROM `bk_banner` [ RunTime:0.0265s ]
SQL: SELECT * FROM `bk_banner` WHERE `show_addr` = 'index' AND `is_show` = 1 ORDER BY `addtime` desc  [ RunTime:0.0261s ]
SQL: SHOW COLUMNS FROM `bk_article_recommend` [ RunTime:0.0264s ]
SQL: SELECT b.art_id,a.title,a.cate_id,a.introduction,a.discuss_total,a.approve_total,i.image_url,FROM_UNIXTIME(b.addtime,'%Y-%m-%d') as addtime FROM bk_article_recommend b left join bk_article a on b.art_id= a.art_id left join bk_article_images i on b.art_id= i.art_id  WHERE a.is_show = 1 AND b.is_rec = 1 ORDER BY b.sort desc LIMIT 0,10   [ RunTime:0.0264s ]
SQL: SELECT b.art_id,b.title FROM bk_article_recommend b WHERE b.is_rec = 1 ORDER BY b.sort desc LIMIT 0,10   [ RunTime:0.0262s ]
SQL: SHOW COLUMNS FROM `bk_article_hot` [ RunTime:0.0270s ]
SQL: SELECT b.cate_id,b.art_id,b.cate_name,b.title FROM bk_article_hot b ORDER BY b.hot desc LIMIT 0,10   [ RunTime:0.0263s ]
NOTIC: [2] file_get_contents(jsapi_ticket.php): failed to open stream: No such file or directory /web/www/blog/tp3/Application/Home/Util/jssdk/jssdk.php 第 105 行.
NOTIC: [8] Trying to get property of non-object /web/www/blog/tp3/Application/Home/Util/jssdk/jssdk.php 第 49 行.
NOTIC: [2] file_get_contents(access_token.php): failed to open stream: No such file or directory /web/www/blog/tp3/Application/Home/Util/jssdk/jssdk.php 第 105 行.
NOTIC: [8] Trying to get property of non-object /web/www/blog/tp3/Application/Home/Util/jssdk/jssdk.php 第 71 行.
NOTIC: [8] curl_setopt(): CURLOPT_SSL_VERIFYHOST with value 1 is deprecated and will be removed as of libcurl 7.28.1. It is recommended to use value 2 instead /web/www/blog/tp3/Application/Home/Util/jssdk/jssdk.php 第 95 行.
NOTIC: [2] Creating default object from empty value /web/www/blog/tp3/Application/Home/Util/jssdk/jssdk.php 第 78 行.
NOTIC: [2] fopen(access_token.php): failed to open stream: Permission denied /web/www/blog/tp3/Application/Home/Util/jssdk/jssdk.php 第 108 行.
NOTIC: [2] fwrite() expects parameter 1 to be resource, boolean given /web/www/blog/tp3/Application/Home/Util/jssdk/jssdk.php 第 109 行.
NOTIC: [2] fclose() expects parameter 1 to be resource, boolean given /web/www/blog/tp3/Application/Home/Util/jssdk/jssdk.php 第 110 行.
NOTIC: [8] curl_setopt(): CURLOPT_SSL_VERIFYHOST with value 1 is deprecated and will be removed as of libcurl 7.28.1. It is recommended to use value 2 instead /web/www/blog/tp3/Application/Home/Util/jssdk/jssdk.php 第 95 行.
NOTIC: [2] Creating default object from empty value /web/www/blog/tp3/Application/Home/Util/jssdk/jssdk.php 第 57 行.
NOTIC: [2] fopen(jsapi_ticket.php): failed to open stream: Permission denied /web/www/blog/tp3/Application/Home/Util/jssdk/jssdk.php 第 108 行.
NOTIC: [2] fwrite() expects parameter 1 to be resource, boolean given /web/www/blog/tp3/Application/Home/Util/jssdk/jssdk.php 第 109 行.
NOTIC: [2] fclose() expects parameter 1 to be resource, boolean given /web/www/blog/tp3/Application/Home/Util/jssdk/jssdk.php 第 110 行.
SQL: SHOW COLUMNS FROM `bk_discuss` [ RunTime:0.0266s ]
SQL: SELECT b.id,b.art_id,b.art_title,b.parent_id,b.grade,b.content,b.user_id,b.addtime,u.name,u.avatar FROM bk_discuss b left join bk_user u on b.user_id=u.user_id  WHERE b.is_show = 1 AND `parent_id` = 0 ORDER BY b.addtime desc LIMIT 0,5   [ RunTime:0.0262s ]
INFO: [ view_parse ] --START--
INFO: [ template_filter ] --START--
INFO: Run Behavior\ContentReplaceBehavior [ RunTime:0.000104s ]
INFO: [ template_filter ] --END-- [ RunTime:0.000175s ]
NOTIC: [8] Undefined index: userInfo /web/www/blog/tp3/Application/Runtime/Cache/Home/b096bd20c19239b82739cab90f0b6b59.php 第 32 行.
NOTIC: [8] Undefined index: userInfo /web/www/blog/tp3/Application/Runtime/Cache/Home/b096bd20c19239b82739cab90f0b6b59.php 第 109 行.
INFO: Run Behavior\ParseTemplateBehavior [ RunTime:0.523716s ]
INFO: [ view_parse ] --END-- [ RunTime:0.523766s ]
INFO: [ view_filter ] --START--
INFO: Run Behavior\WriteHtmlCacheBehavior [ RunTime:0.045370s ]
INFO: [ view_filter ] --END-- [ RunTime:0.045440s ]
INFO: [ app_end ] --START--
INFO: Run Behavior\ShowPageTraceBehavior [ RunTime:0.000584s ]
INFO: [ app_end ] --END-- [ RunTime:0.000661s ]

[ 2017-03-17T01:04:24+08:00 ] 183.232.228.28 /bolg/tp3/Public/picture/s1.jpg
INFO: [ app_init ] --START--
INFO: Run Behavior\BuildLiteBehavior [ RunTime:0.000028s ]
INFO: [ app_init ] --END-- [ RunTime:0.043476s ]

[ 2017-03-17T01:04:32+08:00 ] 183.232.228.28 /index.php/Category/index/id/3.html
INFO: [ app_init ] --START--
INFO: Run Behavior\BuildLiteBehavior [ RunTime:0.000018s ]
INFO: [ app_init ] --END-- [ RunTime:0.000393s ]
INFO: [ app_begin ] --START--
INFO: Run Behavior\ReadHtmlCacheBehavior [ RunTime:0.000501s ]
INFO: [ app_begin ] --END-- [ RunTime:0.049633s ]
SQL: SHOW COLUMNS FROM `bk_category` [ RunTime:0.0252s ]
SQL: SELECT * FROM `bk_category` WHERE `parent_id` = 0 AND `is_show` = 1 ORDER BY `addtime` desc  [ RunTime:0.0251s ]
SQL: SHOW COLUMNS FROM `bk_banner` [ RunTime:0.0258s ]
SQL: SELECT * FROM `bk_banner` WHERE `show_addr` = 'index' AND `is_show` = 1 ORDER BY `addtime` desc  [ RunTime:0.0250s ]
SQL: SHOW COLUMNS FROM `bk_article` [ RunTime:0.0252s ]
SQL: SELECT COUNT(*) AS tp_count FROM `bk_article` WHERE `cate_id` = 3 LIMIT 1   [ RunTime:0.0249s ]
SQL: SELECT * FROM `bk_category` WHERE `parent_id` = 0 AND `is_show` = 1 ORDER BY `addtime` desc  [ RunTime:0.0270s ]
SQL: SELECT b.art_id,b.title,b.cate_id,b.introduction,b.discuss_total,b.approve_total,i.image_url,FROM_UNIXTIME(b.addtime,'%Y-%m-%d %H:%i:%s') as addtime FROM bk_article b left join bk_article_images i on b.art_id= i.art_id  WHERE b.is_show = 1 AND `cate_id` = '3' ORDER BY b.addtime desc LIMIT 0,10   [ RunTime:0.0277s ]
INFO: [ view_parse ] --START--
INFO: [ template_filter ] --START--
INFO: Run Behavior\ContentReplaceBehavior [ RunTime:0.000079s ]
INFO: [ template_filter ] --END-- [ RunTime:0.000135s ]
NOTIC: [8] Undefined index: userInfo /web/www/blog/tp3/Application/Runtime/Cache/Home/fd93d816414af0ade2156438a8d6b092.php 第 80 行.
INFO: Run Behavior\ParseTemplateBehavior [ RunTime:0.410243s ]
INFO: [ view_parse ] --END-- [ RunTime:0.410291s ]
INFO: [ view_filter ] --START--
INFO: Run Behavior\WriteHtmlCacheBehavior [ RunTime:0.000221s ]
INFO: [ view_filter ] --END-- [ RunTime:0.000248s ]
INFO: [ app_end ] --START--
INFO: Run Behavior\ShowPageTraceBehavior [ RunTime:0.000601s ]
INFO: [ app_end ] --END-- [ RunTime:0.000691s ]

[ 2017-03-17T01:04:40+08:00 ] 183.232.228.28 /index.php/Category/index/id/1.html
INFO: [ app_init ] --START--
INFO: Run Behavior\BuildLiteBehavior [ RunTime:0.000021s ]
INFO: [ app_init ] --END-- [ RunTime:0.045499s ]
INFO: [ app_begin ] --START--
INFO: Run Behavior\ReadHtmlCacheBehavior [ RunTime:0.047541s ]
INFO: [ app_begin ] --END-- [ RunTime:0.047597s ]
SQL: SHOW COLUMNS FROM `bk_category` [ RunTime:0.0248s ]
SQL: SELECT * FROM `bk_category` WHERE `parent_id` = 0 AND `is_show` = 1 ORDER BY `addtime` desc  [ RunTime:0.0245s ]
SQL: SHOW COLUMNS FROM `bk_banner` [ RunTime:0.0248s ]
SQL: SELECT * FROM `bk_banner` WHERE `show_addr` = 'index' AND `is_show` = 1 ORDER BY `addtime` desc  [ RunTime:0.0246s ]
SQL: SHOW COLUMNS FROM `bk_article` [ RunTime:0.0249s ]
SQL: SELECT COUNT(*) AS tp_count FROM `bk_article` WHERE `cate_id` = 1 LIMIT 1   [ RunTime:0.0248s ]
SQL: SELECT * FROM `bk_category` WHERE `parent_id` = 0 AND `is_show` = 1 ORDER BY `addtime` desc  [ RunTime:0.0246s ]
SQL: SELECT b.art_id,b.title,b.cate_id,b.introduction,b.discuss_total,b.approve_total,i.image_url,FROM_UNIXTIME(b.addtime,'%Y-%m-%d %H:%i:%s') as addtime FROM bk_article b left join bk_article_images i on b.art_id= i.art_id  WHERE b.is_show = 1 AND `cate_id` = '1' ORDER BY b.addtime desc LIMIT 0,10   [ RunTime:0.0251s ]
INFO: [ view_parse ] --START--
INFO: [ template_filter ] --START--
INFO: Run Behavior\ContentReplaceBehavior [ RunTime:0.000135s ]
INFO: [ template_filter ] --END-- [ RunTime:0.044449s ]
NOTIC: [8] Undefined index: userInfo /web/www/blog/tp3/Application/Runtime/Cache/Home/fd93d816414af0ade2156438a8d6b092.php 第 80 行.
INFO: Run Behavior\ParseTemplateBehavior [ RunTime:0.510245s ]
INFO: [ view_parse ] --END-- [ RunTime:0.510321s ]
INFO: [ view_filter ] --START--
INFO: Run Behavior\WriteHtmlCacheBehavior [ RunTime:0.000314s ]
INFO: [ view_filter ] --END-- [ RunTime:0.000354s ]
INFO: [ app_end ] --START--
INFO: Run Behavior\ShowPageTraceBehavior [ RunTime:0.000683s ]
INFO: [ app_end ] --END-- [ RunTime:0.000770s ]

[ 2017-03-17T01:04:41+08:00 ] 183.232.228.28 /Public/images/image1.gif
INFO: [ app_init ] --START--
INFO: Run Behavior\BuildLiteBehavior [ RunTime:0.000026s ]
INFO: [ app_init ] --END-- [ RunTime:0.049548s ]

[ 2017-03-17T01:04:41+08:00 ] 183.232.228.28 /Public/images/image2.gif
INFO: [ app_init ] --START--
INFO: Run Behavior\BuildLiteBehavior [ RunTime:0.000016s ]
INFO: [ app_init ] --END-- [ RunTime:0.000446s ]

[ 2017-03-17T01:04:50+08:00 ] 183.232.228.28 /index.php/Detial/detial/id/33.html
INFO: [ app_init ] --START--
INFO: Run Behavior\BuildLiteBehavior [ RunTime:0.000014s ]
INFO: [ app_init ] --END-- [ RunTime:0.000343s ]
INFO: [ app_begin ] --START--
INFO: Run Behavior\ReadHtmlCacheBehavior [ RunTime:0.046905s ]
INFO: [ app_begin ] --END-- [ RunTime:0.046962s ]
SQL: SHOW COLUMNS FROM `bk_category` [ RunTime:0.0266s ]
SQL: SELECT * FROM `bk_category` WHERE `parent_id` = 0 AND `is_show` = 1 ORDER BY `addtime` desc  [ RunTime:0.0264s ]
SQL: SHOW COLUMNS FROM `bk_banner` [ RunTime:0.0264s ]
SQL: SELECT * FROM `bk_banner` WHERE `show_addr` = 'index' AND `is_show` = 1 ORDER BY `addtime` desc  [ RunTime:0.0262s ]
NOTIC: [8] Undefined variable: count /web/www/blog/tp3/Application/Home/Controller/DetialController.class.php 第 14 行.
SQL: SHOW COLUMNS FROM `bk_article` [ RunTime:0.0266s ]
SQL: SELECT * FROM `bk_article` WHERE `art_id` = 33 LIMIT 1   [ RunTime:0.1307s ]
SQL: SHOW COLUMNS FROM `bk_article_images` [ RunTime:0.0264s ]
SQL: SELECT * FROM `bk_article_images` WHERE `art_id` = 33 ORDER BY type desc  [ RunTime:0.0265s ]
NOTIC: [8] Undefined offset: 0 /web/www/blog/tp3/Application/Home/Controller/DetialController.class.php 第 17 行.
SQL: SHOW COLUMNS FROM `bk_discuss` [ RunTime:0.0264s ]
SQL: SELECT b.id,b.art_id,b.art_title,b.reply_id,b.parent_id,b.grade,b.content,b.user_id,b.addtime,u.name,u.avatar FROM bk_discuss b left join bk_user u on b.user_id=u.user_id  WHERE b.is_show = 1 AND `art_id` = '33' AND `parent_id` = 0 ORDER BY b.addtime desc LIMIT 0,10   [ RunTime:0.0268s ]
INFO: [ view_parse ] --START--
INFO: [ template_filter ] --START--
INFO: Run Behavior\ContentReplaceBehavior [ RunTime:0.000122s ]
INFO: [ template_filter ] --END-- [ RunTime:0.043604s ]
NOTIC: [8] Undefined index: userInfo /web/www/blog/tp3/Application/Runtime/Cache/Home/38fb14ef25e313e99140024c2906346f.php 第 206 行.
NOTIC: [8] Undefined index: userInfo /web/www/blog/tp3/Application/Runtime/Cache/Home/38fb14ef25e313e99140024c2906346f.php 第 209 行.
NOTIC: [8] Undefined variable: commentlist /web/www/blog/tp3/Application/Runtime/Cache/Home/38fb14ef25e313e99140024c2906346f.php 第 294 行.
INFO: Run Behavior\ParseTemplateBehavior [ RunTime:0.559913s ]
INFO: [ view_parse ] --END-- [ RunTime:0.559973s ]
INFO: [ view_filter ] --START--
INFO: Run Behavior\WriteHtmlCacheBehavior [ RunTime:0.046827s ]
INFO: [ view_filter ] --END-- [ RunTime:0.046905s ]
INFO: [ app_end ] --START--
INFO: Run Behavior\ShowPageTraceBehavior [ RunTime:0.000596s ]
INFO: [ app_end ] --END-- [ RunTime:0.000675s ]

[ 2017-03-17T01:26:29+08:00 ] 163.172.52.197 /recordings/
INFO: [ app_init ] --START--
INFO: Run Behavior\BuildLiteBehavior [ RunTime:0.000014s ]
INFO: [ app_init ] --END-- [ RunTime:0.000360s ]
INFO: [ app_begin ] --START--
INFO: Run Behavior\ReadHtmlCacheBehavior [ RunTime:0.000395s ]
INFO: [ app_begin ] --END-- [ RunTime:0.000443s ]
ERR: 无法加载控制器:Recordings

[ 2017-03-17T01:28:16+08:00 ] 183.232.228.28 /favicon.ico
INFO: [ app_init ] --START--
INFO: Run Behavior\BuildLiteBehavior [ RunTime:0.000019s ]
INFO: [ app_init ] --END-- [ RunTime:0.000335s ]

[ 2017-03-17T01:32:36+08:00 ] 183.232.228.28 /Public/admin/images/image1.gif
INFO: [ app_init ] --START--
INFO: Run Behavior\BuildLiteBehavior [ RunTime:0.000023s ]
INFO: [ app_init ] --END-- [ RunTime:0.048426s ]

[ 2017-03-17T01:32:36+08:00 ] 183.232.228.28 /Public/admin/images/image2.gif
INFO: [ app_init ] --START--
INFO: Run Behavior\BuildLiteBehavior [ RunTime:0.000013s ]
INFO: [ app_init ] --END-- [ RunTime:0.000359s ]

[ 2017-03-17T02:37:28+08:00 ] 139.162.113.204 /
INFO: [ app_init ] --START--
INFO: Run Behavior\BuildLiteBehavior [ RunTime:0.000026s ]
INFO: [ app_init ] --END-- [ RunTime:0.046618s ]
INFO: [ app_begin ] --START--
INFO: Run Behavior\ReadHtmlCacheBehavior [ RunTime:0.058477s ]
INFO: [ app_begin ] --END-- [ RunTime:0.058539s ]
SQL: SHOW COLUMNS FROM `bk_category` [ RunTime:0.0266s ]
SQL: SELECT * FROM `bk_category` WHERE `parent_id` = 0 AND `is_show` = 1 ORDER BY `addtime` desc  [ RunTime:0.0264s ]
SQL: SHOW COLUMNS FROM `bk_banner` [ RunTime:0.0264s ]
SQL: SELECT * FROM `bk_banner` WHERE `show_addr` = 'index' AND `is_show` = 1 ORDER BY `addtime` desc  [ RunTime:0.0263s ]
SQL: SHOW COLUMNS FROM `bk_article_recommend` [ RunTime:0.0268s ]
SQL: SELECT b.art_id,a.title,a.cate_id,a.introduction,a.discuss_total,a.approve_total,i.image_url,FROM_UNIXTIME(b.addtime,'%Y-%m-%d') as addtime FROM bk_article_recommend b left join bk_article a on b.art_id= a.art_id left join bk_article_images i on b.art_id= i.art_id  WHERE a.is_show = 1 AND b.is_rec = 1 ORDER BY b.sort desc LIMIT 0,10   [ RunTime:0.0269s ]
SQL: SELECT b.art_id,b.title FROM bk_article_recommend b WHERE b.is_rec = 1 ORDER BY b.sort desc LIMIT 0,10   [ RunTime:0.0262s ]
SQL: SHOW COLUMNS FROM `bk_article_hot` [ RunTime:0.0265s ]
SQL: SELECT b.cate_id,b.art_id,b.cate_name,b.title FROM bk_article_hot b ORDER BY b.hot desc LIMIT 0,10   [ RunTime:0.0262s ]
NOTIC: [2] file_get_contents(jsapi_ticket.php): failed to open stream: No such file or directory /web/www/blog/tp3/Application/Home/Util/jssdk/jssdk.php 第 105 行.
NOTIC: [8] Trying to get property of non-object /web/www/blog/tp3/Application/Home/Util/jssdk/jssdk.php 第 49 行.
NOTIC: [2] file_get_contents(access_token.php): failed to open stream: No such file or directory /web/www/blog/tp3/Application/Home/Util/jssdk/jssdk.php 第 105 行.
NOTIC: [8] Trying to get property of non-object /web/www/blog/tp3/Application/Home/Util/jssdk/jssdk.php 第 71 行.
NOTIC: [8] curl_setopt(): CURLOPT_SSL_VERIFYHOST with value 1 is deprecated and will be removed as of libcurl 7.28.1. It is recommended to use value 2 instead /web/www/blog/tp3/Application/Home/Util/jssdk/jssdk.php 第 95 行.
NOTIC: [2] Creating default object from empty value /web/www/blog/tp3/Application/Home/Util/jssdk/jssdk.php 第 78 行.
NOTIC: [2] fopen(access_token.php): failed to open stream: Permission denied /web/www/blog/tp3/Application/Home/Util/jssdk/jssdk.php 第 108 行.
NOTIC: [2] fwrite() expects parameter 1 to be resource, boolean given /web/www/blog/tp3/Application/Home/Util/jssdk/jssdk.php 第 109 行.
NOTIC: [2] fclose() expects parameter 1 to be resource, boolean given /web/www/blog/tp3/Application/Home/Util/jssdk/jssdk.php 第 110 行.
NOTIC: [8] curl_setopt(): CURLOPT_SSL_VERIFYHOST with value 1 is deprecated and will be removed as of libcurl 7.28.1. It is recommended to use value 2 instead /web/www/blog/tp3/Application/Home/Util/jssdk/jssdk.php 第 95 行.
NOTIC: [2] Creating default object from empty value /web/www/blog/tp3/Application/Home/Util/jssdk/jssdk.php 第 57 行.
NOTIC: [2] fopen(jsapi_ticket.php): failed to open stream: Permission denied /web/www/blog/tp3/Application/Home/Util/jssdk/jssdk.php 第 108 行.
NOTIC: [2] fwrite() expects parameter 1 to be resource, boolean given /web/www/blog/tp3/Application/Home/Util/jssdk/jssdk.php 第 109 行.
NOTIC: [2] fclose() expects parameter 1 to be resource, boolean given /web/www/blog/tp3/Application/Home/Util/jssdk/jssdk.php 第 110 行.
SQL: SHOW COLUMNS FROM `bk_discuss` [ RunTime:0.0266s ]
SQL: SELECT b.id,b.art_id,b.art_title,b.parent_id,b.grade,b.content,b.user_id,b.addtime,u.name,u.avatar FROM bk_discuss b left join bk_user u on b.user_id=u.user_id  WHERE b.is_show = 1 AND `parent_id` = 0 ORDER BY b.addtime desc LIMIT 0,5   [ RunTime:0.0262s ]
INFO: [ view_parse ] --START--
INFO: [ template_filter ] --START--
INFO: Run Behavior\ContentReplaceBehavior [ RunTime:0.000098s ]
INFO: [ template_filter ] --END-- [ RunTime:0.000154s ]
NOTIC: [8] Undefined index: userInfo /web/www/blog/tp3/Application/Runtime/Cache/Home/b096bd20c19239b82739cab90f0b6b59.php 第 32 行.
NOTIC: [8] Undefined index: userInfo /web/www/blog/tp3/Application/Runtime/Cache/Home/b096bd20c19239b82739cab90f0b6b59.php 第 109 行.
INFO: Run Behavior\ParseTemplateBehavior [ RunTime:0.514072s ]
INFO: [ view_parse ] --END-- [ RunTime:0.514124s ]
INFO: [ view_filter ] --START--
INFO: Run Behavior\WriteHtmlCacheBehavior [ RunTime:0.000325s ]
INFO: [ view_filter ] --END-- [ RunTime:0.000407s ]
INFO: [ app_end ] --START--
INFO: Run Behavior\ShowPageTraceBehavior [ RunTime:0.000562s ]
INFO: [ app_end ] --END-- [ RunTime:0.000642s ]

[ 2017-03-17T10:13:55+08:00 ] 59.41.161.16 /favicon.ico
INFO: [ app_init ] --START--
INFO: Run Behavior\BuildLiteBehavior [ RunTime:0.000025s ]
INFO: [ app_init ] --END-- [ RunTime:0.027493s ]

[ 2017-03-17T12:57:07+08:00 ] 183.232.228.28 /
INFO: [ app_init ] --START--
INFO: Run Behavior\BuildLiteBehavior [ RunTime:0.000018s ]
INFO: [ app_init ] --END-- [ RunTime:0.000443s ]
INFO: [ app_begin ] --START--
INFO: Run Behavior\ReadHtmlCacheBehavior [ RunTime:0.046781s ]
INFO: [ app_begin ] --END-- [ RunTime:0.046868s ]
SQL: SHOW COLUMNS FROM `bk_category` [ RunTime:0.0260s ]
SQL: SELECT * FROM `bk_category` WHERE `parent_id` = 0 AND `is_show` = 1 ORDER BY `addtime` desc  [ RunTime:0.0257s ]
SQL: SHOW COLUMNS FROM `bk_banner` [ RunTime:0.0258s ]
SQL: SELECT * FROM `bk_banner` WHERE `show_addr` = 'index' AND `is_show` = 1 ORDER BY `addtime` desc  [ RunTime:0.0256s ]
SQL: SHOW COLUMNS FROM `bk_article_recommend` [ RunTime:0.0257s ]
SQL: SELECT b.art_id,a.title,a.cate_id,a.introduction,a.discuss_total,a.approve_total,i.image_url,FROM_UNIXTIME(b.addtime,'%Y-%m-%d') as addtime FROM bk_article_recommend b left join bk_article a on b.art_id= a.art_id left join bk_article_images i on b.art_id= i.art_id  WHERE a.is_show = 1 AND b.is_rec = 1 ORDER BY b.sort desc LIMIT 0,10   [ RunTime:0.0259s ]
SQL: SELECT b.art_id,b.title FROM bk_article_recommend b WHERE b.is_rec = 1 ORDER BY b.sort desc LIMIT 0,10   [ RunTime:0.0258s ]
SQL: SHOW COLUMNS FROM `bk_article_hot` [ RunTime:0.0257s ]
SQL: SELECT b.cate_id,b.art_id,b.cate_name,b.title FROM bk_article_hot b ORDER BY b.hot desc LIMIT 0,10   [ RunTime:0.0258s ]
NOTIC: [2] file_get_contents(jsapi_ticket.php): failed to open stream: No such file or directory /web/www/blog/tp3/Application/Home/Util/jssdk/jssdk.php 第 105 行.
NOTIC: [8] Trying to get property of non-object /web/www/blog/tp3/Application/Home/Util/jssdk/jssdk.php 第 49 行.
NOTIC: [2] file_get_contents(access_token.php): failed to open stream: No such file or directory /web/www/blog/tp3/Application/Home/Util/jssdk/jssdk.php 第 105 行.
NOTIC: [8] Trying to get property of non-object /web/www/blog/tp3/Application/Home/Util/jssdk/jssdk.php 第 71 行.
NOTIC: [8] curl_setopt(): CURLOPT_SSL_VERIFYHOST with value 1 is deprecated and will be removed as of libcurl 7.28.1. It is recommended to use value 2 instead /web/www/blog/tp3/Application/Home/Util/jssdk/jssdk.php 第 95 行.
NOTIC: [2] Creating default object from empty value /web/www/blog/tp3/Application/Home/Util/jssdk/jssdk.php 第 78 行.
NOTIC: [2] fopen(access_token.php): failed to open stream: Permission denied /web/www/blog/tp3/Application/Home/Util/jssdk/jssdk.php 第 108 行.
NOTIC: [2] fwrite() expects parameter 1 to be resource, boolean given /web/www/blog/tp3/Application/Home/Util/jssdk/jssdk.php 第 109 行.
NOTIC: [2] fclose() expects parameter 1 to be resource, boolean given /web/www/blog/tp3/Application/Home/Util/jssdk/jssdk.php 第 110 行.
NOTIC: [8] curl_setopt(): CURLOPT_SSL_VERIFYHOST with value 1 is deprecated and will be removed as of libcurl 7.28.1. It is recommended to use value 2 instead /web/www/blog/tp3/Application/Home/Util/jssdk/jssdk.php 第 95 行.
NOTIC: [2] Creating default object from empty value /web/www/blog/tp3/Application/Home/Util/jssdk/jssdk.php 第 57 行.
NOTIC: [2] fopen(jsapi_ticket.php): failed to open stream: Permission denied /web/www/blog/tp3/Application/Home/Util/jssdk/jssdk.php 第 108 行.
NOTIC: [2] fwrite() expects parameter 1 to be resource, boolean given /web/www/blog/tp3/Application/Home/Util/jssdk/jssdk.php 第 109 行.
NOTIC: [2] fclose() expects parameter 1 to be resource, boolean given /web/www/blog/tp3/Application/Home/Util/jssdk/jssdk.php 第 110 行.
SQL: SHOW COLUMNS FROM `bk_discuss` [ RunTime:0.0260s ]
SQL: SELECT b.id,b.art_id,b.art_title,b.parent_id,b.grade,b.content,b.user_id,b.addtime,u.name,u.avatar FROM bk_discuss b left join bk_user u on b.user_id=u.user_id  WHERE b.is_show = 1 AND `parent_id` = 0 ORDER BY b.addtime desc LIMIT 0,5   [ RunTime:0.0258s ]
INFO: [ view_parse ] --START--
INFO: [ template_filter ] --START--
INFO: Run Behavior\ContentReplaceBehavior [ RunTime:0.000119s ]
INFO: [ template_filter ] --END-- [ RunTime:0.000196s ]
NOTIC: [8] Undefined index: userInfo /web/www/blog/tp3/Application/Runtime/Cache/Home/b096bd20c19239b82739cab90f0b6b59.php 第 32 行.
NOTIC: [8] Undefined index: userInfo /web/www/blog/tp3/Application/Runtime/Cache/Home/b096bd20c19239b82739cab90f0b6b59.php 第 109 行.
INFO: Run Behavior\ParseTemplateBehavior [ RunTime:0.663634s ]
INFO: [ view_parse ] --END-- [ RunTime:0.663717s ]
INFO: [ view_filter ] --START--
INFO: Run Behavior\WriteHtmlCacheBehavior [ RunTime:0.000245s ]
INFO: [ view_filter ] --END-- [ RunTime:0.000270s ]
INFO: [ app_end ] --START--
INFO: Run Behavior\ShowPageTraceBehavior [ RunTime:0.000603s ]
INFO: [ app_end ] --END-- [ RunTime:0.000678s ]

[ 2017-03-17T12:57:08+08:00 ] 183.232.228.28 /bolg/tp3/Public/picture/s1.jpg
INFO: [ app_init ] --START--
INFO: Run Behavior\BuildLiteBehavior [ RunTime:0.000027s ]
INFO: [ app_init ] --END-- [ RunTime:0.017601s ]

[ 2017-03-17T13:25:19+08:00 ] 59.41.161.16 /favicon.ico
INFO: [ app_init ] --START--
INFO: Run Behavior\BuildLiteBehavior [ RunTime:0.000022s ]
INFO: [ app_init ] --END-- [ RunTime:0.044594s ]

[ 2017-03-17T14:00:34+08:00 ] 182.48.105.210 /
INFO: [ app_init ] --START--
INFO: Run Behavior\BuildLiteBehavior [ RunTime:0.000026s ]
INFO: [ app_init ] --END-- [ RunTime:0.046478s ]
INFO: [ app_begin ] --START--
INFO: Run Behavior\ReadHtmlCacheBehavior [ RunTime:0.000591s ]
INFO: [ app_begin ] --END-- [ RunTime:0.000671s ]
SQL: SHOW COLUMNS FROM `bk_category` [ RunTime:0.0264s ]
SQL: SELECT * FROM `bk_category` WHERE `parent_id` = 0 AND `is_show` = 1 ORDER BY `addtime` desc  [ RunTime:0.0264s ]
SQL: SHOW COLUMNS FROM `bk_banner` [ RunTime:0.0263s ]
SQL: SELECT * FROM `bk_banner` WHERE `show_addr` = 'index' AND `is_show` = 1 ORDER BY `addtime` desc  [ RunTime:0.0266s ]
SQL: SHOW COLUMNS FROM `bk_article_recommend` [ RunTime:0.0261s ]
SQL: SELECT b.art_id,a.title,a.cate_id,a.introduction,a.discuss_total,a.approve_total,i.image_url,FROM_UNIXTIME(b.addtime,'%Y-%m-%d') as addtime FROM bk_article_recommend b left join bk_article a on b.art_id= a.art_id left join bk_article_images i on b.art_id= i.art_id  WHERE a.is_show = 1 AND b.is_rec = 1 ORDER BY b.sort desc LIMIT 0,10   [ RunTime:0.0263s ]
SQL: SELECT b.art_id,b.title FROM bk_article_recommend b WHERE b.is_rec = 1 ORDER BY b.sort desc LIMIT 0,10   [ RunTime:0.0263s ]
SQL: SHOW COLUMNS FROM `bk_article_hot` [ RunTime:0.0264s ]
SQL: SELECT b.cate_id,b.art_id,b.cate_name,b.title FROM bk_article_hot b ORDER BY b.hot desc LIMIT 0,10   [ RunTime:0.0261s ]
NOTIC: [2] file_get_contents(jsapi_ticket.php): failed to open stream: No such file or directory /web/www/blog/tp3/Application/Home/Util/jssdk/jssdk.php 第 105 行.
NOTIC: [8] Trying to get property of non-object /web/www/blog/tp3/Application/Home/Util/jssdk/jssdk.php 第 49 行.
NOTIC: [2] file_get_contents(access_token.php): failed to open stream: No such file or directory /web/www/blog/tp3/Application/Home/Util/jssdk/jssdk.php 第 105 行.
NOTIC: [8] Trying to get property of non-object /web/www/blog/tp3/Application/Home/Util/jssdk/jssdk.php 第 71 行.
NOTIC: [8] curl_setopt(): CURLOPT_SSL_VERIFYHOST with value 1 is deprecated and will be removed as of libcurl 7.28.1. It is recommended to use value 2 instead /web/www/blog/tp3/Application/Home/Util/jssdk/jssdk.php 第 95 行.
NOTIC: [2] Creating default object from empty value /web/www/blog/tp3/Application/Home/Util/jssdk/jssdk.php 第 78 行.
NOTIC: [2] fopen(access_token.php): failed to open stream: Permission denied /web/www/blog/tp3/Application/Home/Util/jssdk/jssdk.php 第 108 行.
NOTIC: [2] fwrite() expects parameter 1 to be resource, boolean given /web/www/blog/tp3/Application/Home/Util/jssdk/jssdk.php 第 109 行.
NOTIC: [2] fclose() expects parameter 1 to be resource, boolean given /web/www/blog/tp3/Application/Home/Util/jssdk/jssdk.php 第 110 行.
NOTIC: [8] curl_setopt(): CURLOPT_SSL_VERIFYHOST with value 1 is deprecated and will be removed as of libcurl 7.28.1. It is recommended to use value 2 instead /web/www/blog/tp3/Application/Home/Util/jssdk/jssdk.php 第 95 行.
NOTIC: [2] Creating default object from empty value /web/www/blog/tp3/Application/Home/Util/jssdk/jssdk.php 第 57 行.
NOTIC: [2] fopen(jsapi_ticket.php): failed to open stream: Permission denied /web/www/blog/tp3/Application/Home/Util/jssdk/jssdk.php 第 108 行.
NOTIC: [2] fwrite() expects parameter 1 to be resource, boolean given /web/www/blog/tp3/Application/Home/Util/jssdk/jssdk.php 第 109 行.
NOTIC: [2] fclose() expects parameter 1 to be resource, boolean given /web/www/blog/tp3/Application/Home/Util/jssdk/jssdk.php 第 110 行.
SQL: SHOW COLUMNS FROM `bk_discuss` [ RunTime:0.0263s ]
SQL: SELECT b.id,b.art_id,b.art_title,b.parent_id,b.grade,b.content,b.user_id,b.addtime,u.name,u.avatar FROM bk_discuss b left join bk_user u on b.user_id=u.user_id  WHERE b.is_show = 1 AND `parent_id` = 0 ORDER BY b.addtime desc LIMIT 0,5   [ RunTime:0.0262s ]
INFO: [ view_parse ] --START--
INFO: [ template_filter ] --START--
INFO: Run Behavior\ContentReplaceBehavior [ RunTime:0.000115s ]
INFO: [ template_filter ] --END-- [ RunTime:0.000198s ]
NOTIC: [8] Undefined index: userInfo /web/www/blog/tp3/Application/Runtime/Cache/Home/b096bd20c19239b82739cab90f0b6b59.php 第 32 行.
NOTIC: [8] Undefined index: userInfo /web/www/blog/tp3/Application/Runtime/Cache/Home/b096bd20c19239b82739cab90f0b6b59.php 第 109 行.
INFO: Run Behavior\ParseTemplateBehavior [ RunTime:0.583554s ]
INFO: [ view_parse ] --END-- [ RunTime:0.583614s ]
INFO: [ view_filter ] --START--
INFO: Run Behavior\WriteHtmlCacheBehavior [ RunTime:0.000314s ]
INFO: [ view_filter ] --END-- [ RunTime:0.000406s ]
INFO: [ app_end ] --START--
INFO: Run Behavior\ShowPageTraceBehavior [ RunTime:0.000737s ]
INFO: [ app_end ] --END-- [ RunTime:0.000830s ]

[ 2017-03-17T15:59:46+08:00 ] 198.148.106.4 /
INFO: [ app_init ] --START--
INFO: Run Behavior\BuildLiteBehavior [ RunTime:0.000022s ]
INFO: [ app_init ] --END-- [ RunTime:0.046577s ]
INFO: [ app_begin ] --START--
INFO: Run Behavior\ReadHtmlCacheBehavior [ RunTime:0.047642s ]
INFO: [ app_begin ] --END-- [ RunTime:0.047716s ]
SQL: SHOW COLUMNS FROM `bk_category` [ RunTime:0.0249s ]
SQL: SELECT * FROM `bk_category` WHERE `parent_id` = 0 AND `is_show` = 1 ORDER BY `addtime` desc  [ RunTime:0.0247s ]
SQL: SHOW COLUMNS FROM `bk_banner` [ RunTime:0.0248s ]
SQL: SELECT * FROM `bk_banner` WHERE `show_addr` = 'index' AND `is_show` = 1 ORDER BY `addtime` desc  [ RunTime:0.0247s ]
SQL: SHOW COLUMNS FROM `bk_article_recommend` [ RunTime:0.0247s ]
SQL: SELECT b.art_id,a.title,a.cate_id,a.introduction,a.discuss_total,a.approve_total,i.image_url,FROM_UNIXTIME(b.addtime,'%Y-%m-%d') as addtime FROM bk_article_recommend b left join bk_article a on b.art_id= a.art_id left join bk_article_images i on b.art_id= i.art_id  WHERE a.is_show = 1 AND b.is_rec = 1 ORDER BY b.sort desc LIMIT 0,10   [ RunTime:0.0249s ]
SQL: SELECT b.art_id,b.title FROM bk_article_recommend b WHERE b.is_rec = 1 ORDER BY b.sort desc LIMIT 0,10   [ RunTime:0.0247s ]
SQL: SHOW COLUMNS FROM `bk_article_hot` [ RunTime:0.0248s ]
SQL: SELECT b.cate_id,b.art_id,b.cate_name,b.title FROM bk_article_hot b ORDER BY b.hot desc LIMIT 0,10   [ RunTime:0.0246s ]
NOTIC: [2] file_get_contents(jsapi_ticket.php): failed to open stream: No such file or directory /web/www/blog/tp3/Application/Home/Util/jssdk/jssdk.php 第 105 行.
NOTIC: [8] Trying to get property of non-object /web/www/blog/tp3/Application/Home/Util/jssdk/jssdk.php 第 49 行.
NOTIC: [2] file_get_contents(access_token.php): failed to open stream: No such file or directory /web/www/blog/tp3/Application/Home/Util/jssdk/jssdk.php 第 105 行.
NOTIC: [8] Trying to get property of non-object /web/www/blog/tp3/Application/Home/Util/jssdk/jssdk.php 第 71 行.
NOTIC: [8] curl_setopt(): CURLOPT_SSL_VERIFYHOST with value 1 is deprecated and will be removed as of libcurl 7.28.1. It is recommended to use value 2 instead /web/www/blog/tp3/Application/Home/Util/jssdk/jssdk.php 第 95 行.
NOTIC: [2] Creating default object from empty value /web/www/blog/tp3/Application/Home/Util/jssdk/jssdk.php 第 78 行.
NOTIC: [2] fopen(access_token.php): failed to open stream: Permission denied /web/www/blog/tp3/Application/Home/Util/jssdk/jssdk.php 第 108 行.
NOTIC: [2] fwrite() expects parameter 1 to be resource, boolean given /web/www/blog/tp3/Application/Home/Util/jssdk/jssdk.php 第 109 行.
NOTIC: [2] fclose() expects parameter 1 to be resource, boolean given /web/www/blog/tp3/Application/Home/Util/jssdk/jssdk.php 第 110 行.
NOTIC: [8] curl_setopt(): CURLOPT_SSL_VERIFYHOST with value 1 is deprecated and will be removed as of libcurl 7.28.1. It is recommended to use value 2 instead /web/www/blog/tp3/Application/Home/Util/jssdk/jssdk.php 第 95 行.
NOTIC: [2] Creating default object from empty value /web/www/blog/tp3/Application/Home/Util/jssdk/jssdk.php 第 57 行.
NOTIC: [2] fopen(jsapi_ticket.php): failed to open stream: Permission denied /web/www/blog/tp3/Application/Home/Util/jssdk/jssdk.php 第 108 行.
NOTIC: [2] fwrite() expects parameter 1 to be resource, boolean given /web/www/blog/tp3/Application/Home/Util/jssdk/jssdk.php 第 109 行.
NOTIC: [2] fclose() expects parameter 1 to be resource, boolean given /web/www/blog/tp3/Application/Home/Util/jssdk/jssdk.php 第 110 行.
NOTIC: [8] Undefined index: HTTP_HOST /web/www/blog/tp3/Application/Home/Util/jssdk/jssdk.php 第 16 行.
SQL: SHOW COLUMNS FROM `bk_discuss` [ RunTime:0.0264s ]
SQL: SELECT b.id,b.art_id,b.art_title,b.parent_id,b.grade,b.content,b.user_id,b.addtime,u.name,u.avatar FROM bk_discuss b left join bk_user u on b.user_id=u.user_id  WHERE b.is_show = 1 AND `parent_id` = 0 ORDER BY b.addtime desc LIMIT 0,5   [ RunTime:0.0257s ]
INFO: [ view_parse ] --START--
INFO: [ template_filter ] --START--
INFO: Run Behavior\ContentReplaceBehavior [ RunTime:0.000111s ]
INFO: [ template_filter ] --END-- [ RunTime:0.000171s ]
NOTIC: [8] Undefined index: userInfo /web/www/blog/tp3/Application/Runtime/Cache/Home/b096bd20c19239b82739cab90f0b6b59.php 第 32 行.
NOTIC: [8] Undefined index: userInfo /web/www/blog/tp3/Application/Runtime/Cache/Home/b096bd20c19239b82739cab90f0b6b59.php 第 109 行.
INFO: Run Behavior\ParseTemplateBehavior [ RunTime:0.697712s ]
INFO: [ view_parse ] --END-- [ RunTime:0.697792s ]
INFO: [ view_filter ] --START--
INFO: Run Behavior\WriteHtmlCacheBehavior [ RunTime:0.000293s ]
INFO: [ view_filter ] --END-- [ RunTime:0.000325s ]
INFO: [ app_end ] --START--
INFO: Run Behavior\ShowPageTraceBehavior [ RunTime:0.028254s ]
INFO: [ app_end ] --END-- [ RunTime:0.028364s ]

[ 2017-03-17T16:58:49+08:00 ] 184.105.247.196 /
INFO: [ app_init ] --START--
INFO: Run Behavior\BuildLiteBehavior [ RunTime:0.000026s ]
INFO: [ app_init ] --END-- [ RunTime:0.048504s ]
INFO: [ app_begin ] --START--
INFO: Run Behavior\ReadHtmlCacheBehavior [ RunTime:0.053703s ]
INFO: [ app_begin ] --END-- [ RunTime:0.053774s ]
SQL: SHOW COLUMNS FROM `bk_category` [ RunTime:0.0255s ]
SQL: SELECT * FROM `bk_category` WHERE `parent_id` = 0 AND `is_show` = 1 ORDER BY `addtime` desc  [ RunTime:0.0251s ]
SQL: SHOW COLUMNS FROM `bk_banner` [ RunTime:0.0253s ]
SQL: SELECT * FROM `bk_banner` WHERE `show_addr` = 'index' AND `is_show` = 1 ORDER BY `addtime` desc  [ RunTime:0.0253s ]
SQL: SHOW COLUMNS FROM `bk_article_recommend` [ RunTime:0.0253s ]
SQL: SELECT b.art_id,a.title,a.cate_id,a.introduction,a.discuss_total,a.approve_total,i.image_url,FROM_UNIXTIME(b.addtime,'%Y-%m-%d') as addtime FROM bk_article_recommend b left join bk_article a on b.art_id= a.art_id left join bk_article_images i on b.art_id= i.art_id  WHERE a.is_show = 1 AND b.is_rec = 1 ORDER BY b.sort desc LIMIT 0,10   [ RunTime:0.0254s ]
SQL: SELECT b.art_id,b.title FROM bk_article_recommend b WHERE b.is_rec = 1 ORDER BY b.sort desc LIMIT 0,10   [ RunTime:0.0254s ]
SQL: SHOW COLUMNS FROM `bk_article_hot` [ RunTime:0.0253s ]
SQL: SELECT b.cate_id,b.art_id,b.cate_name,b.title FROM bk_article_hot b ORDER BY b.hot desc LIMIT 0,10   [ RunTime:0.0250s ]
NOTIC: [2] file_get_contents(jsapi_ticket.php): failed to open stream: No such file or directory /web/www/blog/tp3/Application/Home/Util/jssdk/jssdk.php 第 105 行.
NOTIC: [8] Trying to get property of non-object /web/www/blog/tp3/Application/Home/Util/jssdk/jssdk.php 第 49 行.
NOTIC: [2] file_get_contents(access_token.php): failed to open stream: No such file or directory /web/www/blog/tp3/Application/Home/Util/jssdk/jssdk.php 第 105 行.
NOTIC: [8] Trying to get property of non-object /web/www/blog/tp3/Application/Home/Util/jssdk/jssdk.php 第 71 行.
NOTIC: [8] curl_setopt(): CURLOPT_SSL_VERIFYHOST with value 1 is deprecated and will be removed as of libcurl 7.28.1. It is recommended to use value 2 instead /web/www/blog/tp3/Application/Home/Util/jssdk/jssdk.php 第 95 行.
NOTIC: [2] Creating default object from empty value /web/www/blog/tp3/Application/Home/Util/jssdk/jssdk.php 第 78 行.
NOTIC: [2] fopen(access_token.php): failed to open stream: Permission denied /web/www/blog/tp3/Application/Home/Util/jssdk/jssdk.php 第 108 行.
NOTIC: [2] fwrite() expects parameter 1 to be resource, boolean given /web/www/blog/tp3/Application/Home/Util/jssdk/jssdk.php 第 109 行.
NOTIC: [2] fclose() expects parameter 1 to be resource, boolean given /web/www/blog/tp3/Application/Home/Util/jssdk/jssdk.php 第 110 行.
NOTIC: [8] curl_setopt(): CURLOPT_SSL_VERIFYHOST with value 1 is deprecated and will be removed as of libcurl 7.28.1. It is recommended to use value 2 instead /web/www/blog/tp3/Application/Home/Util/jssdk/jssdk.php 第 95 行.
NOTIC: [2] Creating default object from empty value /web/www/blog/tp3/Application/Home/Util/jssdk/jssdk.php 第 57 行.
NOTIC: [2] fopen(jsapi_ticket.php): failed to open stream: Permission denied /web/www/blog/tp3/Application/Home/Util/jssdk/jssdk.php 第 108 行.
NOTIC: [2] fwrite() expects parameter 1 to be resource, boolean given /web/www/blog/tp3/Application/Home/Util/jssdk/jssdk.php 第 109 行.
NOTIC: [2] fclose() expects parameter 1 to be resource, boolean given /web/www/blog/tp3/Application/Home/Util/jssdk/jssdk.php 第 110 行.
SQL: SHOW COLUMNS FROM `bk_discuss` [ RunTime:0.0253s ]
SQL: SELECT b.id,b.art_id,b.art_title,b.parent_id,b.grade,b.content,b.user_id,b.addtime,u.name,u.avatar FROM bk_discuss b left join bk_user u on b.user_id=u.user_id  WHERE b.is_show = 1 AND `parent_id` = 0 ORDER BY b.addtime desc LIMIT 0,5   [ RunTime:0.0251s ]
INFO: [ view_parse ] --START--
INFO: [ template_filter ] --START--
INFO: Run Behavior\ContentReplaceBehavior [ RunTime:0.000116s ]
INFO: [ template_filter ] --END-- [ RunTime:0.000194s ]
NOTIC: [8] Undefined index: userInfo /web/www/blog/tp3/Application/Runtime/Cache/Home/b096bd20c19239b82739cab90f0b6b59.php 第 32 行.
NOTIC: [8] Undefined index: userInfo /web/www/blog/tp3/Application/Runtime/Cache/Home/b096bd20c19239b82739cab90f0b6b59.php 第 109 行.
INFO: Run Behavior\ParseTemplateBehavior [ RunTime:0.713027s ]
INFO: [ view_parse ] --END-- [ RunTime:0.713101s ]
INFO: [ view_filter ] --START--
INFO: Run Behavior\WriteHtmlCacheBehavior [ RunTime:0.046460s ]
INFO: [ view_filter ] --END-- [ RunTime:0.046541s ]

[ 2017-03-17T17:21:35+08:00 ] 182.48.105.210 /
INFO: [ app_init ] --START--
INFO: Run Behavior\BuildLiteBehavior [ RunTime:0.000018s ]
INFO: [ app_init ] --END-- [ RunTime:0.000403s ]
INFO: [ app_begin ] --START--
INFO: Run Behavior\ReadHtmlCacheBehavior [ RunTime:0.045674s ]
INFO: [ app_begin ] --END-- [ RunTime:0.045757s ]
SQL: SHOW COLUMNS FROM `bk_category` [ RunTime:0.0265s ]
SQL: SELECT * FROM `bk_category` WHERE `parent_id` = 0 AND `is_show` = 1 ORDER BY `addtime` desc  [ RunTime:0.0262s ]
SQL: SHOW COLUMNS FROM `bk_banner` [ RunTime:0.0264s ]
SQL: SELECT * FROM `bk_banner` WHERE `show_addr` = 'index' AND `is_show` = 1 ORDER BY `addtime` desc  [ RunTime:0.0264s ]
SQL: SHOW COLUMNS FROM `bk_article_recommend` [ RunTime:0.0266s ]
SQL: SELECT b.art_id,a.title,a.cate_id,a.introduction,a.discuss_total,a.approve_total,i.image_url,FROM_UNIXTIME(b.addtime,'%Y-%m-%d') as addtime FROM bk_article_recommend b left join bk_article a on b.art_id= a.art_id left join bk_article_images i on b.art_id= i.art_id  WHERE a.is_show = 1 AND b.is_rec = 1 ORDER BY b.sort desc LIMIT 0,10   [ RunTime:0.0265s ]
SQL: SELECT b.art_id,b.title FROM bk_article_recommend b WHERE b.is_rec = 1 ORDER BY b.sort desc LIMIT 0,10   [ RunTime:0.0263s ]
SQL: SHOW COLUMNS FROM `bk_article_hot` [ RunTime:0.0264s ]
SQL: SELECT b.cate_id,b.art_id,b.cate_name,b.title FROM bk_article_hot b ORDER BY b.hot desc LIMIT 0,10   [ RunTime:0.0261s ]
NOTIC: [2] file_get_contents(jsapi_ticket.php): failed to open stream: No such file or directory /web/www/blog/tp3/Application/Home/Util/jssdk/jssdk.php 第 105 行.
NOTIC: [8] Trying to get property of non-object /web/www/blog/tp3/Application/Home/Util/jssdk/jssdk.php 第 49 行.
NOTIC: [2] file_get_contents(access_token.php): failed to open stream: No such file or directory /web/www/blog/tp3/Application/Home/Util/jssdk/jssdk.php 第 105 行.
NOTIC: [8] Trying to get property of non-object /web/www/blog/tp3/Application/Home/Util/jssdk/jssdk.php 第 71 行.
NOTIC: [8] curl_setopt(): CURLOPT_SSL_VERIFYHOST with value 1 is deprecated and will be removed as of libcurl 7.28.1. It is recommended to use value 2 instead /web/www/blog/tp3/Application/Home/Util/jssdk/jssdk.php 第 95 行.
NOTIC: [2] Creating default object from empty value /web/www/blog/tp3/Application/Home/Util/jssdk/jssdk.php 第 78 行.
NOTIC: [2] fopen(access_token.php): failed to open stream: Permission denied /web/www/blog/tp3/Application/Home/Util/jssdk/jssdk.php 第 108 行.
NOTIC: [2] fwrite() expects parameter 1 to be resource, boolean given /web/www/blog/tp3/Application/Home/Util/jssdk/jssdk.php 第 109 行.
NOTIC: [2] fclose() expects parameter 1 to be resource, boolean given /web/www/blog/tp3/Application/Home/Util/jssdk/jssdk.php 第 110 行.
NOTIC: [8] curl_setopt(): CURLOPT_SSL_VERIFYHOST with value 1 is deprecated and will be removed as of libcurl 7.28.1. It is recommended to use value 2 instead /web/www/blog/tp3/Application/Home/Util/jssdk/jssdk.php 第 95 行.
NOTIC: [2] Creating default object from empty value /web/www/blog/tp3/Application/Home/Util/jssdk/jssdk.php 第 57 行.
NOTIC: [2] fopen(jsapi_ticket.php): failed to open stream: Permission denied /web/www/blog/tp3/Application/Home/Util/jssdk/jssdk.php 第 108 行.
NOTIC: [2] fwrite() expects parameter 1 to be resource, boolean given /web/www/blog/tp3/Application/Home/Util/jssdk/jssdk.php 第 109 行.
NOTIC: [2] fclose() expects parameter 1 to be resource, boolean given /web/www/blog/tp3/Application/Home/Util/jssdk/jssdk.php 第 110 行.
SQL: SHOW COLUMNS FROM `bk_discuss` [ RunTime:0.0264s ]
SQL: SELECT b.id,b.art_id,b.art_title,b.parent_id,b.grade,b.content,b.user_id,b.addtime,u.name,u.avatar FROM bk_discuss b left join bk_user u on b.user_id=u.user_id  WHERE b.is_show = 1 AND `parent_id` = 0 ORDER BY b.addtime desc LIMIT 0,5   [ RunTime:0.0263s ]
INFO: [ view_parse ] --START--
INFO: [ template_filter ] --START--
INFO: Run Behavior\ContentReplaceBehavior [ RunTime:0.046183s ]
INFO: [ template_filter ] --END-- [ RunTime:0.046300s ]
NOTIC: [8] Undefined index: userInfo /web/www/blog/tp3/Application/Runtime/Cache/Home/b096bd20c19239b82739cab90f0b6b59.php 第 32 行.
NOTIC: [8] Undefined index: userInfo /web/www/blog/tp3/Application/Runtime/Cache/Home/b096bd20c19239b82739cab90f0b6b59.php 第 109 行.
INFO: Run Behavior\ParseTemplateBehavior [ RunTime:0.659325s ]
INFO: [ view_parse ] --END-- [ RunTime:0.659394s ]
INFO: [ view_filter ] --START--
INFO: Run Behavior\WriteHtmlCacheBehavior [ RunTime:0.000324s ]
INFO: [ view_filter ] --END-- [ RunTime:0.000364s ]
INFO: [ app_end ] --START--
INFO: Run Behavior\ShowPageTraceBehavior [ RunTime:0.041525s ]
INFO: [ app_end ] --END-- [ RunTime:0.041641s ]

[ 2017-03-17T19:18:49+08:00 ] 60.191.38.77 /
INFO: [ app_init ] --START--
INFO: Run Behavior\BuildLiteBehavior [ RunTime:0.000017s ]
INFO: [ app_init ] --END-- [ RunTime:0.046507s ]
INFO: [ app_begin ] --START--
INFO: Run Behavior\ReadHtmlCacheBehavior [ RunTime:0.046699s ]
INFO: [ app_begin ] --END-- [ RunTime:0.046777s ]
SQL: SHOW COLUMNS FROM `bk_category` [ RunTime:0.0265s ]
SQL: SELECT * FROM `bk_category` WHERE `parent_id` = 0 AND `is_show` = 1 ORDER BY `addtime` desc  [ RunTime:0.0263s ]
SQL: SHOW COLUMNS FROM `bk_banner` [ RunTime:0.0265s ]
SQL: SELECT * FROM `bk_banner` WHERE `show_addr` = 'index' AND `is_show` = 1 ORDER BY `addtime` desc  [ RunTime:0.0261s ]
SQL: SHOW COLUMNS FROM `bk_article_recommend` [ RunTime:0.0264s ]
SQL: SELECT b.art_id,a.title,a.cate_id,a.introduction,a.discuss_total,a.approve_total,i.image_url,FROM_UNIXTIME(b.addtime,'%Y-%m-%d') as addtime FROM bk_article_recommend b left join bk_article a on b.art_id= a.art_id left join bk_article_images i on b.art_id= i.art_id  WHERE a.is_show = 1 AND b.is_rec = 1 ORDER BY b.sort desc LIMIT 0,10   [ RunTime:0.0264s ]
SQL: SELECT b.art_id,b.title FROM bk_article_recommend b WHERE b.is_rec = 1 ORDER BY b.sort desc LIMIT 0,10   [ RunTime:0.0262s ]
SQL: SHOW COLUMNS FROM `bk_article_hot` [ RunTime:0.0263s ]
SQL: SELECT b.cate_id,b.art_id,b.cate_name,b.title FROM bk_article_hot b ORDER BY b.hot desc LIMIT 0,10   [ RunTime:0.0261s ]
NOTIC: [2] file_get_contents(jsapi_ticket.php): failed to open stream: No such file or directory /web/www/blog/tp3/Application/Home/Util/jssdk/jssdk.php 第 105 行.
NOTIC: [8] Trying to get property of non-object /web/www/blog/tp3/Application/Home/Util/jssdk/jssdk.php 第 49 行.
NOTIC: [2] file_get_contents(access_token.php): failed to open stream: No such file or directory /web/www/blog/tp3/Application/Home/Util/jssdk/jssdk.php 第 105 行.
NOTIC: [8] Trying to get property of non-object /web/www/blog/tp3/Application/Home/Util/jssdk/jssdk.php 第 71 行.
NOTIC: [8] curl_setopt(): CURLOPT_SSL_VERIFYHOST with value 1 is deprecated and will be removed as of libcurl 7.28.1. It is recommended to use value 2 instead /web/www/blog/tp3/Application/Home/Util/jssdk/jssdk.php 第 95 行.
NOTIC: [2] Creating default object from empty value /web/www/blog/tp3/Application/Home/Util/jssdk/jssdk.php 第 78 行.
NOTIC: [2] fopen(access_token.php): failed to open stream: Permission denied /web/www/blog/tp3/Application/Home/Util/jssdk/jssdk.php 第 108 行.
NOTIC: [2] fwrite() expects parameter 1 to be resource, boolean given /web/www/blog/tp3/Application/Home/Util/jssdk/jssdk.php 第 109 行.
NOTIC: [2] fclose() expects parameter 1 to be resource, boolean given /web/www/blog/tp3/Application/Home/Util/jssdk/jssdk.php 第 110 行.
NOTIC: [8] curl_setopt(): CURLOPT_SSL_VERIFYHOST with value 1 is deprecated and will be removed as of libcurl 7.28.1. It is recommended to use value 2 instead /web/www/blog/tp3/Application/Home/Util/jssdk/jssdk.php 第 95 行.
NOTIC: [2] Creating default object from empty value /web/www/blog/tp3/Application/Home/Util/jssdk/jssdk.php 第 57 行.
NOTIC: [2] fopen(jsapi_ticket.php): failed to open stream: Permission denied /web/www/blog/tp3/Application/Home/Util/jssdk/jssdk.php 第 108 行.
NOTIC: [2] fwrite() expects parameter 1 to be resource, boolean given /web/www/blog/tp3/Application/Home/Util/jssdk/jssdk.php 第 109 行.
NOTIC: [2] fclose() expects parameter 1 to be resource, boolean given /web/www/blog/tp3/Application/Home/Util/jssdk/jssdk.php 第 110 行.
SQL: SHOW COLUMNS FROM `bk_discuss` [ RunTime:0.0266s ]
SQL: SELECT b.id,b.art_id,b.art_title,b.parent_id,b.grade,b.content,b.user_id,b.addtime,u.name,u.avatar FROM bk_discuss b left join bk_user u on b.user_id=u.user_id  WHERE b.is_show = 1 AND `parent_id` = 0 ORDER BY b.addtime desc LIMIT 0,5   [ RunTime:0.0264s ]
INFO: [ view_parse ] --START--
INFO: [ template_filter ] --START--
INFO: Run Behavior\ContentReplaceBehavior [ RunTime:0.000111s ]
INFO: [ template_filter ] --END-- [ RunTime:0.000181s ]
NOTIC: [8] Undefined index: userInfo /web/www/blog/tp3/Application/Runtime/Cache/Home/b096bd20c19239b82739cab90f0b6b59.php 第 32 行.
NOTIC: [8] Undefined index: userInfo /web/www/blog/tp3/Application/Runtime/Cache/Home/b096bd20c19239b82739cab90f0b6b59.php 第 110 行.
INFO: Run Behavior\ParseTemplateBehavior [ RunTime:0.705262s ]
INFO: [ view_parse ] --END-- [ RunTime:0.705338s ]
INFO: [ view_filter ] --START--
INFO: Run Behavior\WriteHtmlCacheBehavior [ RunTime:0.000284s ]
INFO: [ view_filter ] --END-- [ RunTime:0.000324s ]
INFO: [ app_end ] --START--
INFO: Run Behavior\ShowPageTraceBehavior [ RunTime:0.033885s ]
INFO: [ app_end ] --END-- [ RunTime:0.033992s ]

[ 2017-03-17T20:47:28+08:00 ] 185.102.218.60 /admin/i18n/readme.txt
INFO: [ app_init ] --START--
INFO: Run Behavior\BuildLiteBehavior [ RunTime:0.000014s ]
INFO: [ app_init ] --END-- [ RunTime:0.000314s ]
INFO: [ app_begin ] --START--
INFO: Run Behavior\ReadHtmlCacheBehavior [ RunTime:0.000385s ]
INFO: [ app_begin ] --END-- [ RunTime:0.000436s ]
ERR: 无法加载控制器:Admin

[ 2017-03-17T21:03:41+08:00 ] 89.163.146.72 /
INFO: [ app_init ] --START--
INFO: Run Behavior\BuildLiteBehavior [ RunTime:0.000027s ]
INFO: [ app_init ] --END-- [ RunTime:0.024606s ]
INFO: [ app_begin ] --START--
INFO: Run Behavior\ReadHtmlCacheBehavior [ RunTime:0.034774s ]
INFO: [ app_begin ] --END-- [ RunTime:0.034880s ]
SQL: SHOW COLUMNS FROM `bk_category` [ RunTime:0.0250s ]
SQL: SELECT * FROM `bk_category` WHERE `parent_id` = 0 AND `is_show` = 1 ORDER BY `addtime` desc  [ RunTime:0.0248s ]
SQL: SHOW COLUMNS FROM `bk_banner` [ RunTime:0.0249s ]
SQL: SELECT * FROM `bk_banner` WHERE `show_addr` = 'index' AND `is_show` = 1 ORDER BY `addtime` desc  [ RunTime:0.0249s ]
SQL: SHOW COLUMNS FROM `bk_article_recommend` [ RunTime:0.0250s ]
SQL: SELECT b.art_id,a.title,a.cate_id,a.introduction,a.discuss_total,a.approve_total,i.image_url,FROM_UNIXTIME(b.addtime,'%Y-%m-%d') as addtime FROM bk_article_recommend b left join bk_article a on b.art_id= a.art_id left join bk_article_images i on b.art_id= i.art_id  WHERE a.is_show = 1 AND b.is_rec = 1 ORDER BY b.sort desc LIMIT 0,10   [ RunTime:0.0251s ]
SQL: SELECT b.art_id,b.title FROM bk_article_recommend b WHERE b.is_rec = 1 ORDER BY b.sort desc LIMIT 0,10   [ RunTime:0.0249s ]
SQL: SHOW COLUMNS FROM `bk_article_hot` [ RunTime:0.0252s ]
SQL: SELECT b.cate_id,b.art_id,b.cate_name,b.title FROM bk_article_hot b ORDER BY b.hot desc LIMIT 0,10   [ RunTime:0.0248s ]
NOTIC: [2] file_get_contents(jsapi_ticket.php): failed to open stream: No such file or directory /web/www/blog/tp3/Application/Home/Util/jssdk/jssdk.php 第 105 行.
NOTIC: [8] Trying to get property of non-object /web/www/blog/tp3/Application/Home/Util/jssdk/jssdk.php 第 49 行.
NOTIC: [2] file_get_contents(access_token.php): failed to open stream: No such file or directory /web/www/blog/tp3/Application/Home/Util/jssdk/jssdk.php 第 105 行.
NOTIC: [8] Trying to get property of non-object /web/www/blog/tp3/Application/Home/Util/jssdk/jssdk.php 第 71 行.
NOTIC: [8] curl_setopt(): CURLOPT_SSL_VERIFYHOST with value 1 is deprecated and will be removed as of libcurl 7.28.1. It is recommended to use value 2 instead /web/www/blog/tp3/Application/Home/Util/jssdk/jssdk.php 第 95 行.
NOTIC: [2] Creating default object from empty value /web/www/blog/tp3/Application/Home/Util/jssdk/jssdk.php 第 78 行.
NOTIC: [2] fopen(access_token.php): failed to open stream: Permission denied /web/www/blog/tp3/Application/Home/Util/jssdk/jssdk.php 第 108 行.
NOTIC: [2] fwrite() expects parameter 1 to be resource, boolean given /web/www/blog/tp3/Application/Home/Util/jssdk/jssdk.php 第 109 行.
NOTIC: [2] fclose() expects parameter 1 to be resource, boolean given /web/www/blog/tp3/Application/Home/Util/jssdk/jssdk.php 第 110 行.
NOTIC: [8] curl_setopt(): CURLOPT_SSL_VERIFYHOST with value 1 is deprecated and will be removed as of libcurl 7.28.1. It is recommended to use value 2 instead /web/www/blog/tp3/Application/Home/Util/jssdk/jssdk.php 第 95 行.
NOTIC: [2] Creating default object from empty value /web/www/blog/tp3/Application/Home/Util/jssdk/jssdk.php 第 57 行.
NOTIC: [2] fopen(jsapi_ticket.php): failed to open stream: Permission denied /web/www/blog/tp3/Application/Home/Util/jssdk/jssdk.php 第 108 行.
NOTIC: [2] fwrite() expects parameter 1 to be resource, boolean given /web/www/blog/tp3/Application/Home/Util/jssdk/jssdk.php 第 109 行.
NOTIC: [2] fclose() expects parameter 1 to be resource, boolean given /web/www/blog/tp3/Application/Home/Util/jssdk/jssdk.php 第 110 行.
SQL: SHOW COLUMNS FROM `bk_discuss` [ RunTime:0.0250s ]
SQL: SELECT b.id,b.art_id,b.art_title,b.parent_id,b.grade,b.content,b.user_id,b.addtime,u.name,u.avatar FROM bk_discuss b left join bk_user u on b.user_id=u.user_id  WHERE b.is_show = 1 AND `parent_id` = 0 ORDER BY b.addtime desc LIMIT 0,5   [ RunTime:0.0249s ]
INFO: [ view_parse ] --START--
INFO: [ template_filter ] --START--
INFO: Run Behavior\ContentReplaceBehavior [ RunTime:0.000125s ]
INFO: [ template_filter ] --END-- [ RunTime:0.000219s ]
NOTIC: [8] Undefined index: userInfo /web/www/blog/tp3/Application/Runtime/Cache/Home/b096bd20c19239b82739cab90f0b6b59.php 第 32 行.
NOTIC: [8] Undefined index: userInfo /web/www/blog/tp3/Application/Runtime/Cache/Home/b096bd20c19239b82739cab90f0b6b59.php 第 125 行.
INFO: Run Behavior\ParseTemplateBehavior [ RunTime:0.643327s ]
INFO: [ view_parse ] --END-- [ RunTime:0.643400s ]
INFO: [ view_filter ] --START--
INFO: Run Behavior\WriteHtmlCacheBehavior [ RunTime:0.049442s ]
INFO: [ view_filter ] --END-- [ RunTime:0.049516s ]
INFO: [ app_end ] --START--
INFO: Run Behavior\ShowPageTraceBehavior [ RunTime:0.000564s ]
INFO: [ app_end ] --END-- [ RunTime:0.000637s ]

[ 2017-03-17T23:33:13+08:00 ] 59.41.162.76 /favicon.ico
INFO: [ app_init ] --START--
INFO: Run Behavior\BuildLiteBehavior [ RunTime:0.000019s ]
INFO: [ app_init ] --END-- [ RunTime:0.000374s ]

