[ 2017-10-20T02:21:25+08:00 ] 101.226.33.205 /
INFO: [ app_init ] --START--
INFO: Run Behavior\BuildLiteBehavior [ RunTime:0.000009s ]
INFO: [ app_init ] --END-- [ RunTime:0.000402s ]
INFO: [ app_begin ] --START--
INFO: Run Behavior\ReadHtmlCacheBehavior [ RunTime:0.000462s ]
INFO: [ app_begin ] --END-- [ RunTime:0.000500s ]
SQL: SHOW COLUMNS FROM `bk_category` [ RunTime:0.0027s ]
SQL: SELECT * FROM `bk_category` WHERE `parent_id` = 0 AND `is_show` = 1 ORDER BY `addtime` desc  [ RunTime:0.0004s ]
SQL: SHOW COLUMNS FROM `bk_banner` [ RunTime:0.0008s ]
SQL: SELECT * FROM `bk_banner` WHERE `show_addr` = 'index' AND `is_show` = 1 ORDER BY `addtime` desc  [ RunTime:0.0003s ]
SQL: SHOW COLUMNS FROM `bk_article_recommend` [ RunTime:0.0003s ]
SQL: SELECT b.art_id,a.title,a.cate_id,a.introduction,a.discuss_total,a.approve_total,i.image_url,FROM_UNIXTIME(b.addtime,'%Y-%m-%d') as addtime FROM bk_article_recommend b left join bk_article a on b.art_id= a.art_id left join bk_article_images i on b.art_id= i.art_id  WHERE a.is_show = 1 AND b.is_rec = 1 ORDER BY b.sort desc LIMIT 0,10   [ RunTime:0.0006s ]
SQL: SELECT b.art_id,b.title FROM bk_article_recommend b WHERE b.is_rec = 1 ORDER BY b.sort desc LIMIT 0,10   [ RunTime:0.0002s ]
SQL: SHOW COLUMNS FROM `bk_article_hot` [ RunTime:0.0003s ]
SQL: SELECT b.cate_id,b.art_id,b.cate_name,b.title FROM bk_article_hot b ORDER BY b.hot desc LIMIT 0,10   [ RunTime:0.0001s ]
NOTIC: [2] file_get_contents(jsapi_ticket.php): failed to open stream: No such file or directory /web/www/blog/tp3/Application/Home/Util/jssdk/jssdk.php 第 105 行.
NOTIC: [8] Trying to get property of non-object /web/www/blog/tp3/Application/Home/Util/jssdk/jssdk.php 第 49 行.
NOTIC: [2] file_get_contents(access_token.php): failed to open stream: No such file or directory /web/www/blog/tp3/Application/Home/Util/jssdk/jssdk.php 第 105 行.
NOTIC: [8] Trying to get property of non-object /web/www/blog/tp3/Application/Home/Util/jssdk/jssdk.php 第 71 行.
NOTIC: [8] curl_setopt(): CURLOPT_SSL_VERIFYHOST no longer accepts the value 1, value 2 will be used instead /web/www/blog/tp3/Application/Home/Util/jssdk/jssdk.php 第 95 行.
NOTIC: [2] Creating default object from empty value /web/www/blog/tp3/Application/Home/Util/jssdk/jssdk.php 第 78 行.
NOTIC: [2] fopen(access_token.php): failed to open stream: Permission denied /web/www/blog/tp3/Application/Home/Util/jssdk/jssdk.php 第 108 行.
NOTIC: [2] fwrite() expects parameter 1 to be resource, boolean given /web/www/blog/tp3/Application/Home/Util/jssdk/jssdk.php 第 109 行.
NOTIC: [2] fclose() expects parameter 1 to be resource, boolean given /web/www/blog/tp3/Application/Home/Util/jssdk/jssdk.php 第 110 行.
NOTIC: [8] curl_setopt(): CURLOPT_SSL_VERIFYHOST no longer accepts the value 1, value 2 will be used instead /web/www/blog/tp3/Application/Home/Util/jssdk/jssdk.php 第 95 行.
NOTIC: [2] Creating default object from empty value /web/www/blog/tp3/Application/Home/Util/jssdk/jssdk.php 第 57 行.
NOTIC: [2] fopen(jsapi_ticket.php): failed to open stream: Permission denied /web/www/blog/tp3/Application/Home/Util/jssdk/jssdk.php 第 108 行.
NOTIC: [2] fwrite() expects parameter 1 to be resource, boolean given /web/www/blog/tp3/Application/Home/Util/jssdk/jssdk.php 第 109 行.
NOTIC: [2] fclose() expects parameter 1 to be resource, boolean given /web/www/blog/tp3/Application/Home/Util/jssdk/jssdk.php 第 110 行.
SQL: SHOW COLUMNS FROM `bk_discuss` [ RunTime:0.0008s ]
SQL: SELECT b.id,b.art_id,b.art_title,b.parent_id,b.grade,b.content,b.user_id,b.addtime,u.name,u.avatar FROM bk_discuss b left join bk_user u on b.user_id=u.user_id  WHERE b.is_show = 1 AND `parent_id` = 0 ORDER BY b.addtime desc LIMIT 0,5   [ RunTime:0.0004s ]
INFO: [ view_parse ] --START--
INFO: [ template_filter ] --START--
INFO: Run Behavior\ContentReplaceBehavior [ RunTime:0.000899s ]
INFO: [ template_filter ] --END-- [ RunTime:0.000928s ]
NOTIC: [8] Undefined index: userInfo /web/www/blog/tp3/Application/Runtime/Cache/Home/b096bd20c19239b82739cab90f0b6b59.php 第 34 行.
NOTIC: [8] Undefined index: userInfo /web/www/blog/tp3/Application/Runtime/Cache/Home/b096bd20c19239b82739cab90f0b6b59.php 第 198 行.
INFO: Run Behavior\ParseTemplateBehavior [ RunTime:0.110370s ]
INFO: [ view_parse ] --END-- [ RunTime:0.110393s ]
INFO: [ view_filter ] --START--
INFO: Run Behavior\WriteHtmlCacheBehavior [ RunTime:0.096605s ]
INFO: [ view_filter ] --END-- [ RunTime:0.096630s ]
INFO: [ app_end ] --START--
INFO: Run Behavior\ShowPageTraceBehavior [ RunTime:0.000818s ]
INFO: [ app_end ] --END-- [ RunTime:0.000839s ]

[ 2017-10-20T06:08:13+08:00 ] 106.11.242.49 /
INFO: [ app_init ] --START--
INFO: Run Behavior\BuildLiteBehavior [ RunTime:0.000012s ]
INFO: [ app_init ] --END-- [ RunTime:0.000391s ]
INFO: [ app_begin ] --START--
INFO: Run Behavior\ReadHtmlCacheBehavior [ RunTime:0.000413s ]
INFO: [ app_begin ] --END-- [ RunTime:0.000443s ]
SQL: SHOW COLUMNS FROM `bk_category` [ RunTime:0.0019s ]
SQL: SELECT * FROM `bk_category` WHERE `parent_id` = 0 AND `is_show` = 1 ORDER BY `addtime` desc  [ RunTime:0.0006s ]
SQL: SHOW COLUMNS FROM `bk_banner` [ RunTime:0.0003s ]
SQL: SELECT * FROM `bk_banner` WHERE `show_addr` = 'index' AND `is_show` = 1 ORDER BY `addtime` desc  [ RunTime:0.0002s ]
SQL: SHOW COLUMNS FROM `bk_article_recommend` [ RunTime:0.0003s ]
SQL: SELECT b.art_id,a.title,a.cate_id,a.introduction,a.discuss_total,a.approve_total,i.image_url,FROM_UNIXTIME(b.addtime,'%Y-%m-%d') as addtime FROM bk_article_recommend b left join bk_article a on b.art_id= a.art_id left join bk_article_images i on b.art_id= i.art_id  WHERE a.is_show = 1 AND b.is_rec = 1 ORDER BY b.sort desc LIMIT 0,10   [ RunTime:0.0004s ]
SQL: SELECT b.art_id,b.title FROM bk_article_recommend b WHERE b.is_rec = 1 ORDER BY b.sort desc LIMIT 0,10   [ RunTime:0.0002s ]
SQL: SHOW COLUMNS FROM `bk_article_hot` [ RunTime:0.0003s ]
SQL: SELECT b.cate_id,b.art_id,b.cate_name,b.title FROM bk_article_hot b ORDER BY b.hot desc LIMIT 0,10   [ RunTime:0.0001s ]
NOTIC: [2] file_get_contents(jsapi_ticket.php): failed to open stream: No such file or directory /web/www/blog/tp3/Application/Home/Util/jssdk/jssdk.php 第 105 行.
NOTIC: [8] Trying to get property of non-object /web/www/blog/tp3/Application/Home/Util/jssdk/jssdk.php 第 49 行.
NOTIC: [2] file_get_contents(access_token.php): failed to open stream: No such file or directory /web/www/blog/tp3/Application/Home/Util/jssdk/jssdk.php 第 105 行.
NOTIC: [8] Trying to get property of non-object /web/www/blog/tp3/Application/Home/Util/jssdk/jssdk.php 第 71 行.
NOTIC: [8] curl_setopt(): CURLOPT_SSL_VERIFYHOST no longer accepts the value 1, value 2 will be used instead /web/www/blog/tp3/Application/Home/Util/jssdk/jssdk.php 第 95 行.
NOTIC: [2] Creating default object from empty value /web/www/blog/tp3/Application/Home/Util/jssdk/jssdk.php 第 78 行.
NOTIC: [2] fopen(access_token.php): failed to open stream: Permission denied /web/www/blog/tp3/Application/Home/Util/jssdk/jssdk.php 第 108 行.
NOTIC: [2] fwrite() expects parameter 1 to be resource, boolean given /web/www/blog/tp3/Application/Home/Util/jssdk/jssdk.php 第 109 行.
NOTIC: [2] fclose() expects parameter 1 to be resource, boolean given /web/www/blog/tp3/Application/Home/Util/jssdk/jssdk.php 第 110 行.
NOTIC: [8] curl_setopt(): CURLOPT_SSL_VERIFYHOST no longer accepts the value 1, value 2 will be used instead /web/www/blog/tp3/Application/Home/Util/jssdk/jssdk.php 第 95 行.
NOTIC: [2] Creating default object from empty value /web/www/blog/tp3/Application/Home/Util/jssdk/jssdk.php 第 57 行.
NOTIC: [2] fopen(jsapi_ticket.php): failed to open stream: Permission denied /web/www/blog/tp3/Application/Home/Util/jssdk/jssdk.php 第 108 行.
NOTIC: [2] fwrite() expects parameter 1 to be resource, boolean given /web/www/blog/tp3/Application/Home/Util/jssdk/jssdk.php 第 109 行.
NOTIC: [2] fclose() expects parameter 1 to be resource, boolean given /web/www/blog/tp3/Application/Home/Util/jssdk/jssdk.php 第 110 行.
SQL: SHOW COLUMNS FROM `bk_discuss` [ RunTime:0.0006s ]
SQL: SELECT b.id,b.art_id,b.art_title,b.parent_id,b.grade,b.content,b.user_id,b.addtime,u.name,u.avatar FROM bk_discuss b left join bk_user u on b.user_id=u.user_id  WHERE b.is_show = 1 AND `parent_id` = 0 ORDER BY b.addtime desc LIMIT 0,5   [ RunTime:0.0003s ]
INFO: [ view_parse ] --START--
INFO: [ template_filter ] --START--
INFO: Run Behavior\ContentReplaceBehavior [ RunTime:0.000083s ]
INFO: [ template_filter ] --END-- [ RunTime:0.000110s ]
NOTIC: [8] Undefined index: userInfo /web/www/blog/tp3/Application/Runtime/Cache/Home/b096bd20c19239b82739cab90f0b6b59.php 第 34 行.
NOTIC: [8] Undefined index: userInfo /web/www/blog/tp3/Application/Runtime/Cache/Home/b096bd20c19239b82739cab90f0b6b59.php 第 198 行.
INFO: Run Behavior\ParseTemplateBehavior [ RunTime:0.013238s ]
INFO: [ view_parse ] --END-- [ RunTime:0.013262s ]
INFO: [ view_filter ] --START--
INFO: Run Behavior\WriteHtmlCacheBehavior [ RunTime:0.000227s ]
INFO: [ view_filter ] --END-- [ RunTime:0.000240s ]
INFO: [ app_end ] --START--
INFO: Run Behavior\ShowPageTraceBehavior [ RunTime:0.011975s ]
INFO: [ app_end ] --END-- [ RunTime:0.012005s ]

[ 2017-10-20T06:22:41+08:00 ] 221.238.131.250 /
INFO: [ app_init ] --START--
INFO: Run Behavior\BuildLiteBehavior [ RunTime:0.000009s ]
INFO: [ app_init ] --END-- [ RunTime:0.000258s ]
INFO: [ app_begin ] --START--
INFO: Run Behavior\ReadHtmlCacheBehavior [ RunTime:0.000318s ]
INFO: [ app_begin ] --END-- [ RunTime:0.000341s ]
SQL: SHOW COLUMNS FROM `bk_category` [ RunTime:0.0017s ]
SQL: SELECT * FROM `bk_category` WHERE `parent_id` = 0 AND `is_show` = 1 ORDER BY `addtime` desc  [ RunTime:0.0008s ]
SQL: SHOW COLUMNS FROM `bk_banner` [ RunTime:0.0010s ]
SQL: SELECT * FROM `bk_banner` WHERE `show_addr` = 'index' AND `is_show` = 1 ORDER BY `addtime` desc  [ RunTime:0.0002s ]
SQL: SHOW COLUMNS FROM `bk_article_recommend` [ RunTime:0.0003s ]
SQL: SELECT b.art_id,a.title,a.cate_id,a.introduction,a.discuss_total,a.approve_total,i.image_url,FROM_UNIXTIME(b.addtime,'%Y-%m-%d') as addtime FROM bk_article_recommend b left join bk_article a on b.art_id= a.art_id left join bk_article_images i on b.art_id= i.art_id  WHERE a.is_show = 1 AND b.is_rec = 1 ORDER BY b.sort desc LIMIT 0,10   [ RunTime:0.0005s ]
SQL: SELECT b.art_id,b.title FROM bk_article_recommend b WHERE b.is_rec = 1 ORDER BY b.sort desc LIMIT 0,10   [ RunTime:0.0002s ]
SQL: SHOW COLUMNS FROM `bk_article_hot` [ RunTime:0.0003s ]
SQL: SELECT b.cate_id,b.art_id,b.cate_name,b.title FROM bk_article_hot b ORDER BY b.hot desc LIMIT 0,10   [ RunTime:0.0001s ]
NOTIC: [2] file_get_contents(jsapi_ticket.php): failed to open stream: No such file or directory /web/www/blog/tp3/Application/Home/Util/jssdk/jssdk.php 第 105 行.
NOTIC: [8] Trying to get property of non-object /web/www/blog/tp3/Application/Home/Util/jssdk/jssdk.php 第 49 行.
NOTIC: [2] file_get_contents(access_token.php): failed to open stream: No such file or directory /web/www/blog/tp3/Application/Home/Util/jssdk/jssdk.php 第 105 行.
NOTIC: [8] Trying to get property of non-object /web/www/blog/tp3/Application/Home/Util/jssdk/jssdk.php 第 71 行.
NOTIC: [8] curl_setopt(): CURLOPT_SSL_VERIFYHOST no longer accepts the value 1, value 2 will be used instead /web/www/blog/tp3/Application/Home/Util/jssdk/jssdk.php 第 95 行.
NOTIC: [2] Creating default object from empty value /web/www/blog/tp3/Application/Home/Util/jssdk/jssdk.php 第 78 行.
NOTIC: [2] fopen(access_token.php): failed to open stream: Permission denied /web/www/blog/tp3/Application/Home/Util/jssdk/jssdk.php 第 108 行.
NOTIC: [2] fwrite() expects parameter 1 to be resource, boolean given /web/www/blog/tp3/Application/Home/Util/jssdk/jssdk.php 第 109 行.
NOTIC: [2] fclose() expects parameter 1 to be resource, boolean given /web/www/blog/tp3/Application/Home/Util/jssdk/jssdk.php 第 110 行.
NOTIC: [8] curl_setopt(): CURLOPT_SSL_VERIFYHOST no longer accepts the value 1, value 2 will be used instead /web/www/blog/tp3/Application/Home/Util/jssdk/jssdk.php 第 95 行.
NOTIC: [2] Creating default object from empty value /web/www/blog/tp3/Application/Home/Util/jssdk/jssdk.php 第 57 行.
NOTIC: [2] fopen(jsapi_ticket.php): failed to open stream: Permission denied /web/www/blog/tp3/Application/Home/Util/jssdk/jssdk.php 第 108 行.
NOTIC: [2] fwrite() expects parameter 1 to be resource, boolean given /web/www/blog/tp3/Application/Home/Util/jssdk/jssdk.php 第 109 行.
NOTIC: [2] fclose() expects parameter 1 to be resource, boolean given /web/www/blog/tp3/Application/Home/Util/jssdk/jssdk.php 第 110 行.
SQL: SHOW COLUMNS FROM `bk_discuss` [ RunTime:0.0006s ]
SQL: SELECT b.id,b.art_id,b.art_title,b.parent_id,b.grade,b.content,b.user_id,b.addtime,u.name,u.avatar FROM bk_discuss b left join bk_user u on b.user_id=u.user_id  WHERE b.is_show = 1 AND `parent_id` = 0 ORDER BY b.addtime desc LIMIT 0,5   [ RunTime:0.0003s ]
INFO: [ view_parse ] --START--
INFO: [ template_filter ] --START--
INFO: Run Behavior\ContentReplaceBehavior [ RunTime:0.000073s ]
INFO: [ template_filter ] --END-- [ RunTime:0.000089s ]
NOTIC: [8] Undefined index: userInfo /web/www/blog/tp3/Application/Runtime/Cache/Home/b096bd20c19239b82739cab90f0b6b59.php 第 34 行.
NOTIC: [8] Undefined index: userInfo /web/www/blog/tp3/Application/Runtime/Cache/Home/b096bd20c19239b82739cab90f0b6b59.php 第 198 行.
INFO: Run Behavior\ParseTemplateBehavior [ RunTime:0.010862s ]
INFO: [ view_parse ] --END-- [ RunTime:0.010880s ]
INFO: [ view_filter ] --START--
INFO: Run Behavior\WriteHtmlCacheBehavior [ RunTime:0.000189s ]
INFO: [ view_filter ] --END-- [ RunTime:0.000202s ]
INFO: [ app_end ] --START--
INFO: Run Behavior\ShowPageTraceBehavior [ RunTime:0.000563s ]
INFO: [ app_end ] --END-- [ RunTime:0.000582s ]

[ 2017-10-20T09:31:08+08:00 ] 106.11.226.124 /
INFO: [ app_init ] --START--
INFO: Run Behavior\BuildLiteBehavior [ RunTime:0.000012s ]
INFO: [ app_init ] --END-- [ RunTime:0.001087s ]
INFO: [ app_begin ] --START--
INFO: Run Behavior\ReadHtmlCacheBehavior [ RunTime:0.000455s ]
INFO: [ app_begin ] --END-- [ RunTime:0.000490s ]
SQL: SHOW COLUMNS FROM `bk_category` [ RunTime:0.0020s ]
SQL: SELECT * FROM `bk_category` WHERE `parent_id` = 0 AND `is_show` = 1 ORDER BY `addtime` desc  [ RunTime:0.0003s ]
SQL: SHOW COLUMNS FROM `bk_banner` [ RunTime:0.0003s ]
SQL: SELECT * FROM `bk_banner` WHERE `show_addr` = 'index' AND `is_show` = 1 ORDER BY `addtime` desc  [ RunTime:0.0002s ]
SQL: SHOW COLUMNS FROM `bk_article_recommend` [ RunTime:0.0003s ]
SQL: SELECT b.art_id,a.title,a.cate_id,a.introduction,a.discuss_total,a.approve_total,i.image_url,FROM_UNIXTIME(b.addtime,'%Y-%m-%d') as addtime FROM bk_article_recommend b left join bk_article a on b.art_id= a.art_id left join bk_article_images i on b.art_id= i.art_id  WHERE a.is_show = 1 AND b.is_rec = 1 ORDER BY b.sort desc LIMIT 0,10   [ RunTime:0.0004s ]
SQL: SELECT b.art_id,b.title FROM bk_article_recommend b WHERE b.is_rec = 1 ORDER BY b.sort desc LIMIT 0,10   [ RunTime:0.0002s ]
SQL: SHOW COLUMNS FROM `bk_article_hot` [ RunTime:0.0003s ]
SQL: SELECT b.cate_id,b.art_id,b.cate_name,b.title FROM bk_article_hot b ORDER BY b.hot desc LIMIT 0,10   [ RunTime:0.0001s ]
NOTIC: [2] file_get_contents(jsapi_ticket.php): failed to open stream: No such file or directory /web/www/blog/tp3/Application/Home/Util/jssdk/jssdk.php 第 105 行.
NOTIC: [8] Trying to get property of non-object /web/www/blog/tp3/Application/Home/Util/jssdk/jssdk.php 第 49 行.
NOTIC: [2] file_get_contents(access_token.php): failed to open stream: No such file or directory /web/www/blog/tp3/Application/Home/Util/jssdk/jssdk.php 第 105 行.
NOTIC: [8] Trying to get property of non-object /web/www/blog/tp3/Application/Home/Util/jssdk/jssdk.php 第 71 行.
NOTIC: [8] curl_setopt(): CURLOPT_SSL_VERIFYHOST no longer accepts the value 1, value 2 will be used instead /web/www/blog/tp3/Application/Home/Util/jssdk/jssdk.php 第 95 行.
NOTIC: [2] Creating default object from empty value /web/www/blog/tp3/Application/Home/Util/jssdk/jssdk.php 第 78 行.
NOTIC: [2] fopen(access_token.php): failed to open stream: Permission denied /web/www/blog/tp3/Application/Home/Util/jssdk/jssdk.php 第 108 行.
NOTIC: [2] fwrite() expects parameter 1 to be resource, boolean given /web/www/blog/tp3/Application/Home/Util/jssdk/jssdk.php 第 109 行.
NOTIC: [2] fclose() expects parameter 1 to be resource, boolean given /web/www/blog/tp3/Application/Home/Util/jssdk/jssdk.php 第 110 行.
NOTIC: [8] curl_setopt(): CURLOPT_SSL_VERIFYHOST no longer accepts the value 1, value 2 will be used instead /web/www/blog/tp3/Application/Home/Util/jssdk/jssdk.php 第 95 行.
NOTIC: [2] Creating default object from empty value /web/www/blog/tp3/Application/Home/Util/jssdk/jssdk.php 第 57 行.
NOTIC: [2] fopen(jsapi_ticket.php): failed to open stream: Permission denied /web/www/blog/tp3/Application/Home/Util/jssdk/jssdk.php 第 108 行.
NOTIC: [2] fwrite() expects parameter 1 to be resource, boolean given /web/www/blog/tp3/Application/Home/Util/jssdk/jssdk.php 第 109 行.
NOTIC: [2] fclose() expects parameter 1 to be resource, boolean given /web/www/blog/tp3/Application/Home/Util/jssdk/jssdk.php 第 110 行.
SQL: SHOW COLUMNS FROM `bk_discuss` [ RunTime:0.0006s ]
SQL: SELECT b.id,b.art_id,b.art_title,b.parent_id,b.grade,b.content,b.user_id,b.addtime,u.name,u.avatar FROM bk_discuss b left join bk_user u on b.user_id=u.user_id  WHERE b.is_show = 1 AND `parent_id` = 0 ORDER BY b.addtime desc LIMIT 0,5   [ RunTime:0.0003s ]
INFO: [ view_parse ] --START--
INFO: [ template_filter ] --START--
INFO: Run Behavior\ContentReplaceBehavior [ RunTime:0.000074s ]
INFO: [ template_filter ] --END-- [ RunTime:0.000090s ]
NOTIC: [8] Undefined index: userInfo /web/www/blog/tp3/Application/Runtime/Cache/Home/b096bd20c19239b82739cab90f0b6b59.php 第 34 行.
NOTIC: [8] Undefined index: userInfo /web/www/blog/tp3/Application/Runtime/Cache/Home/b096bd20c19239b82739cab90f0b6b59.php 第 198 行.
INFO: Run Behavior\ParseTemplateBehavior [ RunTime:0.011090s ]
INFO: [ view_parse ] --END-- [ RunTime:0.011108s ]
INFO: [ view_filter ] --START--
INFO: Run Behavior\WriteHtmlCacheBehavior [ RunTime:0.000245s ]
INFO: [ view_filter ] --END-- [ RunTime:0.000273s ]
INFO: [ app_end ] --START--
INFO: Run Behavior\ShowPageTraceBehavior [ RunTime:0.000938s ]
INFO: [ app_end ] --END-- [ RunTime:0.000955s ]

[ 2017-10-20T14:34:27+08:00 ] 140.205.201.23 /
INFO: [ app_init ] --START--
INFO: Run Behavior\BuildLiteBehavior [ RunTime:0.000010s ]
INFO: [ app_init ] --END-- [ RunTime:0.001535s ]
INFO: [ app_begin ] --START--
INFO: Run Behavior\ReadHtmlCacheBehavior [ RunTime:0.000373s ]
INFO: [ app_begin ] --END-- [ RunTime:0.000391s ]
SQL: SHOW COLUMNS FROM `bk_category` [ RunTime:0.1969s ]
SQL: SELECT * FROM `bk_category` WHERE `parent_id` = 0 AND `is_show` = 1 ORDER BY `addtime` desc  [ RunTime:0.0006s ]
SQL: SHOW COLUMNS FROM `bk_banner` [ RunTime:0.0004s ]
SQL: SELECT * FROM `bk_banner` WHERE `show_addr` = 'index' AND `is_show` = 1 ORDER BY `addtime` desc  [ RunTime:0.0003s ]
SQL: SHOW COLUMNS FROM `bk_article_recommend` [ RunTime:0.0003s ]
SQL: SELECT b.art_id,a.title,a.cate_id,a.introduction,a.discuss_total,a.approve_total,i.image_url,FROM_UNIXTIME(b.addtime,'%Y-%m-%d') as addtime FROM bk_article_recommend b left join bk_article a on b.art_id= a.art_id left join bk_article_images i on b.art_id= i.art_id  WHERE a.is_show = 1 AND b.is_rec = 1 ORDER BY b.sort desc LIMIT 0,10   [ RunTime:0.0006s ]
SQL: SELECT b.art_id,b.title FROM bk_article_recommend b WHERE b.is_rec = 1 ORDER BY b.sort desc LIMIT 0,10   [ RunTime:0.0002s ]
SQL: SHOW COLUMNS FROM `bk_article_hot` [ RunTime:0.0003s ]
SQL: SELECT b.cate_id,b.art_id,b.cate_name,b.title FROM bk_article_hot b ORDER BY b.hot desc LIMIT 0,10   [ RunTime:0.0001s ]
NOTIC: [2] file_get_contents(jsapi_ticket.php): failed to open stream: No such file or directory /web/www/blog/tp3/Application/Home/Util/jssdk/jssdk.php 第 105 行.
NOTIC: [8] Trying to get property of non-object /web/www/blog/tp3/Application/Home/Util/jssdk/jssdk.php 第 49 行.
NOTIC: [2] file_get_contents(access_token.php): failed to open stream: No such file or directory /web/www/blog/tp3/Application/Home/Util/jssdk/jssdk.php 第 105 行.
NOTIC: [8] Trying to get property of non-object /web/www/blog/tp3/Application/Home/Util/jssdk/jssdk.php 第 71 行.
NOTIC: [8] curl_setopt(): CURLOPT_SSL_VERIFYHOST no longer accepts the value 1, value 2 will be used instead /web/www/blog/tp3/Application/Home/Util/jssdk/jssdk.php 第 95 行.
NOTIC: [2] Creating default object from empty value /web/www/blog/tp3/Application/Home/Util/jssdk/jssdk.php 第 78 行.
NOTIC: [2] fopen(access_token.php): failed to open stream: Permission denied /web/www/blog/tp3/Application/Home/Util/jssdk/jssdk.php 第 108 行.
NOTIC: [2] fwrite() expects parameter 1 to be resource, boolean given /web/www/blog/tp3/Application/Home/Util/jssdk/jssdk.php 第 109 行.
NOTIC: [2] fclose() expects parameter 1 to be resource, boolean given /web/www/blog/tp3/Application/Home/Util/jssdk/jssdk.php 第 110 行.
NOTIC: [8] curl_setopt(): CURLOPT_SSL_VERIFYHOST no longer accepts the value 1, value 2 will be used instead /web/www/blog/tp3/Application/Home/Util/jssdk/jssdk.php 第 95 行.
NOTIC: [2] Creating default object from empty value /web/www/blog/tp3/Application/Home/Util/jssdk/jssdk.php 第 57 行.
NOTIC: [2] fopen(jsapi_ticket.php): failed to open stream: Permission denied /web/www/blog/tp3/Application/Home/Util/jssdk/jssdk.php 第 108 行.
NOTIC: [2] fwrite() expects parameter 1 to be resource, boolean given /web/www/blog/tp3/Application/Home/Util/jssdk/jssdk.php 第 109 行.
NOTIC: [2] fclose() expects parameter 1 to be resource, boolean given /web/www/blog/tp3/Application/Home/Util/jssdk/jssdk.php 第 110 行.
SQL: SHOW COLUMNS FROM `bk_discuss` [ RunTime:0.0008s ]
SQL: SELECT b.id,b.art_id,b.art_title,b.parent_id,b.grade,b.content,b.user_id,b.addtime,u.name,u.avatar FROM bk_discuss b left join bk_user u on b.user_id=u.user_id  WHERE b.is_show = 1 AND `parent_id` = 0 ORDER BY b.addtime desc LIMIT 0,5   [ RunTime:0.0010s ]
INFO: [ view_parse ] --START--
INFO: [ template_filter ] --START--
INFO: Run Behavior\ContentReplaceBehavior [ RunTime:0.086330s ]
INFO: [ template_filter ] --END-- [ RunTime:0.086392s ]
NOTIC: [8] Undefined index: userInfo /web/www/blog/tp3/Application/Runtime/Cache/Home/b096bd20c19239b82739cab90f0b6b59.php 第 34 行.
NOTIC: [8] Undefined index: userInfo /web/www/blog/tp3/Application/Runtime/Cache/Home/b096bd20c19239b82739cab90f0b6b59.php 第 198 行.
INFO: Run Behavior\ParseTemplateBehavior [ RunTime:0.302668s ]
INFO: [ view_parse ] --END-- [ RunTime:0.302700s ]
INFO: [ view_filter ] --START--
INFO: Run Behavior\WriteHtmlCacheBehavior [ RunTime:0.002759s ]
INFO: [ view_filter ] --END-- [ RunTime:0.002776s ]
INFO: [ app_end ] --START--
INFO: Run Behavior\ShowPageTraceBehavior [ RunTime:0.000784s ]
INFO: [ app_end ] --END-- [ RunTime:0.000805s ]

[ 2017-10-20T14:34:32+08:00 ] 140.205.201.23 /
INFO: [ app_init ] --START--
INFO: Run Behavior\BuildLiteBehavior [ RunTime:0.000012s ]
INFO: [ app_init ] --END-- [ RunTime:0.005130s ]
INFO: [ app_begin ] --START--
INFO: Run Behavior\ReadHtmlCacheBehavior [ RunTime:0.001239s ]
INFO: [ app_begin ] --END-- [ RunTime:0.001258s ]
SQL: SHOW COLUMNS FROM `bk_category` [ RunTime:0.0016s ]
SQL: SELECT * FROM `bk_category` WHERE `parent_id` = 0 AND `is_show` = 1 ORDER BY `addtime` desc  [ RunTime:0.0006s ]
SQL: SHOW COLUMNS FROM `bk_banner` [ RunTime:0.0006s ]
SQL: SELECT * FROM `bk_banner` WHERE `show_addr` = 'index' AND `is_show` = 1 ORDER BY `addtime` desc  [ RunTime:0.0005s ]
SQL: SHOW COLUMNS FROM `bk_article_recommend` [ RunTime:0.0004s ]
SQL: SELECT b.art_id,a.title,a.cate_id,a.introduction,a.discuss_total,a.approve_total,i.image_url,FROM_UNIXTIME(b.addtime,'%Y-%m-%d') as addtime FROM bk_article_recommend b left join bk_article a on b.art_id= a.art_id left join bk_article_images i on b.art_id= i.art_id  WHERE a.is_show = 1 AND b.is_rec = 1 ORDER BY b.sort desc LIMIT 0,10   [ RunTime:0.0006s ]
SQL: SELECT b.art_id,b.title FROM bk_article_recommend b WHERE b.is_rec = 1 ORDER BY b.sort desc LIMIT 0,10   [ RunTime:0.0004s ]
SQL: SHOW COLUMNS FROM `bk_article_hot` [ RunTime:0.0003s ]
SQL: SELECT b.cate_id,b.art_id,b.cate_name,b.title FROM bk_article_hot b ORDER BY b.hot desc LIMIT 0,10   [ RunTime:0.0002s ]
NOTIC: [2] file_get_contents(jsapi_ticket.php): failed to open stream: No such file or directory /web/www/blog/tp3/Application/Home/Util/jssdk/jssdk.php 第 105 行.
NOTIC: [8] Trying to get property of non-object /web/www/blog/tp3/Application/Home/Util/jssdk/jssdk.php 第 49 行.
NOTIC: [2] file_get_contents(access_token.php): failed to open stream: No such file or directory /web/www/blog/tp3/Application/Home/Util/jssdk/jssdk.php 第 105 行.
NOTIC: [8] Trying to get property of non-object /web/www/blog/tp3/Application/Home/Util/jssdk/jssdk.php 第 71 行.
NOTIC: [8] curl_setopt(): CURLOPT_SSL_VERIFYHOST no longer accepts the value 1, value 2 will be used instead /web/www/blog/tp3/Application/Home/Util/jssdk/jssdk.php 第 95 行.
NOTIC: [2] Creating default object from empty value /web/www/blog/tp3/Application/Home/Util/jssdk/jssdk.php 第 78 行.
NOTIC: [2] fopen(access_token.php): failed to open stream: Permission denied /web/www/blog/tp3/Application/Home/Util/jssdk/jssdk.php 第 108 行.
NOTIC: [2] fwrite() expects parameter 1 to be resource, boolean given /web/www/blog/tp3/Application/Home/Util/jssdk/jssdk.php 第 109 行.
NOTIC: [2] fclose() expects parameter 1 to be resource, boolean given /web/www/blog/tp3/Application/Home/Util/jssdk/jssdk.php 第 110 行.
NOTIC: [8] curl_setopt(): CURLOPT_SSL_VERIFYHOST no longer accepts the value 1, value 2 will be used instead /web/www/blog/tp3/Application/Home/Util/jssdk/jssdk.php 第 95 行.
NOTIC: [2] Creating default object from empty value /web/www/blog/tp3/Application/Home/Util/jssdk/jssdk.php 第 57 行.
NOTIC: [2] fopen(jsapi_ticket.php): failed to open stream: Permission denied /web/www/blog/tp3/Application/Home/Util/jssdk/jssdk.php 第 108 行.
NOTIC: [2] fwrite() expects parameter 1 to be resource, boolean given /web/www/blog/tp3/Application/Home/Util/jssdk/jssdk.php 第 109 行.
NOTIC: [2] fclose() expects parameter 1 to be resource, boolean given /web/www/blog/tp3/Application/Home/Util/jssdk/jssdk.php 第 110 行.
SQL: SHOW COLUMNS FROM `bk_discuss` [ RunTime:0.0036s ]
SQL: SELECT b.id,b.art_id,b.art_title,b.parent_id,b.grade,b.content,b.user_id,b.addtime,u.name,u.avatar FROM bk_discuss b left join bk_user u on b.user_id=u.user_id  WHERE b.is_show = 1 AND `parent_id` = 0 ORDER BY b.addtime desc LIMIT 0,5   [ RunTime:0.0003s ]
INFO: [ view_parse ] --START--
INFO: [ template_filter ] --START--
INFO: Run Behavior\ContentReplaceBehavior [ RunTime:0.000402s ]
INFO: [ template_filter ] --END-- [ RunTime:0.000425s ]
NOTIC: [8] Undefined index: userInfo /web/www/blog/tp3/Application/Runtime/Cache/Home/b096bd20c19239b82739cab90f0b6b59.php 第 34 行.
NOTIC: [8] Undefined index: userInfo /web/www/blog/tp3/Application/Runtime/Cache/Home/b096bd20c19239b82739cab90f0b6b59.php 第 198 行.
INFO: Run Behavior\ParseTemplateBehavior [ RunTime:0.059063s ]
INFO: [ view_parse ] --END-- [ RunTime:0.059082s ]
INFO: [ view_filter ] --START--
INFO: Run Behavior\WriteHtmlCacheBehavior [ RunTime:0.000320s ]
INFO: [ view_filter ] --END-- [ RunTime:0.000334s ]
INFO: [ app_end ] --START--
INFO: Run Behavior\ShowPageTraceBehavior [ RunTime:0.002258s ]
INFO: [ app_end ] --END-- [ RunTime:0.002284s ]

[ 2017-10-20T14:53:29+08:00 ] 150.255.32.102 /
INFO: [ app_init ] --START--
INFO: Run Behavior\BuildLiteBehavior [ RunTime:0.000011s ]
INFO: [ app_init ] --END-- [ RunTime:0.000551s ]
INFO: [ app_begin ] --START--
INFO: Run Behavior\ReadHtmlCacheBehavior [ RunTime:0.000407s ]
INFO: [ app_begin ] --END-- [ RunTime:0.000437s ]
SQL: SHOW COLUMNS FROM `bk_category` [ RunTime:0.0035s ]
SQL: SELECT * FROM `bk_category` WHERE `parent_id` = 0 AND `is_show` = 1 ORDER BY `addtime` desc  [ RunTime:0.0006s ]
SQL: SHOW COLUMNS FROM `bk_banner` [ RunTime:0.0007s ]
SQL: SELECT * FROM `bk_banner` WHERE `show_addr` = 'index' AND `is_show` = 1 ORDER BY `addtime` desc  [ RunTime:0.0004s ]
SQL: SHOW COLUMNS FROM `bk_article_recommend` [ RunTime:0.0004s ]
SQL: SELECT b.art_id,a.title,a.cate_id,a.introduction,a.discuss_total,a.approve_total,i.image_url,FROM_UNIXTIME(b.addtime,'%Y-%m-%d') as addtime FROM bk_article_recommend b left join bk_article a on b.art_id= a.art_id left join bk_article_images i on b.art_id= i.art_id  WHERE a.is_show = 1 AND b.is_rec = 1 ORDER BY b.sort desc LIMIT 0,10   [ RunTime:0.0006s ]
SQL: SELECT b.art_id,b.title FROM bk_article_recommend b WHERE b.is_rec = 1 ORDER BY b.sort desc LIMIT 0,10   [ RunTime:0.0006s ]
SQL: SHOW COLUMNS FROM `bk_article_hot` [ RunTime:0.0004s ]
SQL: SELECT b.cate_id,b.art_id,b.cate_name,b.title FROM bk_article_hot b ORDER BY b.hot desc LIMIT 0,10   [ RunTime:0.0002s ]
NOTIC: [2] file_get_contents(jsapi_ticket.php): failed to open stream: No such file or directory /web/www/blog/tp3/Application/Home/Util/jssdk/jssdk.php 第 105 行.
NOTIC: [8] Trying to get property of non-object /web/www/blog/tp3/Application/Home/Util/jssdk/jssdk.php 第 49 行.
NOTIC: [2] file_get_contents(access_token.php): failed to open stream: No such file or directory /web/www/blog/tp3/Application/Home/Util/jssdk/jssdk.php 第 105 行.
NOTIC: [8] Trying to get property of non-object /web/www/blog/tp3/Application/Home/Util/jssdk/jssdk.php 第 71 行.
NOTIC: [8] curl_setopt(): CURLOPT_SSL_VERIFYHOST no longer accepts the value 1, value 2 will be used instead /web/www/blog/tp3/Application/Home/Util/jssdk/jssdk.php 第 95 行.
NOTIC: [2] Creating default object from empty value /web/www/blog/tp3/Application/Home/Util/jssdk/jssdk.php 第 78 行.
NOTIC: [2] fopen(access_token.php): failed to open stream: Permission denied /web/www/blog/tp3/Application/Home/Util/jssdk/jssdk.php 第 108 行.
NOTIC: [2] fwrite() expects parameter 1 to be resource, boolean given /web/www/blog/tp3/Application/Home/Util/jssdk/jssdk.php 第 109 行.
NOTIC: [2] fclose() expects parameter 1 to be resource, boolean given /web/www/blog/tp3/Application/Home/Util/jssdk/jssdk.php 第 110 行.
NOTIC: [8] curl_setopt(): CURLOPT_SSL_VERIFYHOST no longer accepts the value 1, value 2 will be used instead /web/www/blog/tp3/Application/Home/Util/jssdk/jssdk.php 第 95 行.
NOTIC: [2] Creating default object from empty value /web/www/blog/tp3/Application/Home/Util/jssdk/jssdk.php 第 57 行.
NOTIC: [2] fopen(jsapi_ticket.php): failed to open stream: Permission denied /web/www/blog/tp3/Application/Home/Util/jssdk/jssdk.php 第 108 行.
NOTIC: [2] fwrite() expects parameter 1 to be resource, boolean given /web/www/blog/tp3/Application/Home/Util/jssdk/jssdk.php 第 109 行.
NOTIC: [2] fclose() expects parameter 1 to be resource, boolean given /web/www/blog/tp3/Application/Home/Util/jssdk/jssdk.php 第 110 行.
SQL: SHOW COLUMNS FROM `bk_discuss` [ RunTime:0.1043s ]
SQL: SELECT b.id,b.art_id,b.art_title,b.parent_id,b.grade,b.content,b.user_id,b.addtime,u.name,u.avatar FROM bk_discuss b left join bk_user u on b.user_id=u.user_id  WHERE b.is_show = 1 AND `parent_id` = 0 ORDER BY b.addtime desc LIMIT 0,5   [ RunTime:0.0007s ]
INFO: [ view_parse ] --START--
INFO: [ template_filter ] --START--
INFO: Run Behavior\ContentReplaceBehavior [ RunTime:0.008338s ]
INFO: [ template_filter ] --END-- [ RunTime:0.008373s ]
NOTIC: [8] Undefined index: userInfo /web/www/blog/tp3/Application/Runtime/Cache/Home/b096bd20c19239b82739cab90f0b6b59.php 第 34 行.
NOTIC: [8] Undefined index: userInfo /web/www/blog/tp3/Application/Runtime/Cache/Home/b096bd20c19239b82739cab90f0b6b59.php 第 198 行.
INFO: Run Behavior\ParseTemplateBehavior [ RunTime:0.222693s ]
INFO: [ view_parse ] --END-- [ RunTime:0.222718s ]
INFO: [ view_filter ] --START--
INFO: Run Behavior\WriteHtmlCacheBehavior [ RunTime:0.074007s ]
INFO: [ view_filter ] --END-- [ RunTime:0.074038s ]
INFO: [ app_end ] --START--
INFO: Run Behavior\ShowPageTraceBehavior [ RunTime:0.000965s ]
INFO: [ app_end ] --END-- [ RunTime:0.000985s ]

[ 2017-10-20T16:57:53+08:00 ] 169.53.184.23 /
INFO: [ app_init ] --START--
INFO: Run Behavior\BuildLiteBehavior [ RunTime:0.003138s ]
INFO: [ app_init ] --END-- [ RunTime:0.008205s ]
INFO: [ app_begin ] --START--
INFO: Run Behavior\ReadHtmlCacheBehavior [ RunTime:0.000806s ]
INFO: [ app_begin ] --END-- [ RunTime:0.000840s ]
SQL: SHOW COLUMNS FROM `bk_category` [ RunTime:0.2959s ]
SQL: SELECT * FROM `bk_category` WHERE `parent_id` = 0 AND `is_show` = 1 ORDER BY `addtime` desc  [ RunTime:0.0986s ]
SQL: SHOW COLUMNS FROM `bk_banner` [ RunTime:0.0008s ]
SQL: SELECT * FROM `bk_banner` WHERE `show_addr` = 'index' AND `is_show` = 1 ORDER BY `addtime` desc  [ RunTime:0.1975s ]
SQL: SHOW COLUMNS FROM `bk_article_recommend` [ RunTime:0.0006s ]
SQL: SELECT b.art_id,a.title,a.cate_id,a.introduction,a.discuss_total,a.approve_total,i.image_url,FROM_UNIXTIME(b.addtime,'%Y-%m-%d') as addtime FROM bk_article_recommend b left join bk_article a on b.art_id= a.art_id left join bk_article_images i on b.art_id= i.art_id  WHERE a.is_show = 1 AND b.is_rec = 1 ORDER BY b.sort desc LIMIT 0,10   [ RunTime:0.2998s ]
SQL: SELECT b.art_id,b.title FROM bk_article_recommend b WHERE b.is_rec = 1 ORDER BY b.sort desc LIMIT 0,10   [ RunTime:0.0003s ]
SQL: SHOW COLUMNS FROM `bk_article_hot` [ RunTime:0.0004s ]
SQL: SELECT b.cate_id,b.art_id,b.cate_name,b.title FROM bk_article_hot b ORDER BY b.hot desc LIMIT 0,10   [ RunTime:0.0002s ]
NOTIC: [2] file_get_contents(jsapi_ticket.php): failed to open stream: No such file or directory /web/www/blog/tp3/Application/Home/Util/jssdk/jssdk.php 第 105 行.
NOTIC: [8] Trying to get property of non-object /web/www/blog/tp3/Application/Home/Util/jssdk/jssdk.php 第 49 行.
NOTIC: [2] file_get_contents(access_token.php): failed to open stream: No such file or directory /web/www/blog/tp3/Application/Home/Util/jssdk/jssdk.php 第 105 行.
NOTIC: [8] Trying to get property of non-object /web/www/blog/tp3/Application/Home/Util/jssdk/jssdk.php 第 71 行.
NOTIC: [8] curl_setopt(): CURLOPT_SSL_VERIFYHOST no longer accepts the value 1, value 2 will be used instead /web/www/blog/tp3/Application/Home/Util/jssdk/jssdk.php 第 95 行.
NOTIC: [2] Creating default object from empty value /web/www/blog/tp3/Application/Home/Util/jssdk/jssdk.php 第 78 行.
NOTIC: [2] fopen(access_token.php): failed to open stream: Permission denied /web/www/blog/tp3/Application/Home/Util/jssdk/jssdk.php 第 108 行.
NOTIC: [2] fwrite() expects parameter 1 to be resource, boolean given /web/www/blog/tp3/Application/Home/Util/jssdk/jssdk.php 第 109 行.
NOTIC: [2] fclose() expects parameter 1 to be resource, boolean given /web/www/blog/tp3/Application/Home/Util/jssdk/jssdk.php 第 110 行.
NOTIC: [8] curl_setopt(): CURLOPT_SSL_VERIFYHOST no longer accepts the value 1, value 2 will be used instead /web/www/blog/tp3/Application/Home/Util/jssdk/jssdk.php 第 95 行.
NOTIC: [2] Creating default object from empty value /web/www/blog/tp3/Application/Home/Util/jssdk/jssdk.php 第 57 行.
NOTIC: [2] fopen(jsapi_ticket.php): failed to open stream: Permission denied /web/www/blog/tp3/Application/Home/Util/jssdk/jssdk.php 第 108 行.
NOTIC: [2] fwrite() expects parameter 1 to be resource, boolean given /web/www/blog/tp3/Application/Home/Util/jssdk/jssdk.php 第 109 行.
NOTIC: [2] fclose() expects parameter 1 to be resource, boolean given /web/www/blog/tp3/Application/Home/Util/jssdk/jssdk.php 第 110 行.
SQL: SHOW COLUMNS FROM `bk_discuss` [ RunTime:1.6028s ]
SQL: SELECT b.id,b.art_id,b.art_title,b.parent_id,b.grade,b.content,b.user_id,b.addtime,u.name,u.avatar FROM bk_discuss b left join bk_user u on b.user_id=u.user_id  WHERE b.is_show = 1 AND `parent_id` = 0 ORDER BY b.addtime desc LIMIT 0,5   [ RunTime:0.0990s ]
INFO: [ view_parse ] --START--
INFO: [ template_filter ] --START--
INFO: Run Behavior\ContentReplaceBehavior [ RunTime:0.000409s ]
INFO: [ template_filter ] --END-- [ RunTime:0.000440s ]
NOTIC: [8] Undefined index: userInfo /web/www/blog/tp3/Application/Runtime/Cache/Home/b096bd20c19239b82739cab90f0b6b59.php 第 34 行.
NOTIC: [8] Undefined index: userInfo /web/www/blog/tp3/Application/Runtime/Cache/Home/b096bd20c19239b82739cab90f0b6b59.php 第 198 行.
INFO: Run Behavior\ParseTemplateBehavior [ RunTime:0.105423s ]
INFO: [ view_parse ] --END-- [ RunTime:0.105446s ]
INFO: [ view_filter ] --START--
INFO: Run Behavior\WriteHtmlCacheBehavior [ RunTime:0.086155s ]
INFO: [ view_filter ] --END-- [ RunTime:0.086203s ]
INFO: [ app_end ] --START--
INFO: Run Behavior\ShowPageTraceBehavior [ RunTime:0.000705s ]
INFO: [ app_end ] --END-- [ RunTime:0.000743s ]

[ 2017-10-20T17:03:34+08:00 ] 123.7.178.153 /
INFO: [ app_init ] --START--
INFO: Run Behavior\BuildLiteBehavior [ RunTime:0.000012s ]
INFO: [ app_init ] --END-- [ RunTime:0.000440s ]
INFO: [ app_begin ] --START--
INFO: Run Behavior\ReadHtmlCacheBehavior [ RunTime:0.000372s ]
INFO: [ app_begin ] --END-- [ RunTime:0.000393s ]
SQL: SHOW COLUMNS FROM `bk_category` [ RunTime:0.0015s ]
SQL: SELECT * FROM `bk_category` WHERE `parent_id` = 0 AND `is_show` = 1 ORDER BY `addtime` desc  [ RunTime:0.0004s ]
SQL: SHOW COLUMNS FROM `bk_banner` [ RunTime:0.0003s ]
SQL: SELECT * FROM `bk_banner` WHERE `show_addr` = 'index' AND `is_show` = 1 ORDER BY `addtime` desc  [ RunTime:0.0002s ]
SQL: SHOW COLUMNS FROM `bk_article_recommend` [ RunTime:0.0003s ]
SQL: SELECT b.art_id,a.title,a.cate_id,a.introduction,a.discuss_total,a.approve_total,i.image_url,FROM_UNIXTIME(b.addtime,'%Y-%m-%d') as addtime FROM bk_article_recommend b left join bk_article a on b.art_id= a.art_id left join bk_article_images i on b.art_id= i.art_id  WHERE a.is_show = 1 AND b.is_rec = 1 ORDER BY b.sort desc LIMIT 0,10   [ RunTime:0.0006s ]
SQL: SELECT b.art_id,b.title FROM bk_article_recommend b WHERE b.is_rec = 1 ORDER BY b.sort desc LIMIT 0,10   [ RunTime:0.0002s ]
SQL: SHOW COLUMNS FROM `bk_article_hot` [ RunTime:0.0003s ]
SQL: SELECT b.cate_id,b.art_id,b.cate_name,b.title FROM bk_article_hot b ORDER BY b.hot desc LIMIT 0,10   [ RunTime:0.0002s ]
NOTIC: [2] file_get_contents(jsapi_ticket.php): failed to open stream: No such file or directory /web/www/blog/tp3/Application/Home/Util/jssdk/jssdk.php 第 105 行.
NOTIC: [8] Trying to get property of non-object /web/www/blog/tp3/Application/Home/Util/jssdk/jssdk.php 第 49 行.
NOTIC: [2] file_get_contents(access_token.php): failed to open stream: No such file or directory /web/www/blog/tp3/Application/Home/Util/jssdk/jssdk.php 第 105 行.
NOTIC: [8] Trying to get property of non-object /web/www/blog/tp3/Application/Home/Util/jssdk/jssdk.php 第 71 行.
NOTIC: [8] curl_setopt(): CURLOPT_SSL_VERIFYHOST no longer accepts the value 1, value 2 will be used instead /web/www/blog/tp3/Application/Home/Util/jssdk/jssdk.php 第 95 行.
NOTIC: [2] Creating default object from empty value /web/www/blog/tp3/Application/Home/Util/jssdk/jssdk.php 第 78 行.
NOTIC: [2] fopen(access_token.php): failed to open stream: Permission denied /web/www/blog/tp3/Application/Home/Util/jssdk/jssdk.php 第 108 行.
NOTIC: [2] fwrite() expects parameter 1 to be resource, boolean given /web/www/blog/tp3/Application/Home/Util/jssdk/jssdk.php 第 109 行.
NOTIC: [2] fclose() expects parameter 1 to be resource, boolean given /web/www/blog/tp3/Application/Home/Util/jssdk/jssdk.php 第 110 行.
NOTIC: [8] curl_setopt(): CURLOPT_SSL_VERIFYHOST no longer accepts the value 1, value 2 will be used instead /web/www/blog/tp3/Application/Home/Util/jssdk/jssdk.php 第 95 行.
NOTIC: [2] Creating default object from empty value /web/www/blog/tp3/Application/Home/Util/jssdk/jssdk.php 第 57 行.
NOTIC: [2] fopen(jsapi_ticket.php): failed to open stream: Permission denied /web/www/blog/tp3/Application/Home/Util/jssdk/jssdk.php 第 108 行.
NOTIC: [2] fwrite() expects parameter 1 to be resource, boolean given /web/www/blog/tp3/Application/Home/Util/jssdk/jssdk.php 第 109 行.
NOTIC: [2] fclose() expects parameter 1 to be resource, boolean given /web/www/blog/tp3/Application/Home/Util/jssdk/jssdk.php 第 110 行.
SQL: SHOW COLUMNS FROM `bk_discuss` [ RunTime:0.0008s ]
SQL: SELECT b.id,b.art_id,b.art_title,b.parent_id,b.grade,b.content,b.user_id,b.addtime,u.name,u.avatar FROM bk_discuss b left join bk_user u on b.user_id=u.user_id  WHERE b.is_show = 1 AND `parent_id` = 0 ORDER BY b.addtime desc LIMIT 0,5   [ RunTime:0.0003s ]
INFO: [ view_parse ] --START--
INFO: [ template_filter ] --START--
INFO: Run Behavior\ContentReplaceBehavior [ RunTime:0.000076s ]
INFO: [ template_filter ] --END-- [ RunTime:0.000101s ]
NOTIC: [8] Undefined index: userInfo /web/www/blog/tp3/Application/Runtime/Cache/Home/b096bd20c19239b82739cab90f0b6b59.php 第 34 行.
NOTIC: [8] Undefined index: userInfo /web/www/blog/tp3/Application/Runtime/Cache/Home/b096bd20c19239b82739cab90f0b6b59.php 第 198 行.
INFO: Run Behavior\ParseTemplateBehavior [ RunTime:0.075784s ]
INFO: [ view_parse ] --END-- [ RunTime:0.075801s ]
INFO: [ view_filter ] --START--
INFO: Run Behavior\WriteHtmlCacheBehavior [ RunTime:0.000805s ]
INFO: [ view_filter ] --END-- [ RunTime:0.000818s ]
INFO: [ app_end ] --START--
INFO: Run Behavior\ShowPageTraceBehavior [ RunTime:0.000581s ]
INFO: [ app_end ] --END-- [ RunTime:0.000598s ]

[ 2017-10-20T17:03:37+08:00 ] 123.7.178.153 /
INFO: [ app_init ] --START--
INFO: Run Behavior\BuildLiteBehavior [ RunTime:0.000008s ]
INFO: [ app_init ] --END-- [ RunTime:0.000452s ]
INFO: [ app_begin ] --START--
INFO: Run Behavior\ReadHtmlCacheBehavior [ RunTime:0.000381s ]
INFO: [ app_begin ] --END-- [ RunTime:0.000397s ]
SQL: SHOW COLUMNS FROM `bk_category` [ RunTime:0.2987s ]
SQL: SELECT * FROM `bk_category` WHERE `parent_id` = 0 AND `is_show` = 1 ORDER BY `addtime` desc  [ RunTime:0.2904s ]
SQL: SHOW COLUMNS FROM `bk_banner` [ RunTime:0.0005s ]
SQL: SELECT * FROM `bk_banner` WHERE `show_addr` = 'index' AND `is_show` = 1 ORDER BY `addtime` desc  [ RunTime:0.0013s ]
SQL: SHOW COLUMNS FROM `bk_article_recommend` [ RunTime:0.0003s ]
SQL: SELECT b.art_id,a.title,a.cate_id,a.introduction,a.discuss_total,a.approve_total,i.image_url,FROM_UNIXTIME(b.addtime,'%Y-%m-%d') as addtime FROM bk_article_recommend b left join bk_article a on b.art_id= a.art_id left join bk_article_images i on b.art_id= i.art_id  WHERE a.is_show = 1 AND b.is_rec = 1 ORDER BY b.sort desc LIMIT 0,10   [ RunTime:0.0004s ]
SQL: SELECT b.art_id,b.title FROM bk_article_recommend b WHERE b.is_rec = 1 ORDER BY b.sort desc LIMIT 0,10   [ RunTime:0.0002s ]
SQL: SHOW COLUMNS FROM `bk_article_hot` [ RunTime:0.0003s ]
SQL: SELECT b.cate_id,b.art_id,b.cate_name,b.title FROM bk_article_hot b ORDER BY b.hot desc LIMIT 0,10   [ RunTime:0.0001s ]
NOTIC: [2] file_get_contents(jsapi_ticket.php): failed to open stream: No such file or directory /web/www/blog/tp3/Application/Home/Util/jssdk/jssdk.php 第 105 行.
NOTIC: [8] Trying to get property of non-object /web/www/blog/tp3/Application/Home/Util/jssdk/jssdk.php 第 49 行.
NOTIC: [2] file_get_contents(access_token.php): failed to open stream: No such file or directory /web/www/blog/tp3/Application/Home/Util/jssdk/jssdk.php 第 105 行.
NOTIC: [8] Trying to get property of non-object /web/www/blog/tp3/Application/Home/Util/jssdk/jssdk.php 第 71 行.
NOTIC: [8] curl_setopt(): CURLOPT_SSL_VERIFYHOST no longer accepts the value 1, value 2 will be used instead /web/www/blog/tp3/Application/Home/Util/jssdk/jssdk.php 第 95 行.
NOTIC: [2] Creating default object from empty value /web/www/blog/tp3/Application/Home/Util/jssdk/jssdk.php 第 78 行.
NOTIC: [2] fopen(access_token.php): failed to open stream: Permission denied /web/www/blog/tp3/Application/Home/Util/jssdk/jssdk.php 第 108 行.
NOTIC: [2] fwrite() expects parameter 1 to be resource, boolean given /web/www/blog/tp3/Application/Home/Util/jssdk/jssdk.php 第 109 行.
NOTIC: [2] fclose() expects parameter 1 to be resource, boolean given /web/www/blog/tp3/Application/Home/Util/jssdk/jssdk.php 第 110 行.
NOTIC: [8] curl_setopt(): CURLOPT_SSL_VERIFYHOST no longer accepts the value 1, value 2 will be used instead /web/www/blog/tp3/Application/Home/Util/jssdk/jssdk.php 第 95 行.
NOTIC: [2] Creating default object from empty value /web/www/blog/tp3/Application/Home/Util/jssdk/jssdk.php 第 57 行.
NOTIC: [2] fopen(jsapi_ticket.php): failed to open stream: Permission denied /web/www/blog/tp3/Application/Home/Util/jssdk/jssdk.php 第 108 行.
NOTIC: [2] fwrite() expects parameter 1 to be resource, boolean given /web/www/blog/tp3/Application/Home/Util/jssdk/jssdk.php 第 109 行.
NOTIC: [2] fclose() expects parameter 1 to be resource, boolean given /web/www/blog/tp3/Application/Home/Util/jssdk/jssdk.php 第 110 行.
SQL: SHOW COLUMNS FROM `bk_discuss` [ RunTime:0.0007s ]
SQL: SELECT b.id,b.art_id,b.art_title,b.parent_id,b.grade,b.content,b.user_id,b.addtime,u.name,u.avatar FROM bk_discuss b left join bk_user u on b.user_id=u.user_id  WHERE b.is_show = 1 AND `parent_id` = 0 ORDER BY b.addtime desc LIMIT 0,5   [ RunTime:0.0003s ]
INFO: [ view_parse ] --START--
INFO: [ template_filter ] --START--
INFO: Run Behavior\ContentReplaceBehavior [ RunTime:0.000091s ]
INFO: [ template_filter ] --END-- [ RunTime:0.000109s ]
NOTIC: [8] Undefined index: userInfo /web/www/blog/tp3/Application/Runtime/Cache/Home/b096bd20c19239b82739cab90f0b6b59.php 第 34 行.
NOTIC: [8] Undefined index: userInfo /web/www/blog/tp3/Application/Runtime/Cache/Home/b096bd20c19239b82739cab90f0b6b59.php 第 198 行.
INFO: Run Behavior\ParseTemplateBehavior [ RunTime:0.011605s ]
INFO: [ view_parse ] --END-- [ RunTime:0.011621s ]
INFO: [ view_filter ] --START--
INFO: Run Behavior\WriteHtmlCacheBehavior [ RunTime:0.000216s ]
INFO: [ view_filter ] --END-- [ RunTime:0.000227s ]
INFO: [ app_end ] --START--
INFO: Run Behavior\ShowPageTraceBehavior [ RunTime:0.000564s ]
INFO: [ app_end ] --END-- [ RunTime:0.000579s ]

[ 2017-10-20T18:24:26+08:00 ] 74.115.214.138 /
INFO: [ app_init ] --START--
INFO: Run Behavior\BuildLiteBehavior [ RunTime:0.000013s ]
INFO: [ app_init ] --END-- [ RunTime:0.000426s ]
INFO: [ app_begin ] --START--
INFO: Run Behavior\ReadHtmlCacheBehavior [ RunTime:0.000428s ]
INFO: [ app_begin ] --END-- [ RunTime:0.000450s ]
SQL: SHOW COLUMNS FROM `bk_category` [ RunTime:0.0054s ]
SQL: SELECT * FROM `bk_category` WHERE `parent_id` = 0 AND `is_show` = 1 ORDER BY `addtime` desc  [ RunTime:0.0006s ]
SQL: SHOW COLUMNS FROM `bk_banner` [ RunTime:0.0003s ]
SQL: SELECT * FROM `bk_banner` WHERE `show_addr` = 'index' AND `is_show` = 1 ORDER BY `addtime` desc  [ RunTime:0.0002s ]
SQL: SHOW COLUMNS FROM `bk_article_recommend` [ RunTime:0.0003s ]
SQL: SELECT b.art_id,a.title,a.cate_id,a.introduction,a.discuss_total,a.approve_total,i.image_url,FROM_UNIXTIME(b.addtime,'%Y-%m-%d') as addtime FROM bk_article_recommend b left join bk_article a on b.art_id= a.art_id left join bk_article_images i on b.art_id= i.art_id  WHERE a.is_show = 1 AND b.is_rec = 1 ORDER BY b.sort desc LIMIT 0,10   [ RunTime:0.0045s ]
SQL: SELECT b.art_id,b.title FROM bk_article_recommend b WHERE b.is_rec = 1 ORDER BY b.sort desc LIMIT 0,10   [ RunTime:0.0002s ]
SQL: SHOW COLUMNS FROM `bk_article_hot` [ RunTime:0.0004s ]
SQL: SELECT b.cate_id,b.art_id,b.cate_name,b.title FROM bk_article_hot b ORDER BY b.hot desc LIMIT 0,10   [ RunTime:0.0001s ]
NOTIC: [2] file_get_contents(jsapi_ticket.php): failed to open stream: No such file or directory /web/www/blog/tp3/Application/Home/Util/jssdk/jssdk.php 第 105 行.
NOTIC: [8] Trying to get property of non-object /web/www/blog/tp3/Application/Home/Util/jssdk/jssdk.php 第 49 行.
NOTIC: [2] file_get_contents(access_token.php): failed to open stream: No such file or directory /web/www/blog/tp3/Application/Home/Util/jssdk/jssdk.php 第 105 行.
NOTIC: [8] Trying to get property of non-object /web/www/blog/tp3/Application/Home/Util/jssdk/jssdk.php 第 71 行.
NOTIC: [8] curl_setopt(): CURLOPT_SSL_VERIFYHOST no longer accepts the value 1, value 2 will be used instead /web/www/blog/tp3/Application/Home/Util/jssdk/jssdk.php 第 95 行.
NOTIC: [2] Creating default object from empty value /web/www/blog/tp3/Application/Home/Util/jssdk/jssdk.php 第 78 行.
NOTIC: [2] fopen(access_token.php): failed to open stream: Permission denied /web/www/blog/tp3/Application/Home/Util/jssdk/jssdk.php 第 108 行.
NOTIC: [2] fwrite() expects parameter 1 to be resource, boolean given /web/www/blog/tp3/Application/Home/Util/jssdk/jssdk.php 第 109 行.
NOTIC: [2] fclose() expects parameter 1 to be resource, boolean given /web/www/blog/tp3/Application/Home/Util/jssdk/jssdk.php 第 110 行.
NOTIC: [8] curl_setopt(): CURLOPT_SSL_VERIFYHOST no longer accepts the value 1, value 2 will be used instead /web/www/blog/tp3/Application/Home/Util/jssdk/jssdk.php 第 95 行.
NOTIC: [2] Creating default object from empty value /web/www/blog/tp3/Application/Home/Util/jssdk/jssdk.php 第 57 行.
NOTIC: [2] fopen(jsapi_ticket.php): failed to open stream: Permission denied /web/www/blog/tp3/Application/Home/Util/jssdk/jssdk.php 第 108 行.
NOTIC: [2] fwrite() expects parameter 1 to be resource, boolean given /web/www/blog/tp3/Application/Home/Util/jssdk/jssdk.php 第 109 行.
NOTIC: [2] fclose() expects parameter 1 to be resource, boolean given /web/www/blog/tp3/Application/Home/Util/jssdk/jssdk.php 第 110 行.
SQL: SHOW COLUMNS FROM `bk_discuss` [ RunTime:0.0007s ]
SQL: SELECT b.id,b.art_id,b.art_title,b.parent_id,b.grade,b.content,b.user_id,b.addtime,u.name,u.avatar FROM bk_discuss b left join bk_user u on b.user_id=u.user_id  WHERE b.is_show = 1 AND `parent_id` = 0 ORDER BY b.addtime desc LIMIT 0,5   [ RunTime:0.0003s ]
INFO: [ view_parse ] --START--
INFO: [ template_filter ] --START--
INFO: Run Behavior\ContentReplaceBehavior [ RunTime:0.000610s ]
INFO: [ template_filter ] --END-- [ RunTime:0.000647s ]
NOTIC: [8] Undefined index: userInfo /web/www/blog/tp3/Application/Runtime/Cache/Home/b096bd20c19239b82739cab90f0b6b59.php 第 34 行.
NOTIC: [8] Undefined index: userInfo /web/www/blog/tp3/Application/Runtime/Cache/Home/b096bd20c19239b82739cab90f0b6b59.php 第 198 行.
INFO: Run Behavior\ParseTemplateBehavior [ RunTime:0.392676s ]
INFO: [ view_parse ] --END-- [ RunTime:0.392716s ]
INFO: [ view_filter ] --START--
INFO: Run Behavior\WriteHtmlCacheBehavior [ RunTime:0.000913s ]
INFO: [ view_filter ] --END-- [ RunTime:0.000933s ]
INFO: [ app_end ] --START--
INFO: Run Behavior\ShowPageTraceBehavior [ RunTime:0.000738s ]
INFO: [ app_end ] --END-- [ RunTime:0.000780s ]

