[ 2017-07-09T05:10:55+08:00 ] 69.58.178.59 /discuz.php/Index
INFO: [ app_init ] --START--
INFO: Run Behavior\BuildLiteBehavior [ RunTime:0.000007s ]
INFO: [ app_init ] --END-- [ RunTime:0.000190s ]
INFO: [ app_begin ] --START--
INFO: Run Behavior\ReadHtmlCacheBehavior [ RunTime:0.000254s ]
INFO: [ app_begin ] --END-- [ RunTime:0.000275s ]
SQL: SHOW COLUMNS FROM `bk_discuz_group` [ RunTime:0.0007s ]
SQL: SELECT * FROM `bk_discuz_group` WHERE `is_show` = 1 AND `parent_id` > 0  [ RunTime:0.0003s ]
SQL: SELECT * FROM `bk_discuz_group` WHERE `is_show` = 1 AND `parent_id` = 0  [ RunTime:0.0002s ]
SQL: SELECT * FROM `bk_discuz_group` WHERE `is_show` = 1 AND `parent_id` = 1  [ RunTime:0.0002s ]
SQL: SELECT * FROM `bk_discuz_group` WHERE `is_show` = 1 AND `parent_id` = 2  [ RunTime:0.0002s ]
SQL: SELECT * FROM `bk_discuz_group` WHERE `is_show` = 1 AND `parent_id` = 3  [ RunTime:0.0002s ]
SQL: SELECT * FROM `bk_discuz_group` WHERE `is_show` = 1 AND `parent_id` = 4  [ RunTime:0.0002s ]
INFO: [ view_parse ] --START--
INFO: [ template_filter ] --START--
INFO: Run Behavior\ContentReplaceBehavior [ RunTime:0.000072s ]
INFO: [ template_filter ] --END-- [ RunTime:0.000088s ]
NOTIC: [2] file_put_contents(./Discuz/Runtime/Cache/Index/2f7e53dc05bd0d97b17984927c6586b5.php): failed to open stream: Permission denied /web/www/blog/tp3/ThinkPHP/Library/Think/Storage/Driver/File.class.php 第 47 行.
ERR: _STORAGE_WRITE_ERROR_:./Discuz/Runtime/Cache/Index/2f7e53dc05bd0d97b17984927c6586b5.php

