[ 2017-03-09T15:06:43+08:00 ] 183.6.165.138 /discuz.php/Index
INFO: [ app_init ] --START--
INFO: Run Behavior\BuildLiteBehavior [ RunTime:0.000015s ]
INFO: [ app_init ] --END-- [ RunTime:0.000396s ]
INFO: [ app_begin ] --START--
INFO: Run Behavior\ReadHtmlCacheBehavior [ RunTime:0.049657s ]
INFO: [ app_begin ] --END-- [ RunTime:0.049732s ]
SQL: SHOW COLUMNS FROM `bk_discuz_group` [ RunTime:0.0082s ]
SQL: SELECT * FROM `bk_discuz_group` WHERE `is_show` = 1 AND `parent_id` > 0  [ RunTime:0.0334s ]
SQL: SELECT * FROM `bk_discuz_group` WHERE `is_show` = 1 AND `parent_id` = 0  [ RunTime:0.0128s ]
SQL: SELECT * FROM `bk_discuz_group` WHERE `is_show` = 1 AND `parent_id` = 1  [ RunTime:0.0198s ]
SQL: SELECT * FROM `bk_discuz_group` WHERE `is_show` = 1 AND `parent_id` = 2  [ RunTime:0.0247s ]
SQL: SELECT * FROM `bk_discuz_group` WHERE `is_show` = 1 AND `parent_id` = 3  [ RunTime:0.0157s ]
SQL: SELECT * FROM `bk_discuz_group` WHERE `is_show` = 1 AND `parent_id` = 4  [ RunTime:0.0199s ]
INFO: [ view_parse ] --START--
INFO: [ template_filter ] --START--
INFO: Run Behavior\ContentReplaceBehavior [ RunTime:0.000133s ]
INFO: [ template_filter ] --END-- [ RunTime:0.000201s ]
NOTIC: [8] Undefined index: userInfo /web/www/blog/tp3/Discuz/Runtime/Cache/Index/2f7e53dc05bd0d97b17984927c6586b5.php 第 79 行.
INFO: Run Behavior\ParseTemplateBehavior [ RunTime:0.567176s ]
INFO: [ view_parse ] --END-- [ RunTime:0.567242s ]
INFO: [ view_filter ] --START--
INFO: Run Behavior\WriteHtmlCacheBehavior [ RunTime:0.046970s ]
INFO: [ view_filter ] --END-- [ RunTime:0.047077s ]
INFO: [ app_end ] --START--
INFO: Run Behavior\ShowPageTraceBehavior [ RunTime:0.000634s ]
INFO: [ app_end ] --END-- [ RunTime:0.000710s ]

