[ 2017-03-05T11:01:47+08:00 ] 117.136.40.179 /discuz.php/Index
INFO: [ app_init ] --START--
INFO: Run Behavior\BuildLiteBehavior [ RunTime:0.000014s ]
INFO: [ app_init ] --END-- [ RunTime:0.000332s ]
INFO: [ app_begin ] --START--
INFO: Run Behavior\ReadHtmlCacheBehavior [ RunTime:0.000386s ]
INFO: [ app_begin ] --END-- [ RunTime:0.000438s ]
SQL: SHOW COLUMNS FROM `bk_discuz_group` [ RunTime:0.0007s ]
SQL: SELECT * FROM `bk_discuz_group` WHERE `is_show` = 1 AND `parent_id` > 0  [ RunTime:0.0003s ]
SQL: SELECT * FROM `bk_discuz_group` WHERE `is_show` = 1 AND `parent_id` = 0  [ RunTime:0.0003s ]
SQL: SELECT * FROM `bk_discuz_group` WHERE `is_show` = 1 AND `parent_id` = 1  [ RunTime:0.0058s ]
SQL: SELECT * FROM `bk_discuz_group` WHERE `is_show` = 1 AND `parent_id` = 2  [ RunTime:0.0119s ]
SQL: SELECT * FROM `bk_discuz_group` WHERE `is_show` = 1 AND `parent_id` = 3  [ RunTime:0.0198s ]
SQL: SELECT * FROM `bk_discuz_group` WHERE `is_show` = 1 AND `parent_id` = 4  [ RunTime:0.0178s ]
INFO: [ view_parse ] --START--
INFO: [ template_filter ] --START--
INFO: Run Behavior\ContentReplaceBehavior [ RunTime:0.000173s ]
INFO: [ template_filter ] --END-- [ RunTime:0.044830s ]
NOTIC: [8] Undefined index: userInfo /web/www/blog/tp3/Discuz/Runtime/Cache/Index/2f7e53dc05bd0d97b17984927c6586b5.php 第 79 行.
INFO: Run Behavior\ParseTemplateBehavior [ RunTime:0.656257s ]
INFO: [ view_parse ] --END-- [ RunTime:0.656303s ]
INFO: [ view_filter ] --START--
INFO: Run Behavior\WriteHtmlCacheBehavior [ RunTime:0.040568s ]
INFO: [ view_filter ] --END-- [ RunTime:0.040625s ]
INFO: [ app_end ] --START--
INFO: Run Behavior\ShowPageTraceBehavior [ RunTime:0.009453s ]
INFO: [ app_end ] --END-- [ RunTime:0.009543s ]

