[ 2017-01-13T10:29:24+08:00 ] 127.0.0.1 /dsd/tp3/discuz.php/Category/CategoryChild/index/group_id/17.html
INFO: [ app_init ] --START--
INFO: Run Behavior\BuildLiteBehavior [ RunTime:0.000000s ]
INFO: [ app_init ] --END-- [ RunTime:0.000000s ]
INFO: [ app_begin ] --START--
INFO: Run Behavior\ReadHtmlCacheBehavior [ RunTime:0.000000s ]
INFO: [ app_begin ] --END-- [ RunTime:0.000000s ]
SQL: SHOW COLUMNS FROM `bk_discuz_post` [ RunTime:0.0250s ]
SQL: SELECT COUNT(*) AS tp_count FROM `bk_discuz_post` WHERE `group_id` = 17 AND `is_show` = 1 LIMIT 1   [ RunTime:0.0010s ]
SQL: SELECT p.*,g.name FROM bk_discuz_post p left join bk_discuz_group g on p.topic_id=g.group_id  WHERE p.group_id = '17' AND p.is_show = 1 ORDER BY p.addtime desc LIMIT 0,10   [ RunTime:0.0020s ]
INFO: [ view_parse ] --START--
INFO: [ template_filter ] --START--
INFO: Run Behavior\ContentReplaceBehavior [ RunTime:0.000000s ]
INFO: [ template_filter ] --END-- [ RunTime:0.000000s ]
INFO: Run Behavior\ParseTemplateBehavior [ RunTime:0.020000s ]
INFO: [ view_parse ] --END-- [ RunTime:0.020000s ]
INFO: [ view_filter ] --START--
INFO: Run Behavior\WriteHtmlCacheBehavior [ RunTime:0.000000s ]
INFO: [ view_filter ] --END-- [ RunTime:0.000000s ]
INFO: [ app_end ] --START--
INFO: Run Behavior\ShowPageTraceBehavior [ RunTime:0.000000s ]
INFO: [ app_end ] --END-- [ RunTime:0.000000s ]

[ 2017-01-13T17:09:30+08:00 ] 127.0.0.1 /dsd/tp3/discuz.php/Category/Index/index/group_id/3.html
INFO: [ app_init ] --START--
INFO: Run Behavior\BuildLiteBehavior [ RunTime:0.000000s ]
INFO: [ app_init ] --END-- [ RunTime:0.001000s ]
INFO: [ app_begin ] --START--
INFO: Run Behavior\ReadHtmlCacheBehavior [ RunTime:0.000000s ]
INFO: [ app_begin ] --END-- [ RunTime:0.000000s ]
SQL: SHOW COLUMNS FROM `bk_discuz_group` [ RunTime:0.0040s ]
SQL: SELECT * FROM `bk_discuz_group` WHERE `parent_id` = 3 AND `is_show` = 1  [ RunTime:0.0010s ]
INFO: [ view_parse ] --START--
INFO: [ template_filter ] --START--
INFO: Run Behavior\ContentReplaceBehavior [ RunTime:0.001000s ]
INFO: [ template_filter ] --END-- [ RunTime:0.001000s ]
NOTIC: [8] Undefined variable: Think D:\UPUPW_NP7.0\htdocs\dsd\tp3\Discuz\Runtime\Cache\Category\a07bd75634e2867d990a66609aa4b748.php 第 79 行.
INFO: Run Behavior\ParseTemplateBehavior [ RunTime:0.029000s ]
INFO: [ view_parse ] --END-- [ RunTime:0.029000s ]
INFO: [ view_filter ] --START--
INFO: Run Behavior\WriteHtmlCacheBehavior [ RunTime:0.000000s ]
INFO: [ view_filter ] --END-- [ RunTime:0.000000s ]
INFO: [ app_end ] --START--
INFO: Run Behavior\ShowPageTraceBehavior [ RunTime:0.000000s ]
INFO: [ app_end ] --END-- [ RunTime:0.000000s ]

[ 2017-01-13T17:09:32+08:00 ] 127.0.0.1 /dsd/tp3/discuz.php/Category/CategoryChild/index/group_id/19.html
INFO: [ app_init ] --START--
INFO: Run Behavior\BuildLiteBehavior [ RunTime:0.000000s ]
INFO: [ app_init ] --END-- [ RunTime:0.000000s ]
INFO: [ app_begin ] --START--
INFO: Run Behavior\ReadHtmlCacheBehavior [ RunTime:0.000000s ]
INFO: [ app_begin ] --END-- [ RunTime:0.000000s ]
SQL: SHOW COLUMNS FROM `bk_discuz_post` [ RunTime:0.0030s ]
SQL: SELECT COUNT(*) AS tp_count FROM `bk_discuz_post` WHERE `group_id` = 19 AND `is_show` = 1 LIMIT 1   [ RunTime:0.0000s ]
SQL: SELECT p.*,g.name FROM bk_discuz_post p left join bk_discuz_group g on p.topic_id=g.group_id  WHERE p.group_id = '19' AND p.is_show = 1 ORDER BY p.addtime desc LIMIT 0,10   [ RunTime:0.0010s ]
INFO: [ view_parse ] --START--
INFO: [ template_filter ] --START--
INFO: Run Behavior\ContentReplaceBehavior [ RunTime:0.001000s ]
INFO: [ template_filter ] --END-- [ RunTime:0.001000s ]
NOTIC: [8] Undefined variable: Think D:\UPUPW_NP7.0\htdocs\dsd\tp3\Discuz\Runtime\Cache\Category\647707a63ae1b0d1a51d79a62d2527f4.php 第 79 行.
INFO: Run Behavior\ParseTemplateBehavior [ RunTime:0.005000s ]
INFO: [ view_parse ] --END-- [ RunTime:0.005000s ]
INFO: [ view_filter ] --START--
INFO: Run Behavior\WriteHtmlCacheBehavior [ RunTime:0.000000s ]
INFO: [ view_filter ] --END-- [ RunTime:0.000000s ]
INFO: [ app_end ] --START--
INFO: Run Behavior\ShowPageTraceBehavior [ RunTime:0.000000s ]
INFO: [ app_end ] --END-- [ RunTime:0.000000s ]

[ 2017-01-13T17:09:36+08:00 ] 127.0.0.1 /dsd/tp3/discuz.php/Category/CategoryChild/index/group_id/index.html
INFO: [ app_init ] --START--
INFO: Run Behavior\BuildLiteBehavior [ RunTime:0.000000s ]
INFO: [ app_init ] --END-- [ RunTime:0.000000s ]
INFO: [ app_begin ] --START--
INFO: Run Behavior\ReadHtmlCacheBehavior [ RunTime:0.000000s ]
INFO: [ app_begin ] --END-- [ RunTime:0.000000s ]
SQL: SHOW COLUMNS FROM `bk_discuz_post` [ RunTime:0.0030s ]
SQL: SELECT COUNT(*) AS tp_count FROM `bk_discuz_post` WHERE `group_id` = 0 AND `is_show` = 1 LIMIT 1   [ RunTime:0.0000s ]
SQL: SELECT p.*,g.name FROM bk_discuz_post p left join bk_discuz_group g on p.topic_id=g.group_id  WHERE p.group_id = 'index' AND p.is_show = 1 ORDER BY p.addtime desc LIMIT 0,10   [ RunTime:0.0000s ]
INFO: [ view_parse ] --START--
INFO: [ template_filter ] --START--
INFO: Run Behavior\ContentReplaceBehavior [ RunTime:0.000000s ]
INFO: [ template_filter ] --END-- [ RunTime:0.000000s ]
NOTIC: [8] Undefined variable: Think D:\UPUPW_NP7.0\htdocs\dsd\tp3\Discuz\Runtime\Cache\Category\647707a63ae1b0d1a51d79a62d2527f4.php 第 79 行.
INFO: Run Behavior\ParseTemplateBehavior [ RunTime:0.006000s ]
INFO: [ view_parse ] --END-- [ RunTime:0.006000s ]
INFO: [ view_filter ] --START--
INFO: Run Behavior\WriteHtmlCacheBehavior [ RunTime:0.000000s ]
INFO: [ view_filter ] --END-- [ RunTime:0.000000s ]
INFO: [ app_end ] --START--
INFO: Run Behavior\ShowPageTraceBehavior [ RunTime:0.001000s ]
INFO: [ app_end ] --END-- [ RunTime:0.001000s ]

