[ 2017-03-17T01:27:56+08:00 ] 183.232.228.28 /Admin.php
INFO: [ app_init ] --START--
INFO: Run Behavior\BuildLiteBehavior [ RunTime:0.000016s ]
INFO: [ app_init ] --END-- [ RunTime:0.000319s ]
INFO: [ app_begin ] --START--
INFO: Run Behavior\ReadHtmlCacheBehavior [ RunTime:0.000388s ]
INFO: [ app_begin ] --END-- [ RunTime:0.047123s ]
INFO: [ view_parse ] --START--
INFO: [ template_filter ] --START--
INFO: Run Behavior\ContentReplaceBehavior [ RunTime:0.000068s ]
INFO: [ template_filter ] --END-- [ RunTime:0.040280s ]
NOTIC: [8] Undefined index: admin /web/www/blog/tp3/Application/Runtime/Cache/Admin/b595b808c2ebeeeb0478ffc30bb4e87a.php 第 39 行.
NOTIC: [8] Undefined index: admin /web/www/blog/tp3/Application/Runtime/Cache/Admin/b595b808c2ebeeeb0478ffc30bb4e87a.php 第 39 行.
INFO: Run Behavior\ParseTemplateBehavior [ RunTime:0.329275s ]
INFO: [ view_parse ] --END-- [ RunTime:0.329309s ]
INFO: [ view_filter ] --START--
INFO: Run Behavior\WriteHtmlCacheBehavior [ RunTime:0.000282s ]
INFO: [ view_filter ] --END-- [ RunTime:0.000343s ]
INFO: [ app_end ] --START--
INFO: Run Behavior\ShowPageTraceBehavior [ RunTime:0.000415s ]
INFO: [ app_end ] --END-- [ RunTime:0.000445s ]

[ 2017-03-17T01:27:57+08:00 ] 183.232.228.28 /Admin.php/System/Login.html
INFO: [ app_init ] --START--
INFO: Run Behavior\BuildLiteBehavior [ RunTime:0.000014s ]
INFO: [ app_init ] --END-- [ RunTime:0.047404s ]
INFO: [ app_begin ] --START--
INFO: Run Behavior\ReadHtmlCacheBehavior [ RunTime:0.053398s ]
INFO: [ app_begin ] --END-- [ RunTime:0.053461s ]
INFO: [ view_parse ] --START--
INFO: [ template_filter ] --START--
INFO: Run Behavior\ContentReplaceBehavior [ RunTime:0.000066s ]
INFO: [ template_filter ] --END-- [ RunTime:0.000135s ]
INFO: Run Behavior\ParseTemplateBehavior [ RunTime:0.334318s ]
INFO: [ view_parse ] --END-- [ RunTime:0.334383s ]
INFO: [ view_filter ] --START--
INFO: Run Behavior\WriteHtmlCacheBehavior [ RunTime:0.000264s ]
INFO: [ view_filter ] --END-- [ RunTime:0.000294s ]
INFO: [ app_end ] --START--
INFO: Run Behavior\ShowPageTraceBehavior [ RunTime:0.046669s ]
INFO: [ app_end ] --END-- [ RunTime:0.046733s ]

[ 2017-03-17T01:27:58+08:00 ] 183.232.228.28 /Admin.php/System/Verify.html
INFO: [ app_init ] --START--
INFO: Run Behavior\BuildLiteBehavior [ RunTime:0.000014s ]
INFO: [ app_init ] --END-- [ RunTime:0.000295s ]
INFO: [ app_begin ] --START--
INFO: Run Behavior\ReadHtmlCacheBehavior [ RunTime:0.000392s ]
INFO: [ app_begin ] --END-- [ RunTime:0.000443s ]
INFO: [ app_end ] --START--
INFO: Run Behavior\ShowPageTraceBehavior [ RunTime:0.045749s ]
INFO: [ app_end ] --END-- [ RunTime:0.045850s ]

[ 2017-03-17T01:27:59+08:00 ] 183.232.228.28 /Admin.php/System/Login.html
INFO: [ app_init ] --START--
INFO: Run Behavior\BuildLiteBehavior [ RunTime:0.000018s ]
INFO: [ app_init ] --END-- [ RunTime:0.000321s ]
INFO: [ app_begin ] --START--
INFO: Run Behavior\ReadHtmlCacheBehavior [ RunTime:0.000376s ]
INFO: [ app_begin ] --END-- [ RunTime:0.000426s ]
INFO: [ view_parse ] --START--
INFO: [ template_filter ] --START--
INFO: Run Behavior\ContentReplaceBehavior [ RunTime:0.000064s ]
INFO: [ template_filter ] --END-- [ RunTime:0.000144s ]
INFO: Run Behavior\ParseTemplateBehavior [ RunTime:0.260037s ]
INFO: [ view_parse ] --END-- [ RunTime:0.260072s ]
INFO: [ view_filter ] --START--
INFO: Run Behavior\WriteHtmlCacheBehavior [ RunTime:0.046274s ]
INFO: [ view_filter ] --END-- [ RunTime:0.046341s ]
INFO: [ app_end ] --START--
INFO: Run Behavior\ShowPageTraceBehavior [ RunTime:0.000482s ]
INFO: [ app_end ] --END-- [ RunTime:0.000509s ]

[ 2017-03-17T01:28:16+08:00 ] 183.232.228.28 /Admin.php/System/Login.html
INFO: [ app_init ] --START--
INFO: Run Behavior\BuildLiteBehavior [ RunTime:0.000021s ]
INFO: [ app_init ] --END-- [ RunTime:0.025987s ]
INFO: [ app_begin ] --START--
INFO: Run Behavior\ReadHtmlCacheBehavior [ RunTime:0.000496s ]
INFO: [ app_begin ] --END-- [ RunTime:0.025628s ]
SQL: SHOW COLUMNS FROM `bk_admin` [ RunTime:0.0256s ]
NOTIC: [8] Undefined index: validate /web/www/blog/tp3/ThinkPHP/Library/Think/Model.class.php 第 1185 行.
NOTIC: [8] Undefined index: auto /web/www/blog/tp3/ThinkPHP/Library/Think/Model.class.php 第 1128 行.
SQL: SELECT * FROM `bk_admin` WHERE `name` = 'root' LIMIT 1   [ RunTime:0.0247s ]
INFO: [ view_parse ] --START--
INFO: [ template_filter ] --START--
INFO: Run Behavior\ContentReplaceBehavior [ RunTime:0.000051s ]
INFO: [ template_filter ] --END-- [ RunTime:0.000123s ]
INFO: Run Behavior\ParseTemplateBehavior [ RunTime:0.255870s ]
INFO: [ view_parse ] --END-- [ RunTime:0.255947s ]
INFO: [ view_filter ] --START--
INFO: Run Behavior\WriteHtmlCacheBehavior [ RunTime:0.000277s ]
INFO: [ view_filter ] --END-- [ RunTime:0.000307s ]

[ 2017-03-17T01:28:20+08:00 ] 183.232.228.28 /Admin.php/System/Login.html
INFO: [ app_init ] --START--
INFO: Run Behavior\BuildLiteBehavior [ RunTime:0.000015s ]
INFO: [ app_init ] --END-- [ RunTime:0.000407s ]
INFO: [ app_begin ] --START--
INFO: Run Behavior\ReadHtmlCacheBehavior [ RunTime:0.000551s ]
INFO: [ app_begin ] --END-- [ RunTime:0.000609s ]
INFO: [ view_parse ] --START--
INFO: [ template_filter ] --START--
INFO: Run Behavior\ContentReplaceBehavior [ RunTime:0.000078s ]
INFO: [ template_filter ] --END-- [ RunTime:0.000153s ]
INFO: Run Behavior\ParseTemplateBehavior [ RunTime:0.313663s ]
INFO: [ view_parse ] --END-- [ RunTime:0.313726s ]
INFO: [ view_filter ] --START--
INFO: Run Behavior\WriteHtmlCacheBehavior [ RunTime:0.000154s ]
INFO: [ view_filter ] --END-- [ RunTime:0.000175s ]
INFO: [ app_end ] --START--
INFO: Run Behavior\ShowPageTraceBehavior [ RunTime:0.045559s ]
INFO: [ app_end ] --END-- [ RunTime:0.045628s ]

[ 2017-03-17T01:28:21+08:00 ] 183.232.228.28 /Admin.php/System/Verify.html
INFO: [ app_init ] --START--
INFO: Run Behavior\BuildLiteBehavior [ RunTime:0.000014s ]
INFO: [ app_init ] --END-- [ RunTime:0.000390s ]
INFO: [ app_begin ] --START--
INFO: Run Behavior\ReadHtmlCacheBehavior [ RunTime:0.000530s ]
INFO: [ app_begin ] --END-- [ RunTime:0.000584s ]
INFO: [ app_end ] --START--
INFO: Run Behavior\ShowPageTraceBehavior [ RunTime:0.049778s ]
INFO: [ app_end ] --END-- [ RunTime:0.049886s ]

[ 2017-03-17T01:28:26+08:00 ] 183.232.228.28 /Admin.php/System/Login.html
INFO: [ app_init ] --START--
INFO: Run Behavior\BuildLiteBehavior [ RunTime:0.000015s ]
INFO: [ app_init ] --END-- [ RunTime:0.000407s ]
INFO: [ app_begin ] --START--
INFO: Run Behavior\ReadHtmlCacheBehavior [ RunTime:0.000455s ]
INFO: [ app_begin ] --END-- [ RunTime:0.000514s ]
SQL: SHOW COLUMNS FROM `bk_admin` [ RunTime:0.0263s ]
NOTIC: [8] Undefined index: validate /web/www/blog/tp3/ThinkPHP/Library/Think/Model.class.php 第 1185 行.
NOTIC: [8] Undefined index: auto /web/www/blog/tp3/ThinkPHP/Library/Think/Model.class.php 第 1128 行.
SQL: SELECT * FROM `bk_admin` WHERE `name` = 'root' LIMIT 1   [ RunTime:0.0284s ]
INFO: [ view_parse ] --START--
INFO: [ template_filter ] --START--
INFO: Run Behavior\ContentReplaceBehavior [ RunTime:0.000044s ]
INFO: [ template_filter ] --END-- [ RunTime:0.000113s ]
INFO: Run Behavior\ParseTemplateBehavior [ RunTime:0.225233s ]
INFO: [ view_parse ] --END-- [ RunTime:0.225297s ]
INFO: [ view_filter ] --START--
INFO: Run Behavior\WriteHtmlCacheBehavior [ RunTime:0.000169s ]
INFO: [ view_filter ] --END-- [ RunTime:0.000201s ]

[ 2017-03-17T01:28:30+08:00 ] 183.232.228.28 /Admin.php/System/Login.html
INFO: [ app_init ] --START--
INFO: Run Behavior\BuildLiteBehavior [ RunTime:0.000026s ]
INFO: [ app_init ] --END-- [ RunTime:0.046575s ]
INFO: [ app_begin ] --START--
INFO: Run Behavior\ReadHtmlCacheBehavior [ RunTime:0.046643s ]
INFO: [ app_begin ] --END-- [ RunTime:0.046714s ]
INFO: [ view_parse ] --START--
INFO: [ template_filter ] --START--
INFO: Run Behavior\ContentReplaceBehavior [ RunTime:0.000080s ]
INFO: [ template_filter ] --END-- [ RunTime:0.046208s ]
INFO: Run Behavior\ParseTemplateBehavior [ RunTime:0.269009s ]
INFO: [ view_parse ] --END-- [ RunTime:0.269044s ]
INFO: [ view_filter ] --START--
INFO: Run Behavior\WriteHtmlCacheBehavior [ RunTime:0.000190s ]
INFO: [ view_filter ] --END-- [ RunTime:0.000219s ]
INFO: [ app_end ] --START--
INFO: Run Behavior\ShowPageTraceBehavior [ RunTime:0.000567s ]
INFO: [ app_end ] --END-- [ RunTime:0.000621s ]

[ 2017-03-17T01:28:31+08:00 ] 183.232.228.28 /Admin.php/System/Verify.html
INFO: [ app_init ] --START--
INFO: Run Behavior\BuildLiteBehavior [ RunTime:0.000015s ]
INFO: [ app_init ] --END-- [ RunTime:0.000438s ]
INFO: [ app_begin ] --START--
INFO: Run Behavior\ReadHtmlCacheBehavior [ RunTime:0.000532s ]
INFO: [ app_begin ] --END-- [ RunTime:0.000599s ]
INFO: [ app_end ] --START--
INFO: Run Behavior\ShowPageTraceBehavior [ RunTime:0.000716s ]
INFO: [ app_end ] --END-- [ RunTime:0.000811s ]

[ 2017-03-17T01:28:38+08:00 ] 183.232.228.28 /Admin.php/System/Login.html
INFO: [ app_init ] --START--
INFO: Run Behavior\BuildLiteBehavior [ RunTime:0.000014s ]
INFO: [ app_init ] --END-- [ RunTime:0.047363s ]
INFO: [ app_begin ] --START--
INFO: Run Behavior\ReadHtmlCacheBehavior [ RunTime:0.042742s ]
INFO: [ app_begin ] --END-- [ RunTime:0.042817s ]
SQL: SHOW COLUMNS FROM `bk_admin` [ RunTime:0.0251s ]
NOTIC: [8] Undefined index: validate /web/www/blog/tp3/ThinkPHP/Library/Think/Model.class.php 第 1185 行.
NOTIC: [8] Undefined index: auto /web/www/blog/tp3/ThinkPHP/Library/Think/Model.class.php 第 1128 行.
SQL: SELECT * FROM `bk_admin` WHERE `name` = 'admin' LIMIT 1   [ RunTime:0.0267s ]
INFO: [ view_parse ] --START--
INFO: [ template_filter ] --START--
INFO: Run Behavior\ContentReplaceBehavior [ RunTime:0.000049s ]
INFO: [ template_filter ] --END-- [ RunTime:0.046185s ]
INFO: Run Behavior\ParseTemplateBehavior [ RunTime:0.235295s ]
INFO: [ view_parse ] --END-- [ RunTime:0.235332s ]
INFO: [ view_filter ] --START--
INFO: Run Behavior\WriteHtmlCacheBehavior [ RunTime:0.000146s ]
INFO: [ view_filter ] --END-- [ RunTime:0.000176s ]

[ 2017-03-17T01:28:42+08:00 ] 183.232.228.28 /Admin.php/System/Login.html
INFO: [ app_init ] --START--
INFO: Run Behavior\BuildLiteBehavior [ RunTime:0.000021s ]
INFO: [ app_init ] --END-- [ RunTime:0.050572s ]
INFO: [ app_begin ] --START--
INFO: Run Behavior\ReadHtmlCacheBehavior [ RunTime:0.049526s ]
INFO: [ app_begin ] --END-- [ RunTime:0.049591s ]
INFO: [ view_parse ] --START--
INFO: [ template_filter ] --START--
INFO: Run Behavior\ContentReplaceBehavior [ RunTime:0.000072s ]
INFO: [ template_filter ] --END-- [ RunTime:0.000156s ]
INFO: Run Behavior\ParseTemplateBehavior [ RunTime:0.323056s ]
INFO: [ view_parse ] --END-- [ RunTime:0.323084s ]
INFO: [ view_filter ] --START--
INFO: Run Behavior\WriteHtmlCacheBehavior [ RunTime:0.000139s ]
INFO: [ view_filter ] --END-- [ RunTime:0.000160s ]
INFO: [ app_end ] --START--
INFO: Run Behavior\ShowPageTraceBehavior [ RunTime:0.000539s ]
INFO: [ app_end ] --END-- [ RunTime:0.000601s ]

[ 2017-03-17T01:28:43+08:00 ] 183.232.228.28 /Admin.php/System/Verify.html
INFO: [ app_init ] --START--
INFO: Run Behavior\BuildLiteBehavior [ RunTime:0.049057s ]
INFO: [ app_init ] --END-- [ RunTime:0.049429s ]
INFO: [ app_begin ] --START--
INFO: Run Behavior\ReadHtmlCacheBehavior [ RunTime:0.054515s ]
INFO: [ app_begin ] --END-- [ RunTime:0.054592s ]
INFO: [ app_end ] --START--
INFO: Run Behavior\ShowPageTraceBehavior [ RunTime:0.046791s ]
INFO: [ app_end ] --END-- [ RunTime:0.046876s ]

[ 2017-03-17T01:28:49+08:00 ] 183.232.228.28 /Admin.php/System/Login.html
INFO: [ app_init ] --START--
INFO: Run Behavior\BuildLiteBehavior [ RunTime:0.000015s ]
INFO: [ app_init ] --END-- [ RunTime:0.000310s ]
INFO: [ app_begin ] --START--
INFO: Run Behavior\ReadHtmlCacheBehavior [ RunTime:0.000425s ]
INFO: [ app_begin ] --END-- [ RunTime:0.000479s ]
SQL: SHOW COLUMNS FROM `bk_admin` [ RunTime:0.0248s ]
NOTIC: [8] Undefined index: validate /web/www/blog/tp3/ThinkPHP/Library/Think/Model.class.php 第 1185 行.
NOTIC: [8] Undefined index: auto /web/www/blog/tp3/ThinkPHP/Library/Think/Model.class.php 第 1128 行.
SQL: SELECT * FROM `bk_admin` WHERE `name` = 'admin' LIMIT 1   [ RunTime:0.0256s ]
INFO: [ view_parse ] --START--
INFO: [ template_filter ] --START--
INFO: Run Behavior\ContentReplaceBehavior [ RunTime:0.000036s ]
INFO: [ template_filter ] --END-- [ RunTime:0.043174s ]
INFO: Run Behavior\ParseTemplateBehavior [ RunTime:0.203216s ]
INFO: [ view_parse ] --END-- [ RunTime:0.203254s ]
INFO: [ view_filter ] --START--
INFO: Run Behavior\WriteHtmlCacheBehavior [ RunTime:0.000167s ]
INFO: [ view_filter ] --END-- [ RunTime:0.000191s ]

[ 2017-03-17T01:28:53+08:00 ] 183.232.228.28 /Admin.php/System/Login.html
INFO: [ app_init ] --START--
INFO: Run Behavior\BuildLiteBehavior [ RunTime:0.000019s ]
INFO: [ app_init ] --END-- [ RunTime:0.000578s ]
INFO: [ app_begin ] --START--
INFO: Run Behavior\ReadHtmlCacheBehavior [ RunTime:0.043619s ]
INFO: [ app_begin ] --END-- [ RunTime:0.043714s ]
INFO: [ view_parse ] --START--
INFO: [ template_filter ] --START--
INFO: Run Behavior\ContentReplaceBehavior [ RunTime:0.000059s ]
INFO: [ template_filter ] --END-- [ RunTime:0.000119s ]
INFO: Run Behavior\ParseTemplateBehavior [ RunTime:0.294704s ]
INFO: [ view_parse ] --END-- [ RunTime:0.294766s ]
INFO: [ view_filter ] --START--
INFO: Run Behavior\WriteHtmlCacheBehavior [ RunTime:0.000149s ]
INFO: [ view_filter ] --END-- [ RunTime:0.000172s ]
INFO: [ app_end ] --START--
INFO: Run Behavior\ShowPageTraceBehavior [ RunTime:0.047627s ]
INFO: [ app_end ] --END-- [ RunTime:0.047684s ]

[ 2017-03-17T01:28:54+08:00 ] 183.232.228.28 /Admin.php/System/Verify.html
INFO: [ app_init ] --START--
INFO: Run Behavior\BuildLiteBehavior [ RunTime:0.000018s ]
INFO: [ app_init ] --END-- [ RunTime:0.046401s ]
INFO: [ app_begin ] --START--
INFO: Run Behavior\ReadHtmlCacheBehavior [ RunTime:0.000351s ]
INFO: [ app_begin ] --END-- [ RunTime:0.046698s ]
INFO: [ app_end ] --START--
INFO: Run Behavior\ShowPageTraceBehavior [ RunTime:0.049672s ]
INFO: [ app_end ] --END-- [ RunTime:0.049748s ]

[ 2017-03-17T01:29:02+08:00 ] 183.232.228.28 /Admin.php/System/Login.html
INFO: [ app_init ] --START--
INFO: Run Behavior\BuildLiteBehavior [ RunTime:0.000024s ]
INFO: [ app_init ] --END-- [ RunTime:0.047486s ]
INFO: [ app_begin ] --START--
INFO: Run Behavior\ReadHtmlCacheBehavior [ RunTime:0.048593s ]
INFO: [ app_begin ] --END-- [ RunTime:0.048674s ]
SQL: SHOW COLUMNS FROM `bk_admin` [ RunTime:0.0263s ]
NOTIC: [8] Undefined index: validate /web/www/blog/tp3/ThinkPHP/Library/Think/Model.class.php 第 1185 行.
NOTIC: [8] Undefined index: auto /web/www/blog/tp3/ThinkPHP/Library/Think/Model.class.php 第 1128 行.
SQL: SELECT * FROM `bk_admin` WHERE `name` = 'admin' LIMIT 1   [ RunTime:0.0264s ]
INFO: [ view_parse ] --START--
INFO: [ template_filter ] --START--
INFO: Run Behavior\ContentReplaceBehavior [ RunTime:0.000041s ]
INFO: [ template_filter ] --END-- [ RunTime:0.000107s ]
INFO: Run Behavior\ParseTemplateBehavior [ RunTime:0.185805s ]
INFO: [ view_parse ] --END-- [ RunTime:0.185834s ]
INFO: [ view_filter ] --START--
INFO: Run Behavior\WriteHtmlCacheBehavior [ RunTime:0.046297s ]
INFO: [ view_filter ] --END-- [ RunTime:0.046352s ]

[ 2017-03-17T01:29:07+08:00 ] 183.232.228.28 /Admin.php/System/Login.html
INFO: [ app_init ] --START--
INFO: Run Behavior\BuildLiteBehavior [ RunTime:0.000014s ]
INFO: [ app_init ] --END-- [ RunTime:0.000342s ]
INFO: [ app_begin ] --START--
INFO: Run Behavior\ReadHtmlCacheBehavior [ RunTime:0.000350s ]
INFO: [ app_begin ] --END-- [ RunTime:0.000403s ]
INFO: [ view_parse ] --START--
INFO: [ template_filter ] --START--
INFO: Run Behavior\ContentReplaceBehavior [ RunTime:0.000059s ]
INFO: [ template_filter ] --END-- [ RunTime:0.000120s ]
INFO: Run Behavior\ParseTemplateBehavior [ RunTime:0.284938s ]
INFO: [ view_parse ] --END-- [ RunTime:0.284999s ]
INFO: [ view_filter ] --START--
INFO: Run Behavior\WriteHtmlCacheBehavior [ RunTime:0.000184s ]
INFO: [ view_filter ] --END-- [ RunTime:0.000217s ]
INFO: [ app_end ] --START--
INFO: Run Behavior\ShowPageTraceBehavior [ RunTime:0.046669s ]
INFO: [ app_end ] --END-- [ RunTime:0.046730s ]

[ 2017-03-17T01:29:07+08:00 ] 183.232.228.28 /Admin.php/System/Verify.html
INFO: [ app_init ] --START--
INFO: Run Behavior\BuildLiteBehavior [ RunTime:0.000014s ]
INFO: [ app_init ] --END-- [ RunTime:0.000360s ]
INFO: [ app_begin ] --START--
INFO: Run Behavior\ReadHtmlCacheBehavior [ RunTime:0.000414s ]
INFO: [ app_begin ] --END-- [ RunTime:0.000473s ]
INFO: [ app_end ] --START--
INFO: Run Behavior\ShowPageTraceBehavior [ RunTime:0.062564s ]
INFO: [ app_end ] --END-- [ RunTime:0.062686s ]

[ 2017-03-17T01:30:39+08:00 ] 183.232.228.28 /Admin.php/System/Login.html
INFO: [ app_init ] --START--
INFO: Run Behavior\BuildLiteBehavior [ RunTime:0.000013s ]
INFO: [ app_init ] --END-- [ RunTime:0.049406s ]
INFO: [ app_begin ] --START--
INFO: Run Behavior\ReadHtmlCacheBehavior [ RunTime:0.043531s ]
INFO: [ app_begin ] --END-- [ RunTime:0.043612s ]
SQL: SHOW COLUMNS FROM `bk_admin` [ RunTime:0.0250s ]
NOTIC: [8] Undefined index: validate /web/www/blog/tp3/ThinkPHP/Library/Think/Model.class.php 第 1185 行.
NOTIC: [8] Undefined index: auto /web/www/blog/tp3/ThinkPHP/Library/Think/Model.class.php 第 1128 行.
SQL: SELECT * FROM `bk_admin` WHERE `name` = 'admin' LIMIT 1   [ RunTime:0.0263s ]
INFO: [ view_parse ] --START--
INFO: [ template_filter ] --START--
INFO: Run Behavior\ContentReplaceBehavior [ RunTime:0.000039s ]
INFO: [ template_filter ] --END-- [ RunTime:0.000104s ]
INFO: Run Behavior\ParseTemplateBehavior [ RunTime:0.202649s ]
INFO: [ view_parse ] --END-- [ RunTime:0.248738s ]
INFO: [ view_filter ] --START--
INFO: Run Behavior\WriteHtmlCacheBehavior [ RunTime:0.000238s ]
INFO: [ view_filter ] --END-- [ RunTime:0.000264s ]

[ 2017-03-17T01:30:44+08:00 ] 183.232.228.28 /Admin.php/System/Login.html
INFO: [ app_init ] --START--
INFO: Run Behavior\BuildLiteBehavior [ RunTime:0.000014s ]
INFO: [ app_init ] --END-- [ RunTime:0.000302s ]
INFO: [ app_begin ] --START--
INFO: Run Behavior\ReadHtmlCacheBehavior [ RunTime:0.000484s ]
INFO: [ app_begin ] --END-- [ RunTime:0.000543s ]
INFO: [ view_parse ] --START--
INFO: [ template_filter ] --START--
INFO: Run Behavior\ContentReplaceBehavior [ RunTime:0.000065s ]
INFO: [ template_filter ] --END-- [ RunTime:0.000137s ]
INFO: Run Behavior\ParseTemplateBehavior [ RunTime:0.302389s ]
INFO: [ view_parse ] --END-- [ RunTime:0.302459s ]
INFO: [ view_filter ] --START--
INFO: Run Behavior\WriteHtmlCacheBehavior [ RunTime:0.000230s ]
INFO: [ view_filter ] --END-- [ RunTime:0.000252s ]
INFO: [ app_end ] --START--
INFO: Run Behavior\ShowPageTraceBehavior [ RunTime:0.000376s ]
INFO: [ app_end ] --END-- [ RunTime:0.000400s ]

[ 2017-03-17T01:30:44+08:00 ] 183.232.228.28 /Admin.php/System/Verify.html
INFO: [ app_init ] --START--
INFO: Run Behavior\BuildLiteBehavior [ RunTime:0.000023s ]
INFO: [ app_init ] --END-- [ RunTime:0.044489s ]
INFO: [ app_begin ] --START--
INFO: Run Behavior\ReadHtmlCacheBehavior [ RunTime:0.012668s ]
INFO: [ app_begin ] --END-- [ RunTime:0.012782s ]
INFO: [ app_end ] --START--
INFO: Run Behavior\ShowPageTraceBehavior [ RunTime:0.045730s ]
INFO: [ app_end ] --END-- [ RunTime:0.045831s ]

[ 2017-03-17T01:31:44+08:00 ] 183.232.228.28 /Admin.php/System/Login.html
INFO: [ app_init ] --START--
INFO: Run Behavior\BuildLiteBehavior [ RunTime:0.000019s ]
INFO: [ app_init ] --END-- [ RunTime:0.000505s ]
INFO: [ app_begin ] --START--
INFO: Run Behavior\ReadHtmlCacheBehavior [ RunTime:0.000426s ]
INFO: [ app_begin ] --END-- [ RunTime:0.045533s ]
SQL: SHOW COLUMNS FROM `bk_admin` [ RunTime:0.0267s ]
NOTIC: [8] Undefined index: validate /web/www/blog/tp3/ThinkPHP/Library/Think/Model.class.php 第 1185 行.
NOTIC: [8] Undefined index: auto /web/www/blog/tp3/ThinkPHP/Library/Think/Model.class.php 第 1128 行.
SQL: SELECT * FROM `bk_admin` WHERE `name` = 'admin' LIMIT 1   [ RunTime:0.0263s ]
INFO: [ view_parse ] --START--
INFO: [ template_filter ] --START--
INFO: Run Behavior\ContentReplaceBehavior [ RunTime:0.000053s ]
INFO: [ template_filter ] --END-- [ RunTime:0.000125s ]
INFO: Run Behavior\ParseTemplateBehavior [ RunTime:0.154482s ]
INFO: [ view_parse ] --END-- [ RunTime:0.154516s ]
INFO: [ view_filter ] --START--
INFO: Run Behavior\WriteHtmlCacheBehavior [ RunTime:0.047318s ]
INFO: [ view_filter ] --END-- [ RunTime:0.047378s ]

[ 2017-03-17T01:31:49+08:00 ] 183.232.228.28 /Admin.php/System/Login.html
INFO: [ app_init ] --START--
INFO: Run Behavior\BuildLiteBehavior [ RunTime:0.000021s ]
INFO: [ app_init ] --END-- [ RunTime:0.054389s ]
INFO: [ app_begin ] --START--
INFO: Run Behavior\ReadHtmlCacheBehavior [ RunTime:0.045606s ]
INFO: [ app_begin ] --END-- [ RunTime:0.045683s ]
INFO: [ view_parse ] --START--
INFO: [ template_filter ] --START--
INFO: Run Behavior\ContentReplaceBehavior [ RunTime:0.000062s ]
INFO: [ template_filter ] --END-- [ RunTime:0.000128s ]
INFO: Run Behavior\ParseTemplateBehavior [ RunTime:0.281686s ]
INFO: [ view_parse ] --END-- [ RunTime:0.281745s ]
INFO: [ view_filter ] --START--
INFO: Run Behavior\WriteHtmlCacheBehavior [ RunTime:0.000177s ]
INFO: [ view_filter ] --END-- [ RunTime:0.000204s ]
INFO: [ app_end ] --START--
INFO: Run Behavior\ShowPageTraceBehavior [ RunTime:0.049560s ]
INFO: [ app_end ] --END-- [ RunTime:0.049620s ]

[ 2017-03-17T01:31:49+08:00 ] 183.232.228.28 /Admin.php/System/Verify.html
INFO: [ app_init ] --START--
INFO: Run Behavior\BuildLiteBehavior [ RunTime:0.000021s ]
INFO: [ app_init ] --END-- [ RunTime:0.045465s ]
INFO: [ app_begin ] --START--
INFO: Run Behavior\ReadHtmlCacheBehavior [ RunTime:0.049588s ]
INFO: [ app_begin ] --END-- [ RunTime:0.049658s ]
INFO: [ app_end ] --START--
INFO: Run Behavior\ShowPageTraceBehavior [ RunTime:0.047664s ]
INFO: [ app_end ] --END-- [ RunTime:0.047771s ]

[ 2017-03-17T01:32:29+08:00 ] 183.232.228.28 /Admin.php/System/Login.html
INFO: [ app_init ] --START--
INFO: Run Behavior\BuildLiteBehavior [ RunTime:0.000015s ]
INFO: [ app_init ] --END-- [ RunTime:0.000332s ]
INFO: [ app_begin ] --START--
INFO: Run Behavior\ReadHtmlCacheBehavior [ RunTime:0.000385s ]
INFO: [ app_begin ] --END-- [ RunTime:0.000444s ]
SQL: SHOW COLUMNS FROM `bk_admin` [ RunTime:0.0261s ]
NOTIC: [8] Undefined index: validate /web/www/blog/tp3/ThinkPHP/Library/Think/Model.class.php 第 1185 行.
NOTIC: [8] Undefined index: auto /web/www/blog/tp3/ThinkPHP/Library/Think/Model.class.php 第 1128 行.
SQL: SELECT * FROM `bk_admin` WHERE `name` = 'admin' LIMIT 1   [ RunTime:0.0258s ]
SQL: update bk_admin set last_login_time= '2017-03-17 01:32:28',login_num=login_num+1,login_ip='172.17.112.146' where id=1 [ RunTime:0.0323s ]

[ 2017-03-17T01:32:31+08:00 ] 183.232.228.28 /Admin.php/Index.html
INFO: [ app_init ] --START--
INFO: Run Behavior\BuildLiteBehavior [ RunTime:0.000013s ]
INFO: [ app_init ] --END-- [ RunTime:0.000296s ]
INFO: [ app_begin ] --START--
INFO: Run Behavior\ReadHtmlCacheBehavior [ RunTime:0.000379s ]
INFO: [ app_begin ] --END-- [ RunTime:0.000430s ]
INFO: [ view_parse ] --START--
INFO: [ template_filter ] --START--
INFO: Run Behavior\ContentReplaceBehavior [ RunTime:0.000063s ]
INFO: [ template_filter ] --END-- [ RunTime:0.000118s ]
INFO: Run Behavior\ParseTemplateBehavior [ RunTime:0.300584s ]
INFO: [ view_parse ] --END-- [ RunTime:0.300646s ]
INFO: [ view_filter ] --START--
INFO: Run Behavior\WriteHtmlCacheBehavior [ RunTime:0.000212s ]
INFO: [ view_filter ] --END-- [ RunTime:0.000240s ]
INFO: [ app_end ] --START--
INFO: Run Behavior\ShowPageTraceBehavior [ RunTime:0.047564s ]
INFO: [ app_end ] --END-- [ RunTime:0.047631s ]

[ 2017-03-17T01:32:32+08:00 ] 183.232.228.28 /Admin.php/Index/welcome.html
INFO: [ app_init ] --START--
INFO: Run Behavior\BuildLiteBehavior [ RunTime:0.000014s ]
INFO: [ app_init ] --END-- [ RunTime:0.047413s ]
INFO: [ app_begin ] --START--
INFO: Run Behavior\ReadHtmlCacheBehavior [ RunTime:0.046527s ]
INFO: [ app_begin ] --END-- [ RunTime:0.046587s ]
INFO: [ view_parse ] --START--
INFO: [ template_filter ] --START--
INFO: Run Behavior\ContentReplaceBehavior [ RunTime:0.000067s ]
INFO: [ template_filter ] --END-- [ RunTime:0.000122s ]
NOTIC: [8] Undefined index: USERNAME /web/www/blog/tp3/Application/Runtime/Cache/Admin/69fa43b310489e974c292babf8eca7e7.php 第 108 行.
NOTIC: [8] Undefined index: PATH /web/www/blog/tp3/Application/Runtime/Cache/Admin/69fa43b310489e974c292babf8eca7e7.php 第 136 行.
NOTIC: [8] Undefined index: USERNAME /web/www/blog/tp3/Application/Runtime/Cache/Admin/69fa43b310489e974c292babf8eca7e7.php 第 196 行.
INFO: Run Behavior\ParseTemplateBehavior [ RunTime:0.299882s ]
INFO: [ view_parse ] --END-- [ RunTime:0.299929s ]
INFO: [ view_filter ] --START--
INFO: Run Behavior\WriteHtmlCacheBehavior [ RunTime:0.000152s ]
INFO: [ view_filter ] --END-- [ RunTime:0.000174s ]
INFO: [ app_end ] --START--
INFO: Run Behavior\ShowPageTraceBehavior [ RunTime:0.045532s ]
INFO: [ app_end ] --END-- [ RunTime:0.045586s ]

[ 2017-03-17T01:32:35+08:00 ] 183.232.228.28 /Admin.php/Blog/article.html
INFO: [ app_init ] --START--
INFO: Run Behavior\BuildLiteBehavior [ RunTime:0.000017s ]
INFO: [ app_init ] --END-- [ RunTime:0.000387s ]
INFO: [ app_begin ] --START--
INFO: Run Behavior\ReadHtmlCacheBehavior [ RunTime:0.044481s ]
INFO: [ app_begin ] --END-- [ RunTime:0.044561s ]
SQL: SHOW COLUMNS FROM `bk_article` [ RunTime:0.0251s ]
SQL: SHOW COLUMNS FROM `bk_article` [ RunTime:0.0249s ]
SQL: SELECT COUNT(*) AS tp_count FROM `bk_article` LIMIT 1   [ RunTime:0.0248s ]
SQL: SELECT a.*,c.name,c.english FROM bk_article a left join bk_category c on a.cate_id=c.cate_id  LIMIT 0,10   [ RunTime:0.1485s ]
INFO: [ view_parse ] --START--
INFO: [ template_filter ] --START--
INFO: Run Behavior\ContentReplaceBehavior [ RunTime:0.000088s ]
INFO: [ template_filter ] --END-- [ RunTime:0.000158s ]
INFO: Run Behavior\ParseTemplateBehavior [ RunTime:0.332241s ]
INFO: [ view_parse ] --END-- [ RunTime:0.332302s ]
INFO: [ view_filter ] --START--
INFO: Run Behavior\WriteHtmlCacheBehavior [ RunTime:0.000233s ]
INFO: [ view_filter ] --END-- [ RunTime:0.000268s ]
INFO: [ app_end ] --START--
INFO: Run Behavior\ShowPageTraceBehavior [ RunTime:0.000563s ]
INFO: [ app_end ] --END-- [ RunTime:0.032721s ]

[ 2017-03-17T01:32:38+08:00 ] 183.232.228.28 /Admin.php/Blog/add.html
INFO: [ app_init ] --START--
INFO: Run Behavior\BuildLiteBehavior [ RunTime:0.000024s ]
INFO: [ app_init ] --END-- [ RunTime:0.046849s ]
INFO: [ app_begin ] --START--
INFO: Run Behavior\ReadHtmlCacheBehavior [ RunTime:0.000398s ]
INFO: [ app_begin ] --END-- [ RunTime:0.000455s ]
SQL: SHOW COLUMNS FROM `bk_category` [ RunTime:0.0263s ]
SQL: SELECT * FROM `bk_category`  [ RunTime:0.0261s ]
INFO: [ view_parse ] --START--
INFO: [ template_filter ] --START--
INFO: Run Behavior\ContentReplaceBehavior [ RunTime:0.000069s ]
INFO: [ template_filter ] --END-- [ RunTime:0.000128s ]
INFO: Run Behavior\ParseTemplateBehavior [ RunTime:0.208696s ]
INFO: [ view_parse ] --END-- [ RunTime:0.208766s ]
INFO: [ view_filter ] --START--
INFO: Run Behavior\WriteHtmlCacheBehavior [ RunTime:0.000269s ]
INFO: [ view_filter ] --END-- [ RunTime:0.000306s ]
INFO: [ app_end ] --START--
INFO: Run Behavior\ShowPageTraceBehavior [ RunTime:0.035631s ]
INFO: [ app_end ] --END-- [ RunTime:0.035694s ]

[ 2017-03-17T01:33:17+08:00 ] 183.232.228.28 /Admin.php/Blog/add.html
INFO: [ app_init ] --START--
INFO: Run Behavior\BuildLiteBehavior [ RunTime:0.000024s ]
INFO: [ app_init ] --END-- [ RunTime:0.041542s ]
INFO: [ app_begin ] --START--
INFO: Run Behavior\ReadHtmlCacheBehavior [ RunTime:0.000545s ]
INFO: [ app_begin ] --END-- [ RunTime:0.000601s ]
SQL: SHOW COLUMNS FROM `bk_article` [ RunTime:0.0269s ]
NOTIC: [8] Undefined index: validate /web/www/blog/tp3/ThinkPHP/Library/Think/Model.class.php 第 1185 行.
NOTIC: [8] Undefined index: auto /web/www/blog/tp3/ThinkPHP/Library/Think/Model.class.php 第 1128 行.
SQL: INSERT INTO `bk_article` (`title`,`cate_id`,`introduction`,`content`,`addtime`) VALUES ('细致说明传值与传引用的区别','1','细致说明传值与传引用的区别','&lt;p&gt;&lt;span style=&quot;color: rgb(17, 17, 17); font-family: 宋体, 微软雅黑, Verdana, Helvetica; font-size: 14px; background-color: rgb(255, 255, 255);&quot;&gt;传值：是把实参的值赋值给行参 ，那么对行参的修改，不会影响实参的值&amp;nbsp;&lt;/span&gt;&lt;br style=&quot;color: rgb(17, 17, 17); font-family: 宋体, 微软雅黑, Verdana, Helvetica; font-size: 14px; white-space: normal; background-color: rgb(255, 255, 255);&quot;/&gt;&lt;span style=&quot;color: rgb(17, 17, 17); font-family: 宋体, 微软雅黑, Verdana, Helvetica; font-size: 14px; background-color: rgb(255, 255, 255);&quot;&gt;传引用 ：真正的以地址的方式传递参数传递以后，行参和实参都是同一个对象，只是他们名字不同而已对行参的修改将影响实参的值&amp;nbsp;&lt;/span&gt;&lt;br style=&quot;color: rgb(17, 17, 17); font-family: 宋体, 微软雅黑, Verdana, Helvetica; font-size: 14px; white-space: normal; background-color: rgb(255, 255, 255);&quot;/&gt;&lt;span style=&quot;color: rgb(17, 17, 17); font-family: 宋体, 微软雅黑, Verdana, Helvetica; font-size: 14px; background-color: rgb(255, 255, 255);&quot;&gt;说明：&amp;nbsp;&lt;/span&gt;&lt;br style=&quot;color: rgb(17, 17, 17); font-family: 宋体, 微软雅黑, Verdana, Helvetica; font-size: 14px; white-space: normal; background-color: rgb(255, 255, 255);&quot;/&gt;&lt;span style=&quot;color: rgb(17, 17, 17); font-family: 宋体, 微软雅黑, Verdana, Helvetica; font-size: 14px; background-color: rgb(255, 255, 255);&quot;&gt;传值：根copy是一样的。打个比方，我有一橦房子，我给你建筑材料，你建了一个根我的房子一模一样的房子，你在你的房子做什么事都不会影响到我，我在我的房子里做什么事也不会影响到你，彼此独立。&amp;nbsp;&lt;/span&gt;&lt;br style=&quot;color: rgb(17, 17, 17); font-family: 宋体, 微软雅黑, Verdana, Helvetica; font-size: 14px; white-space: normal; background-color: rgb(255, 255, 255);&quot;/&gt;&lt;span style=&quot;color: rgb(17, 17, 17); font-family: 宋体, 微软雅黑, Verdana, Helvetica; font-size: 14px; background-color: rgb(255, 255, 255);&quot;&gt;传引用：让我想起了上大学时学习C语言的指针了，感觉差不多。打个比方，我有一橦房子，我给你一把钥匙，我们二个都可以进入这个房子，你在房子做什么都会影响到我。&amp;nbsp;&lt;/span&gt;&lt;br style=&quot;color: rgb(17, 17, 17); font-family: 宋体, 微软雅黑, Verdana, Helvetica; font-size: 14px; white-space: normal; background-color: rgb(255, 255, 255);&quot;/&gt;&lt;strong style=&quot;color: rgb(17, 17, 17); font-family: 宋体, 微软雅黑, Verdana, Helvetica; font-size: 14px; white-space: normal; background-color: rgb(255, 255, 255);&quot;&gt;一，php实例&amp;nbsp;&lt;br/&gt;&lt;/strong&gt;&lt;span style=&quot;color: rgb(17, 17, 17); font-family: 宋体, 微软雅黑, Verdana, Helvetica; font-size: 14px; background-color: rgb(255, 255, 255);&quot;&gt;1，传值&amp;nbsp;&lt;/span&gt;&lt;br style=&quot;color: rgb(17, 17, 17); font-family: 宋体, 微软雅黑, Verdana, Helvetica; font-size: 14px; white-space: normal; background-color: rgb(255, 255, 255);&quot;/&gt;&lt;/p&gt;&lt;p&gt;&lt;span style=&quot;float: right; cursor: pointer;&quot;&gt;&lt;span style=&quot;text-decoration:underline;&quot;&gt;.&lt;/span&gt;&lt;/span&gt;代码如下:&lt;/p&gt;&lt;p&gt;&lt;br/&gt;&amp;lt;?php&amp;nbsp;&lt;br/&gt;$param1=1; //定义变量1&amp;nbsp;&lt;br/&gt;$param2=2; //定义变量2&amp;nbsp;&lt;br/&gt;$param2 = $param1; //变量1赋值给变量2&amp;nbsp;&lt;br/&gt;echo $param2; //显示为1&amp;nbsp;&lt;br/&gt;?&amp;gt;&amp;nbsp;&lt;br/&gt;&lt;/p&gt;&lt;p&gt;&lt;br style=&quot;color: rgb(17, 17, 17); font-family: 宋体, 微软雅黑, Verdana, Helvetica; font-size: 14px; white-space: normal; background-color: rgb(255, 255, 255);&quot;/&gt;&lt;span style=&quot;color: rgb(17, 17, 17); font-family: 宋体, 微软雅黑, Verdana, Helvetica; font-size: 14px; background-color: rgb(255, 255, 255);&quot;&gt;2，传引用&amp;nbsp;&lt;/span&gt;&lt;br style=&quot;color: rgb(17, 17, 17); font-family: 宋体, 微软雅黑, Verdana, Helvetica; font-size: 14px; white-space: normal; background-color: rgb(255, 255, 255);&quot;/&gt;&lt;/p&gt;&lt;p&gt;&lt;span style=&quot;float: right; cursor: pointer;&quot;&gt;&lt;span style=&quot;text-decoration:underline;&quot;&gt;.&lt;/span&gt;&lt;/span&gt;代码如下:&lt;/p&gt;&lt;p&gt;&lt;br/&gt;&amp;lt;?php&amp;nbsp;&lt;br/&gt;$param2=1; //定义变量2&amp;nbsp;&lt;br/&gt;$param1 = &amp;amp;$param2; //将变量2的引用传给变量1&amp;nbsp;&lt;br/&gt;echo $param2; //显示为1&amp;nbsp;&lt;br/&gt;$param1 = 2; //把2赋值给变量1&amp;nbsp;&lt;br/&gt;echo $param2; //显示为2&amp;nbsp;&lt;br/&gt;?&amp;gt;&amp;nbsp;&lt;br/&gt;&lt;/p&gt;&lt;p&gt;&lt;br style=&quot;color: rgb(17, 17, 17); font-family: 宋体, 微软雅黑, Verdana, Helvetica; font-size: 14px; white-space: normal; background-color: rgb(255, 255, 255);&quot;/&gt;&lt;span style=&quot;color: rgb(17, 17, 17); font-family: 宋体, 微软雅黑, Verdana, Helvetica; font-size: 14px; background-color: rgb(255, 255, 255);&quot;&gt;3，函数传值&amp;nbsp;&lt;/span&gt;&lt;br style=&quot;color: rgb(17, 17, 17); font-family: 宋体, 微软雅黑, Verdana, Helvetica; font-size: 14px; white-space: normal; background-color: rgb(255, 255, 255);&quot;/&gt;&lt;/p&gt;&lt;p&gt;&lt;span style=&quot;float: right; cursor: pointer;&quot;&gt;&lt;span style=&quot;text-decoration:underline;&quot;&gt;.&lt;/span&gt;&lt;/span&gt;代码如下:&lt;/p&gt;&lt;p&gt;&lt;br/&gt;&amp;lt;?php&amp;nbsp;&lt;br/&gt;//传值&amp;nbsp;&lt;br/&gt;$param1 = 1; //定义变量1&amp;nbsp;&lt;br/&gt;function add($param2) //传参数&amp;nbsp;&lt;br/&gt;{&amp;nbsp;&lt;br/&gt;$param2=3; //把3赋值给变量2&amp;nbsp;&lt;br/&gt;}&amp;nbsp;&lt;br/&gt;$param3=add($param1); //调用方法add，并将变量1传给变量2&amp;nbsp;&lt;br/&gt;echo &amp;#39;&amp;lt;br&amp;gt;$param1==&amp;#39;.$param1.&amp;#39;&amp;lt;br&amp;gt;&amp;#39;; //显示为$param1==1&amp;nbsp;&lt;br/&gt;echo &amp;#39;&amp;lt;br&amp;gt;$param2==&amp;#39;.$param2.&amp;#39;&amp;lt;br&amp;gt;&amp;#39;; //显示为$param2== 因为$param2是局部变量，所以不能影响全局&amp;nbsp;&lt;br/&gt;echo &amp;#39;&amp;lt;br&amp;gt;$param3==&amp;#39;.$param3.&amp;#39;&amp;lt;br&amp;gt;&amp;#39;; //显示为$param3== 因为add方法没有返回值，所以$param3为空&amp;nbsp;&lt;br/&gt;?&amp;gt;&amp;nbsp;&lt;br/&gt;&lt;/p&gt;&lt;p&gt;&lt;br style=&quot;color: rgb(17, 17, 17); font-family: 宋体, 微软雅黑, Verdana, Helvetica; font-size: 14px; white-space: normal; background-color: rgb(255, 255, 255);&quot;/&gt;&lt;span style=&quot;color: rgb(17, 17, 17); font-family: 宋体, 微软雅黑, Verdana, Helvetica; font-size: 14px; background-color: rgb(255, 255, 255);&quot;&gt;4，函数传引用&amp;nbsp;&lt;/span&gt;&lt;br style=&quot;color: rgb(17, 17, 17); font-family: 宋体, 微软雅黑, Verdana, Helvetica; font-size: 14px; white-space: normal; background-color: rgb(255, 255, 255);&quot;/&gt;&lt;/p&gt;&lt;p&gt;&lt;span style=&quot;float: right; cursor: pointer;&quot;&gt;&lt;span style=&quot;text-decoration:underline;&quot;&gt;.&lt;/span&gt;&lt;/span&gt;代码如下:&lt;/p&gt;&lt;p&gt;&lt;br/&gt;&amp;lt;?php&amp;nbsp;&lt;br/&gt;//传值&amp;nbsp;&lt;br/&gt;$param1 = 1; //定义变量1&amp;nbsp;&lt;br/&gt;function add(&amp;amp;$param2) //传参数&amp;nbsp;&lt;br/&gt;{&amp;nbsp;&lt;br/&gt;$param2=3; //把3赋值给变量2&amp;nbsp;&lt;br/&gt;// return $param2; //返回变量2&amp;nbsp;&lt;br/&gt;}&amp;nbsp;&lt;br/&gt;echo &amp;#39;&amp;lt;br&amp;gt;$param1==&amp;#39;.$param1.&amp;#39;&amp;lt;br&amp;gt;&amp;#39;; //显示为$param1==1 没对变量1进行操作&amp;nbsp;&lt;br/&gt;$param3=add($param1); //调用方法add，并将变量1的引用传给变量2&amp;nbsp;&lt;br/&gt;echo &amp;#39;&amp;lt;br&amp;gt;$param1==&amp;#39;.$param1.&amp;#39;&amp;lt;br&amp;gt;&amp;#39;; //显示为$param1==3 调用变量过程中，$param2的改变影响变量1，虽然没有return&amp;nbsp;&lt;br/&gt;echo &amp;#39;&amp;lt;br&amp;gt;$param2==&amp;#39;.$param2.&amp;#39;&amp;lt;br&amp;gt;&amp;#39;; //显示为$param2== 因为$param2局部变量，所以不能影响全局&amp;nbsp;&lt;br/&gt;echo &amp;#39;&amp;lt;br&amp;gt;$param3==&amp;#39;.$param3.&amp;#39;&amp;lt;br&amp;gt;&amp;#39;; //显示为$param3== 如果把方法里面的return注释去掉的话就为$param3==3&amp;nbsp;&lt;br/&gt;?&amp;gt;&amp;nbsp;&lt;br/&gt;&lt;/p&gt;&lt;p&gt;&lt;br style=&quot;color: rgb(17, 17, 17); font-family: 宋体, 微软雅黑, Verdana, Helvetica; font-size: 14px; white-space: normal; background-color: rgb(255, 255, 255);&quot;/&gt;&lt;span style=&quot;color: rgb(17, 17, 17); font-family: 宋体, 微软雅黑, Verdana, Helvetica; font-size: 14px; background-color: rgb(255, 255, 255);&quot;&gt;5，函数传引用2&amp;nbsp;&lt;/span&gt;&lt;br style=&quot;color: rgb(17, 17, 17); font-family: 宋体, 微软雅黑, Verdana, Helvetica; font-size: 14px; white-space: normal; background-color: rgb(255, 255, 255);&quot;/&gt;&lt;/p&gt;&lt;p&gt;&lt;span style=&quot;float: right; cursor: pointer;&quot;&gt;&lt;span style=&quot;text-decoration:underline;&quot;&gt;.&lt;/span&gt;&lt;/span&gt;代码如下:&lt;/p&gt;&lt;p&gt;&lt;br/&gt;&amp;lt;?php&amp;nbsp;&lt;br/&gt;//传引用&amp;nbsp;&lt;br/&gt;$param1 = 1;&amp;nbsp;&lt;br/&gt;function &amp;amp;add(&amp;amp;$param2)&amp;nbsp;&lt;br/&gt;{&amp;nbsp;&lt;br/&gt;$param2 = 2;&amp;nbsp;&lt;br/&gt;return $param2;&amp;nbsp;&lt;br/&gt;}&amp;nbsp;&lt;br/&gt;$param3=&amp;amp;add($param1);&amp;nbsp;&lt;br/&gt;$param4=add($param1);&amp;nbsp;&lt;br/&gt;echo &amp;#39;&amp;lt;br&amp;gt;$param3==&amp;#39;.$param3.&amp;#39;&amp;lt;br&amp;gt;&amp;#39;; //显示为$param3==2&amp;nbsp;&lt;br/&gt;echo &amp;#39;&amp;lt;br&amp;gt;$param4==&amp;#39;.$param4.&amp;#39;&amp;lt;br&amp;gt;&amp;#39;; //显示为$param4==2&amp;nbsp;&lt;br/&gt;echo &amp;#39;&amp;lt;br&amp;gt;$param1==&amp;#39;.$param1.&amp;#39;&amp;lt;br&amp;gt;&amp;#39;; //显示为$param1==2 调用变量过程中，$param2的改变影响变量1&amp;nbsp;&lt;br/&gt;$param3++;&amp;nbsp;&lt;br/&gt;/*下面显示为$param1==3，这是因为$param2和$param1引用到同一个地方，&amp;nbsp;&lt;br/&gt;* 返回值前面加了地址符号还是一个引用$param3=&amp;amp;add($param1);&amp;nbsp;&lt;br/&gt;* 这样$param3,$param2和$param1引用到同一个地方，当$param3++;时，&amp;nbsp;&lt;br/&gt;* $param1会被改变*/&amp;nbsp;&lt;br/&gt;echo &amp;#39;&amp;lt;br&amp;gt;$param1==&amp;#39;.$param1.&amp;#39;&amp;lt;br&amp;gt;&amp;#39;;&amp;nbsp;&lt;br/&gt;$param4++;&amp;nbsp;&lt;br/&gt;/* 下面显示为$param1==3,这里为什么是3而不是4呢，这是因为返回值前面没有&amp;nbsp;&lt;br/&gt;* 地址符号，它不是一个引用所以当$param4改变时不会影响$param1*/&amp;nbsp;&lt;br/&gt;echo &amp;#39;&amp;lt;br&amp;gt;$param1==&amp;#39;.$param1.&amp;#39;&amp;lt;br&amp;gt;&amp;#39;;&amp;nbsp;&lt;br/&gt;?&amp;gt;&amp;nbsp;&lt;/p&gt;&lt;p&gt;&lt;br/&gt;&lt;/p&gt;','1489685597') [ RunTime:0.0497s ]
INFO: [ view_parse ] --START--
INFO: [ template_filter ] --START--
INFO: Run Behavior\ContentReplaceBehavior [ RunTime:0.000036s ]
INFO: [ template_filter ] --END-- [ RunTime:0.000102s ]
INFO: Run Behavior\ParseTemplateBehavior [ RunTime:0.127685s ]
INFO: [ view_parse ] --END-- [ RunTime:0.127751s ]
INFO: [ view_filter ] --START--
INFO: Run Behavior\WriteHtmlCacheBehavior [ RunTime:0.000173s ]
INFO: [ view_filter ] --END-- [ RunTime:0.000203s ]
SQL: SHOW COLUMNS FROM `bk_category` [ RunTime:0.0462s ]
SQL: SELECT * FROM `bk_category`  [ RunTime:0.0272s ]
INFO: [ view_parse ] --START--
INFO: [ template_filter ] --START--
INFO: Run Behavior\ContentReplaceBehavior [ RunTime:0.000073s ]
INFO: [ template_filter ] --END-- [ RunTime:-0.188708s ]
INFO: Run Behavior\ParseTemplateBehavior [ RunTime:0.114719s ]
INFO: [ view_parse ] --END-- [ RunTime:-0.074211s ]
INFO: [ view_filter ] --START--
INFO: Run Behavior\WriteHtmlCacheBehavior [ RunTime:0.000011s ]
INFO: [ view_filter ] --END-- [ RunTime:-0.188770s ]
INFO: [ app_end ] --START--
INFO: Run Behavior\ShowPageTraceBehavior [ RunTime:0.000574s ]
INFO: [ app_end ] --END-- [ RunTime:0.000654s ]

[ 2017-03-17T01:33:20+08:00 ] 183.232.228.28 /Admin.php/Blog/add.html
INFO: [ app_init ] --START--
INFO: Run Behavior\BuildLiteBehavior [ RunTime:0.000018s ]
INFO: [ app_init ] --END-- [ RunTime:0.000480s ]
INFO: [ app_begin ] --START--
INFO: Run Behavior\ReadHtmlCacheBehavior [ RunTime:0.000501s ]
INFO: [ app_begin ] --END-- [ RunTime:0.000553s ]
SQL: SHOW COLUMNS FROM `bk_category` [ RunTime:0.0260s ]
SQL: SELECT * FROM `bk_category`  [ RunTime:0.0256s ]
INFO: [ view_parse ] --START--
INFO: [ template_filter ] --START--
INFO: Run Behavior\ContentReplaceBehavior [ RunTime:0.000080s ]
INFO: [ template_filter ] --END-- [ RunTime:0.000156s ]
INFO: Run Behavior\ParseTemplateBehavior [ RunTime:0.250863s ]
INFO: [ view_parse ] --END-- [ RunTime:0.250921s ]
INFO: [ view_filter ] --START--
INFO: Run Behavior\WriteHtmlCacheBehavior [ RunTime:0.000153s ]
INFO: [ view_filter ] --END-- [ RunTime:0.000176s ]
INFO: [ app_end ] --START--
INFO: Run Behavior\ShowPageTraceBehavior [ RunTime:0.047638s ]
INFO: [ app_end ] --END-- [ RunTime:0.047707s ]

